#
# A fatal error has been detected by the Java Runtime Environment:
#
#  SIGSEGV (0xb) at pc=0x000000012922de47, pid=62745, tid=50183
#
# JRE version: Java(TM) SE Runtime Environment (8.0_45-b14) (build 1.8.0_45-b14)
# Java VM: Java HotSpot(TM) 64-Bit Server VM (25.45-b02 mixed mode bsd-amd64 compressed oops)
# Problematic frame:
# C  [libawt_lwawt.dylib+0x1ae47]  OGLSD_SetScratchSurface+0x49
#
# Failed to write core dump. Core dumps have been disabled. To enable core dumping, try "ulimit -c unlimited" before starting Java again
#
# If you would like to submit a bug report, please visit:
#   http://bugreport.java.com/bugreport/crash.jsp
# The crash happened outside the Java Virtual Machine in native code.
# See problematic frame for where to report the bug.
#

---------------  T H R E A D  ---------------

Current thread (0x00007fc0d907d000):  JavaThread "Java2D Queue Flusher" daemon [_thread_in_native, id=50183, stack(0x000000012d56b000,0x000000012d66b000)]

siginfo: si_signo: 11 (SIGSEGV), si_code: 1 (SEGV_MAPERR), si_addr: 0x0000000000000002

Registers:
RAX=0x00000000ffffffff, RBX=0x0000000000000002, RCX=0x0000000000000047, RDX=0x000000012924e7ac
RSP=0x000000012d66a730, RBP=0x000000012d66a750, RSI=0x00007fc0d8e4d460, RDI=0x00007fc0d907d1f8
R8 =0x0000000000000cca, R9 =0x0000000000000060, R10=0x00000001072a9db8, R11=0x00000001072f9a40
R12=0x0000000000000000, R13=0x000000012d66a8e8, R14=0x00007fc0d907d1f8, R15=0x00007fc0d907d000
RIP=0x000000012922de47, EFLAGS=0x0000000000010202, ERR=0x0000000000000004
  TRAPNO=0x000000000000000e

Top of Stack: (sp=0x000000012d66a730)
0x000000012d66a730:   00007fc0d8e4d460 0000000000000000
0x000000012d66a740:   00007fc0da129a10 00007fc0d907d000
0x000000012d66a750:   000000012d66a7d0 000000012924e28a
0x000000012d66a760:   00007fc0d8c5aa00 0000000200000001
0x000000012d66a770:   0000000000000000 000000012d66a800
0x000000012d66a780:   0000000000000000 0000000000000000
0x000000012d66a790:   000000012d66a7d0 00007fc0da129a20
0x000000012d66a7a0:   00000000005bad10 00007fc0d907d1f8
0x000000012d66a7b0:   000000013b08be00 0000000000000000
0x000000012d66a7c0:   000000012d66a968 00007fc0d907d000
0x000000012d66a7d0:   000000012d66a820 00000001072a9e2a
0x000000012d66a7e0:   00000007460237a0 00000001064c3a58
0x000000012d66a7f0:   0000000000000064 0000000000000000
0x000000012d66a800:   0000000000000064 00007fc0d8c5a118
0x000000012d66a810:   000000012d66a870 00000001062e5b83
0x000000012d66a820:   000000012d66a940 00000001077c40fc
0x000000012d66a830:   0000000000000001 00007fc0d8c5b1a0
0x000000012d66a840:   0000000746023800 00007fc0d907d000
0x000000012d66a850:   00007fc0d907d000 000000012510aa08
0x000000012d66a860:   000000012d66a968 00007fc0d907d000
0x000000012d66a870:   000000012d66a8c0 00000001076102e8
0x000000012d66a880:   00000007460237a0 00000001075525e6
0x000000012d66a890:   000000012d66a940 00000001072f9a9c
0x000000012d66a8a0:   ffffffffffffffff 0000000125508ae8
0x000000012d66a8b0:   000000012ec22048 0000000000000000
0x000000012d66a8c0:   000000012d66a940 0000000107075c4d
0x000000012d66a8d0:   000000012d66a940 0000000107075c4d
0x000000012d66a8e0:   0000000107075c4d 00000007460237a0
0x000000012d66a8f0:   0000000000000001 0000000746023878
0x000000012d66a900:   000000012d66a8f0 00000001255bac09
0x000000012d66a910:   000000012d66a968 000000012560cd38
0x000000012d66a920:   0000000000000000 00000001255bad10 

Instructions: (pc=0x000000012922de47)
0x000000012922de27:   c0 e9 82 00 00 00 48 8b 5e 10 48 85 db 75 0e bf
0x000000012922de37:   01 00 00 00 48 8d 15 a4 76 03 00 eb d6 49 89 fe
0x000000012922de47:   4c 8b 3b 30 c0 e8 5f a3 02 00 49 8b 3f 49 89 c4
0x000000012922de57:   48 8b 35 ca f6 05 00 30 c0 e8 a1 a4 02 00 48 85 

Register to memory mapping:

RAX=0x00000000ffffffff is an unknown value
RBX=0x0000000000000002 is an unknown value
RCX=0x0000000000000047 is an unknown value
RDX=0x000000012924e7ac: Java_sun_java2d_opengl_OGLRenderQueue_flushBuffer+0xb5c in /Library/Java/JavaVirtualMachines/jdk1.8.0_45.jdk/Contents/Home/jre/lib/libawt_lwawt.dylib at 0x0000000129213000
RSP=0x000000012d66a730 is pointing into the stack for thread: 0x00007fc0d907d000
RBP=0x000000012d66a750 is pointing into the stack for thread: 0x00007fc0d907d000
RSI=0x00007fc0d8e4d460 is an unknown value
RDI=0x00007fc0d907d1f8 is an unknown value
R8 =0x0000000000000cca is an unknown value
R9 =0x0000000000000060 is an unknown value
R10=0x00000001072a9db8 is at entry_point+56 in (nmethod*)0x00000001072a9c10
R11=0x00000001072f9a40 is at entry_point+0 in (nmethod*)0x00000001072f98d0
R12=0x0000000000000000 is an unknown value
R13=0x000000012d66a8e8 is pointing into the stack for thread: 0x00007fc0d907d000
R14=0x00007fc0d907d1f8 is an unknown value
R15=0x00007fc0d907d000 is a thread


Stack: [0x000000012d56b000,0x000000012d66b000],  sp=0x000000012d66a730,  free space=1021k
Native frames: (J=compiled Java code, j=interpreted, Vv=VM code, C=native code)
C  [libawt_lwawt.dylib+0x1ae47]  OGLSD_SetScratchSurface+0x49
C  [libawt_lwawt.dylib+0x3b28a]  Java_sun_java2d_opengl_OGLRenderQueue_flushBuffer+0x63a
J 2780  sun.java2d.opengl.OGLRenderQueue.flushBuffer(JI)V (0 bytes) @ 0x00000001072a9e2a [0x00000001072a9d80+0xaa]
J 2750 C1 sun.java2d.opengl.OGLRenderQueue.flushBuffer()V (41 bytes) @ 0x00000001077c40fc [0x00000001077c3ea0+0x25c]
J 2749 C1 sun.java2d.opengl.OGLRenderQueue.access$100(Lsun/java2d/opengl/OGLRenderQueue;)V (5 bytes) @ 0x00000001072f9a9c [0x00000001072f9a40+0x5c]
j  sun.java2d.opengl.OGLRenderQueue$QueueFlusher.run()V+81
v  ~StubRoutines::call_stub
V  [libjvm.dylib+0x2e032a]
V  [libjvm.dylib+0x2e0ab8]
V  [libjvm.dylib+0x2e0c64]
V  [libjvm.dylib+0x3331a5]
V  [libjvm.dylib+0x549acf]
V  [libjvm.dylib+0x54b1c0]
V  [libjvm.dylib+0x46ea7e]
C  [libsystem_pthread.dylib+0x405a]  _pthread_body+0x83
C  [libsystem_pthread.dylib+0x3fd7]  _pthread_body+0x0
C  [libsystem_pthread.dylib+0x13ed]  thread_start+0xd
C  0x0000000000000000

Java frames: (J=compiled Java code, j=interpreted, Vv=VM code)
J 2780  sun.java2d.opengl.OGLRenderQueue.flushBuffer(JI)V (0 bytes) @ 0x00000001072a9db8 [0x00000001072a9d80+0x38]
J 2750 C1 sun.java2d.opengl.OGLRenderQueue.flushBuffer()V (41 bytes) @ 0x00000001077c40fc [0x00000001077c3ea0+0x25c]
J 2749 C1 sun.java2d.opengl.OGLRenderQueue.access$100(Lsun/java2d/opengl/OGLRenderQueue;)V (5 bytes) @ 0x00000001072f9a9c [0x00000001072f9a40+0x5c]
j  sun.java2d.opengl.OGLRenderQueue$QueueFlusher.run()V+81
v  ~StubRoutines::call_stub

---------------  P R O C E S S  ---------------

Java Threads: ( => current thread )
  0x00007fc0e0491800 JavaThread "Keep-Alive-Timer" daemon [_thread_blocked, id=53943, stack(0x00000001463d8000,0x00000001464d8000)]
  0x00007fc0da117000 JavaThread "Count-down Thread" [_thread_blocked, id=63275, stack(0x000000013b489000,0x000000013b589000)]
  0x00007fc0da3e5000 JavaThread "AutoWatchThread-1" [_thread_in_native, id=59947, stack(0x000000013ac15000,0x000000013ad15000)]
  0x00007fc0d9c7c000 JavaThread "Visitor Count Thread" [_thread_blocked, id=63131, stack(0x000000013b286000,0x000000013b386000)]
  0x00007fc0d9c2e000 JavaThread "TimerQueue" daemon [_thread_blocked, id=60619, stack(0x000000013a075000,0x000000013a175000)]
  0x00007fc0da802000 JavaThread "DestroyJavaVM" [_thread_blocked, id=3331, stack(0x0000000106f16000,0x0000000107016000)]
  0x00007fc0da31f800 JavaThread "Timer-0" daemon [_thread_blocked, id=57119, stack(0x000000013496f000,0x0000000134a6f000)]
  0x00007fc0d995b000 JavaThread "Print Thread" [_thread_blocked, id=51975, stack(0x000000012ed86000,0x000000012ee86000)]
  0x00007fc0da944800 JavaThread "Java2D Disposer" daemon [_thread_blocked, id=51211, stack(0x000000012e391000,0x000000012e491000)]
=>0x00007fc0d907d000 JavaThread "Java2D Queue Flusher" daemon [_thread_in_native, id=50183, stack(0x000000012d56b000,0x000000012d66b000)]
  0x00007fc0d98ca800 JavaThread "AWT-Shutdown" [_thread_blocked, id=28707, stack(0x000000012ab4a000,0x000000012ac4a000)]
  0x00007fc0d904f000 JavaThread "AppKit Thread" daemon [_thread_in_native, id=1299, stack(0x00007fff59553000,0x00007fff59d53000)]
  0x00007fc0d904e000 JavaThread "Monitor Ctrl-Break" daemon [_thread_in_native, id=19203, stack(0x0000000128f3e000,0x000000012903e000)]
  0x00007fc0d9020000 JavaThread "Service Thread" daemon [_thread_blocked, id=18179, stack(0x0000000128bd1000,0x0000000128cd1000)]
  0x00007fc0d903b000 JavaThread "C1 CompilerThread2" daemon [_thread_blocked, id=17667, stack(0x0000000128ace000,0x0000000128bce000)]
  0x00007fc0da822000 JavaThread "C2 CompilerThread1" daemon [_thread_blocked, id=17155, stack(0x00000001289cb000,0x0000000128acb000)]
  0x00007fc0d9818000 JavaThread "C2 CompilerThread0" daemon [_thread_blocked, id=16643, stack(0x00000001288c8000,0x00000001289c8000)]
  0x00007fc0d981b000 JavaThread "Signal Dispatcher" daemon [_thread_blocked, id=12567, stack(0x00000001287c5000,0x00000001288c5000)]
  0x00007fc0d9800800 JavaThread "Finalizer" daemon [_thread_blocked, id=11011, stack(0x0000000126db7000,0x0000000126eb7000)]
  0x00007fc0da034000 JavaThread "Reference Handler" daemon [_thread_blocked, id=10499, stack(0x0000000126cb4000,0x0000000126db4000)]

Other Threads:
  0x00007fc0da031000 VMThread [stack: 0x0000000126bb1000,0x0000000126cb1000] [id=9987]
  0x00007fc0da820800 WatcherThread [stack: 0x0000000128cd4000,0x0000000128dd4000] [id=18691]

VM state:not at safepoint (normal execution)

VM Mutex/Monitor currently owned by a thread: None

Heap:
 PSYoungGen      total 112640K, used 17833K [0x0000000740000000, 0x0000000748100000, 0x00000007c0000000)
  eden space 96256K, 1% used [0x0000000740000000,0x00000007401c4210,0x0000000745e00000)
  from space 16384K, 97% used [0x0000000746000000,0x0000000746fa6218,0x0000000747000000)
  to   space 17408K, 0% used [0x0000000747000000,0x0000000747000000,0x0000000748100000)
 ParOldGen       total 262144K, used 72K [0x0000000640000000, 0x0000000650000000, 0x0000000740000000)
  object space 262144K, 0% used [0x0000000640000000,0x0000000640012000,0x0000000650000000)
 Metaspace       used 20451K, capacity 20810K, committed 20992K, reserved 1067008K
  class space    used 2384K, capacity 2503K, committed 2560K, reserved 1048576K

Card table byte_map: [0x0000000116e00000,0x0000000117a01000] byte_map_base: 0x0000000113c00000

Marking Bits: (ParMarkBitMap*) 0x000000010686e7a0
 Begin Bits: [0x000000011850a000, 0x000000011e50a000)
 End Bits:   [0x000000011e50a000, 0x000000012450a000)

Polling page: 0x000000010705b000

CodeCache: size=245760Kb used=11812Kb max_used=11823Kb free=233947Kb
 bounds [0x000000010706e000, 0x0000000107c0e000, 0x000000011606e000]
 total_blobs=4094 nmethods=3509 adapters=496
 compilation: enabled

Compilation events (10 events):
Event: 2695.534 Thread 0x00007fc0d903b000 4137       3       java.security.AlgorithmParameters::getParameterSpec (26 bytes)
Event: 2695.534 Thread 0x00007fc0d903b000 nmethod 4137 0x0000000107794c50 code [0x0000000107794de0, 0x00000001077950f8]
Event: 2696.133 Thread 0x00007fc0d903b000 4138  s!   3       java.lang.Thread::start (71 bytes)
Event: 2696.144 Thread 0x00007fc0d903b000 nmethod 4138 0x0000000107bfbf90 code [0x0000000107bfc160, 0x0000000107bfc858]
Event: 2696.144 Thread 0x00007fc0d9818000 4139  s    4       sun.java2d.opengl.OGLRenderQueue::getInstance (20 bytes)
Event: 2696.144 Thread 0x00007fc0d903b000 4140       3       sun.net.www.protocol.https.HttpsURLConnectionImpl::finalize (8 bytes)
Event: 2696.145 Thread 0x00007fc0d903b000 nmethod 4140 0x000000010789c610 code [0x000000010789c780, 0x000000010789c9b0]
Event: 2696.145 Thread 0x00007fc0d903b000 4141       3       sun.net.www.protocol.https.DelegateHttpsURLConnection::dispose (5 bytes)
Event: 2696.145 Thread 0x00007fc0d903b000 nmethod 4141 0x0000000107bfbbd0 code [0x0000000107bfbd40, 0x0000000107bfbef0]
Event: 2696.145 Thread 0x00007fc0d9818000 nmethod 4139 0x0000000107bfb6d0 code [0x0000000107bfb820, 0x0000000107bfba78]

GC Heap History (10 events):
Event: 77.167 GC heap before
{Heap before GC invocations=1 (full 0):
 PSYoungGen      total 114688K, used 98304K [0x0000000740000000, 0x0000000748000000, 0x00000007c0000000)
  eden space 98304K, 100% used [0x0000000740000000,0x0000000746000000,0x0000000746000000)
  from space 16384K, 0% used [0x0000000747000000,0x0000000747000000,0x0000000748000000)
  to   space 16384K, 0% used [0x0000000746000000,0x0000000746000000,0x0000000747000000)
 ParOldGen       total 262144K, used 0K [0x0000000640000000, 0x0000000650000000, 0x0000000740000000)
  object space 262144K, 0% used [0x0000000640000000,0x0000000640000000,0x0000000650000000)
 Metaspace       used 19668K, capacity 20024K, committed 20224K, reserved 1067008K
  class space    used 2382K, capacity 2500K, committed 2560K, reserved 1048576K
Event: 77.179 GC heap after
Heap after GC invocations=1 (full 0):
 PSYoungGen      total 114688K, used 11233K [0x0000000740000000, 0x0000000748000000, 0x00000007c0000000)
  eden space 98304K, 0% used [0x0000000740000000,0x0000000740000000,0x0000000746000000)
  from space 16384K, 68% used [0x0000000746000000,0x0000000746af8570,0x0000000747000000)
  to   space 16384K, 0% used [0x0000000747000000,0x0000000747000000,0x0000000748000000)
 ParOldGen       total 262144K, used 40K [0x0000000640000000, 0x0000000650000000, 0x0000000740000000)
  object space 262144K, 0% used [0x0000000640000000,0x000000064000a000,0x0000000650000000)
 Metaspace       used 19668K, capacity 20024K, committed 20224K, reserved 1067008K
  class space    used 2382K, capacity 2500K, committed 2560K, reserved 1048576K
}
Event: 682.880 GC heap before
{Heap before GC invocations=2 (full 0):
 PSYoungGen      total 114688K, used 109537K [0x0000000740000000, 0x0000000748000000, 0x00000007c0000000)
  eden space 98304K, 100% used [0x0000000740000000,0x0000000746000000,0x0000000746000000)
  from space 16384K, 68% used [0x0000000746000000,0x0000000746af8570,0x0000000747000000)
  to   space 16384K, 0% used [0x0000000747000000,0x0000000747000000,0x0000000748000000)
 ParOldGen       total 262144K, used 40K [0x0000000640000000, 0x0000000650000000, 0x0000000740000000)
  object space 262144K, 0% used [0x0000000640000000,0x000000064000a000,0x0000000650000000)
 Metaspace       used 20038K, capacity 20426K, committed 20736K, reserved 1067008K
  class space    used 2383K, capacity 2503K, committed 2560K, reserved 1048576K
Event: 682.896 GC heap after
Heap after GC invocations=2 (full 0):
 PSYoungGen      total 114688K, used 13897K [0x0000000740000000, 0x0000000748000000, 0x00000007c0000000)
  eden space 98304K, 0% used [0x0000000740000000,0x0000000740000000,0x0000000746000000)
  from space 16384K, 84% used [0x0000000747000000,0x0000000747d92400,0x0000000748000000)
  to   space 16384K, 0% used [0x0000000746000000,0x0000000746000000,0x0000000747000000)
 ParOldGen       total 262144K, used 48K [0x0000000640000000, 0x0000000650000000, 0x0000000740000000)
  object space 262144K, 0% used [0x0000000640000000,0x000000064000c000,0x0000000650000000)
 Metaspace       used 20038K, capacity 20426K, committed 20736K, reserved 1067008K
  class space    used 2383K, capacity 2503K, committed 2560K, reserved 1048576K
}
Event: 1292.481 GC heap before
{Heap before GC invocations=3 (full 0):
 PSYoungGen      total 114688K, used 112045K [0x0000000740000000, 0x0000000748000000, 0x00000007c0000000)
  eden space 98304K, 99% used [0x0000000740000000,0x0000000745fd91e0,0x0000000746000000)
  from space 16384K, 84% used [0x0000000747000000,0x0000000747d92400,0x0000000748000000)
  to   space 16384K, 0% used [0x0000000746000000,0x0000000746000000,0x0000000747000000)
 ParOldGen       total 262144K, used 48K [0x0000000640000000, 0x0000000650000000, 0x0000000740000000)
  object space 262144K, 0% used [0x0000000640000000,0x000000064000c000,0x0000000650000000)
 Metaspace       used 20187K, capacity 20554K, committed 20736K, reserved 1067008K
  class space    used 2384K, capacity 2503K, committed 2560K, reserved 1048576K
Event: 1292.491 GC heap after
Heap after GC invocations=3 (full 0):
 PSYoungGen      total 114688K, used 14273K [0x0000000740000000, 0x0000000748000000, 0x00000007c0000000)
  eden space 98304K, 0% used [0x0000000740000000,0x0000000740000000,0x0000000746000000)
  from space 16384K, 87% used [0x0000000746000000,0x0000000746df04d8,0x0000000747000000)
  to   space 16384K, 0% used [0x0000000747000000,0x0000000747000000,0x0000000748000000)
 ParOldGen       total 262144K, used 56K [0x0000000640000000, 0x0000000650000000, 0x0000000740000000)
  object space 262144K, 0% used [0x0000000640000000,0x000000064000e000,0x0000000650000000)
 Metaspace       used 20187K, capacity 20554K, committed 20736K, reserved 1067008K
  class space    used 2384K, capacity 2503K, committed 2560K, reserved 1048576K
}
Event: 2021.221 GC heap before
{Heap before GC invocations=4 (full 0):
 PSYoungGen      total 114688K, used 112577K [0x0000000740000000, 0x0000000748000000, 0x00000007c0000000)
  eden space 98304K, 100% used [0x0000000740000000,0x0000000746000000,0x0000000746000000)
  from space 16384K, 87% used [0x0000000746000000,0x0000000746df04d8,0x0000000747000000)
  to   space 16384K, 0% used [0x0000000747000000,0x0000000747000000,0x0000000748000000)
 ParOldGen       total 262144K, used 56K [0x0000000640000000, 0x0000000650000000, 0x0000000740000000)
  object space 262144K, 0% used [0x0000000640000000,0x000000064000e000,0x0000000650000000)
 Metaspace       used 20280K, capacity 20618K, committed 20992K, reserved 1067008K
  class space    used 2384K, capacity 2503K, committed 2560K, reserved 1048576K
Event: 2021.230 GC heap after
Heap after GC invocations=4 (full 0):
 PSYoungGen      total 114688K, used 14941K [0x0000000740000000, 0x0000000748000000, 0x00000007c0000000)
  eden space 98304K, 0% used [0x0000000740000000,0x0000000740000000,0x0000000746000000)
  from space 16384K, 91% used [0x0000000747000000,0x0000000747e97748,0x0000000748000000)
  to   space 16384K, 0% used [0x0000000746000000,0x0000000746000000,0x0000000747000000)
 ParOldGen       total 262144K, used 64K [0x0000000640000000, 0x0000000650000000, 0x0000000740000000)
  object space 262144K, 0% used [0x0000000640000000,0x0000000640010000,0x0000000650000000)
 Metaspace       used 20280K, capacity 20618K, committed 20992K, reserved 1067008K
  class space    used 2384K, capacity 2503K, committed 2560K, reserved 1048576K
}
Event: 2696.133 GC heap before
{Heap before GC invocations=5 (full 0):
 PSYoungGen      total 114688K, used 113245K [0x0000000740000000, 0x0000000748000000, 0x00000007c0000000)
  eden space 98304K, 100% used [0x0000000740000000,0x0000000746000000,0x0000000746000000)
  from space 16384K, 91% used [0x0000000747000000,0x0000000747e97748,0x0000000748000000)
  to   space 16384K, 0% used [0x0000000746000000,0x0000000746000000,0x0000000747000000)
 ParOldGen       total 262144K, used 64K [0x0000000640000000, 0x0000000650000000, 0x0000000740000000)
  object space 262144K, 0% used [0x0000000640000000,0x0000000640010000,0x0000000650000000)
 Metaspace       used 20450K, capacity 20810K, committed 20992K, reserved 1067008K
  class space    used 2384K, capacity 2503K, committed 2560K, reserved 1048576K
Event: 2696.143 GC heap after
Heap after GC invocations=5 (full 0):
 PSYoungGen      total 112640K, used 16024K [0x0000000740000000, 0x0000000748100000, 0x00000007c0000000)
  eden space 96256K, 0% used [0x0000000740000000,0x0000000740000000,0x0000000745e00000)
  from space 16384K, 97% used [0x0000000746000000,0x0000000746fa6218,0x0000000747000000)
  to   space 17408K, 0% used [0x0000000747000000,0x0000000747000000,0x0000000748100000)
 ParOldGen       total 262144K, used 72K [0x0000000640000000, 0x0000000650000000, 0x0000000740000000)
  object space 262144K, 0% used [0x0000000640000000,0x0000000640012000,0x0000000650000000)
 Metaspace       used 20450K, capacity 20810K, committed 20992K, reserved 1067008K
  class space    used 2384K, capacity 2503K, committed 2560K, reserved 1048576K
}

Deoptimization events (10 events):
Event: 14.372 Thread 0x00007fc0d995b000 Uncommon trap: reason=class_check action=maybe_recompile pc=0x00000001076e01f8 method=java.util.Hashtable.put(Ljava/lang/Object;Ljava/lang/Object;)Ljava/lang/Object; @ 60
Event: 14.372 Thread 0x00007fc0d995b000 Uncommon trap: reason=class_check action=maybe_recompile pc=0x00000001076e01f8 method=java.util.Hashtable.put(Ljava/lang/Object;Ljava/lang/Object;)Ljava/lang/Object; @ 60
Event: 14.372 Thread 0x00007fc0d995b000 Uncommon trap: reason=class_check action=maybe_recompile pc=0x00000001076e01f8 method=java.util.Hashtable.put(Ljava/lang/Object;Ljava/lang/Object;)Ljava/lang/Object; @ 60
Event: 14.372 Thread 0x00007fc0d995b000 Uncommon trap: reason=class_check action=maybe_recompile pc=0x00000001076e01f8 method=java.util.Hashtable.put(Ljava/lang/Object;Ljava/lang/Object;)Ljava/lang/Object; @ 60
Event: 14.870 Thread 0x00007fc0d995b000 Uncommon trap: reason=unstable_if action=reinterpret pc=0x0000000107649618 method=java.awt.Component.updateGraphicsData(Ljava/awt/GraphicsConfiguration;)Z @ 25
Event: 77.973 Thread 0x00007fc0d995b000 Uncommon trap: reason=unstable_if action=reinterpret pc=0x0000000107822ddc method=java.lang.ref.SoftReference.get()Ljava/lang/Object; @ 17
Event: 77.973 Thread 0x00007fc0d995b000 Uncommon trap: reason=unstable_if action=reinterpret pc=0x0000000107646624 method=java.lang.ref.SoftReference.get()Ljava/lang/Object; @ 17
Event: 132.166 Thread 0x00007fc0d9c7c000 Uncommon trap: reason=unstable_if action=reinterpret pc=0x00000001076dc148 method=java.lang.ref.SoftReference.get()Ljava/lang/Object; @ 17
Event: 377.363 Thread 0x00007fc0da3e5000 Uncommon trap: reason=predicate action=maybe_recompile pc=0x00000001079abe70 method=java.util.regex.Pattern$Slice.match(Ljava/util/regex/Matcher;ILjava/lang/CharSequence;)Z @ 21
Event: 1803.382 Thread 0x00007fc0d995b000 Uncommon trap: reason=unstable_if action=reinterpret pc=0x00000001079aa25c method=sun.java2d.pipe.BufferedContext.validate(Lsun/java2d/pipe/hw/AccelSurface;Lsun/java2d/pipe/hw/AccelSurface;Lsun/java2d/pipe/Region;Ljava/awt/Composite;Ljava/awt/geom/AffineT

Internal exceptions (10 events):
Event: 77.182 Thread 0x00007fc0d9800800 Exception <a 'java/lang/NullPointerException'> (0x00000007403d7328) thrown at [/Users/java_re/workspace/8-2-build-macosx-x86_64/jdk8u45/3457/hotspot/src/share/vm/interpreter/linkResolver.cpp, line 1178]
Event: 77.183 Thread 0x00007fc0d9800800 Exception <a 'java/lang/NullPointerException'> (0x00000007403d74d8) thrown at [/Users/java_re/workspace/8-2-build-macosx-x86_64/jdk8u45/3457/hotspot/src/share/vm/interpreter/linkResolver.cpp, line 1178]
Event: 77.183 Thread 0x00007fc0d9800800 Exception <a 'java/lang/NullPointerException'> (0x00000007403d7688) thrown at [/Users/java_re/workspace/8-2-build-macosx-x86_64/jdk8u45/3457/hotspot/src/share/vm/interpreter/linkResolver.cpp, line 1178]
Event: 77.183 Thread 0x00007fc0d9800800 Exception <a 'java/lang/NullPointerException'> (0x00000007403d7838) thrown at [/Users/java_re/workspace/8-2-build-macosx-x86_64/jdk8u45/3457/hotspot/src/share/vm/interpreter/linkResolver.cpp, line 1178]
Event: 77.183 Thread 0x00007fc0d9800800 Exception <a 'java/lang/NullPointerException'> (0x00000007403d79e8) thrown at [/Users/java_re/workspace/8-2-build-macosx-x86_64/jdk8u45/3457/hotspot/src/share/vm/interpreter/linkResolver.cpp, line 1178]
Event: 77.183 Thread 0x00007fc0d9800800 Exception <a 'java/lang/NullPointerException'> (0x00000007403d7b98) thrown at [/Users/java_re/workspace/8-2-build-macosx-x86_64/jdk8u45/3457/hotspot/src/share/vm/interpreter/linkResolver.cpp, line 1178]
Event: 77.183 Thread 0x00007fc0d9800800 Exception <a 'java/lang/NullPointerException'> (0x00000007403d7d48) thrown at [/Users/java_re/workspace/8-2-build-macosx-x86_64/jdk8u45/3457/hotspot/src/share/vm/interpreter/linkResolver.cpp, line 1178]
Event: 77.183 Thread 0x00007fc0d9800800 Exception <a 'java/lang/NullPointerException'> (0x00000007403d7ef8) thrown at [/Users/java_re/workspace/8-2-build-macosx-x86_64/jdk8u45/3457/hotspot/src/share/vm/interpreter/linkResolver.cpp, line 1178]
Event: 77.183 Thread 0x00007fc0d9800800 Exception <a 'java/lang/NullPointerException'> (0x00000007403d80a8) thrown at [/Users/java_re/workspace/8-2-build-macosx-x86_64/jdk8u45/3457/hotspot/src/share/vm/interpreter/linkResolver.cpp, line 1178]
Event: 77.183 Thread 0x00007fc0d9800800 Exception <a 'java/lang/NullPointerException'> (0x00000007403d8258) thrown at [/Users/java_re/workspace/8-2-build-macosx-x86_64/jdk8u45/3457/hotspot/src/share/vm/interpreter/linkResolver.cpp, line 1178]

Events (10 events):
Event: 2696.144 Executing VM operation: RevokeBias
Event: 2696.144 Executing VM operation: RevokeBias done
Event: 2696.144 Executing VM operation: RevokeBias
Event: 2696.144 Executing VM operation: RevokeBias done
Event: 2696.144 Executing VM operation: RevokeBias
Event: 2696.144 Executing VM operation: RevokeBias done
Event: 2696.144 Executing VM operation: RevokeBias
Event: 2696.144 Executing VM operation: RevokeBias done
Event: 2696.144 Executing VM operation: RevokeBias
Event: 2696.144 Executing VM operation: RevokeBias done


Dynamic libraries:
0x000000000c341000 	/System/Library/Frameworks/Cocoa.framework/Versions/A/Cocoa
0x000000000c341000 	/System/Library/Frameworks/Security.framework/Versions/A/Security
0x000000000c341000 	/System/Library/Frameworks/ApplicationServices.framework/Versions/A/ApplicationServices
0x000000000c341000 	/usr/lib/libz.1.dylib
0x000000000c341000 	/usr/lib/libSystem.B.dylib
0x000000000c341000 	/usr/lib/libobjc.A.dylib
0x000000000c341000 	/System/Library/Frameworks/CoreFoundation.framework/Versions/A/CoreFoundation
0x000000000c341000 	/System/Library/Frameworks/Foundation.framework/Versions/C/Foundation
0x000000000c341000 	/System/Library/Frameworks/AppKit.framework/Versions/C/AppKit
0x000000000c341000 	/System/Library/Frameworks/CoreData.framework/Versions/A/CoreData
0x000000000c341000 	/System/Library/PrivateFrameworks/RemoteViewServices.framework/Versions/A/RemoteViewServices
0x000000000c341000 	/System/Library/PrivateFrameworks/UIFoundation.framework/Versions/A/UIFoundation
0x000000000c341000 	/System/Library/Frameworks/IOSurface.framework/Versions/A/IOSurface
0x000000000c341000 	/System/Library/Frameworks/AudioToolbox.framework/Versions/A/AudioToolbox
0x000000000c341000 	/System/Library/Frameworks/AudioUnit.framework/Versions/A/AudioUnit
0x000000000c341000 	/System/Library/PrivateFrameworks/DataDetectorsCore.framework/Versions/A/DataDetectorsCore
0x000000000c341000 	/System/Library/PrivateFrameworks/DesktopServicesPriv.framework/Versions/A/DesktopServicesPriv
0x000000000c341000 	/System/Library/Frameworks/Carbon.framework/Versions/A/Frameworks/HIToolbox.framework/Versions/A/HIToolbox
0x000000000c341000 	/System/Library/Frameworks/QuartzCore.framework/Versions/A/QuartzCore
0x000000000c341000 	/System/Library/Frameworks/Carbon.framework/Versions/A/Frameworks/SpeechRecognition.framework/Versions/A/SpeechRecognition
0x000000000c341000 	/usr/lib/libauto.dylib
0x000000000c341000 	/usr/lib/libicucore.A.dylib
0x000000000c341000 	/usr/lib/libxml2.2.dylib
0x000000000c341000 	/System/Library/PrivateFrameworks/CoreUI.framework/Versions/A/CoreUI
0x000000000c341000 	/System/Library/Frameworks/CoreAudio.framework/Versions/A/CoreAudio
0x000000000c341000 	/System/Library/Frameworks/DiskArbitration.framework/Versions/A/DiskArbitration
0x000000000c341000 	/usr/lib/liblangid.dylib
0x000000000c341000 	/System/Library/PrivateFrameworks/MultitouchSupport.framework/Versions/A/MultitouchSupport
0x000000000c341000 	/System/Library/Frameworks/IOKit.framework/Versions/A/IOKit
0x000000000c341000 	/usr/lib/libDiagnosticMessagesClient.dylib
0x000000000c341000 	/System/Library/Frameworks/CoreServices.framework/Versions/A/CoreServices
0x000000000c341000 	/System/Library/PrivateFrameworks/PerformanceAnalysis.framework/Versions/A/PerformanceAnalysis
0x000000000c341000 	/System/Library/PrivateFrameworks/GenerationalStorage.framework/Versions/A/GenerationalStorage
0x000000000c341000 	/System/Library/Frameworks/OpenGL.framework/Versions/A/OpenGL
0x000000000c341000 	/System/Library/PrivateFrameworks/Sharing.framework/Versions/A/Sharing
0x000000000c341000 	/System/Library/Frameworks/CoreGraphics.framework/Versions/A/CoreGraphics
0x000000000c341000 	/System/Library/Frameworks/CoreText.framework/Versions/A/CoreText
0x000000000c341000 	/System/Library/Frameworks/ImageIO.framework/Versions/A/ImageIO
0x000000000c341000 	/usr/lib/libextension.dylib
0x000000000c341000 	/System/Library/PrivateFrameworks/Backup.framework/Versions/A/Backup
0x000000000c341000 	/usr/lib/libarchive.2.dylib
0x000000000c341000 	/System/Library/Frameworks/CFNetwork.framework/Versions/A/CFNetwork
0x000000000c341000 	/System/Library/Frameworks/SystemConfiguration.framework/Versions/A/SystemConfiguration
0x000000000c341000 	/usr/lib/libCRFSuite.dylib
0x000000000c341000 	/usr/lib/libc++.1.dylib
0x000000000c341000 	/usr/lib/libc++abi.dylib
0x000000000c341000 	/usr/lib/system/libcache.dylib
0x000000000c341000 	/usr/lib/system/libcommonCrypto.dylib
0x000000000c341000 	/usr/lib/system/libcompiler_rt.dylib
0x000000000c341000 	/usr/lib/system/libcopyfile.dylib
0x000000000c341000 	/usr/lib/system/libcorecrypto.dylib
0x000000000c341000 	/usr/lib/system/libdispatch.dylib
0x000000000c341000 	/usr/lib/system/libdyld.dylib
0x000000000c341000 	/usr/lib/system/libkeymgr.dylib
0x000000000c341000 	/usr/lib/system/liblaunch.dylib
0x000000000c341000 	/usr/lib/system/libmacho.dylib
0x000000000c341000 	/usr/lib/system/libquarantine.dylib
0x000000000c341000 	/usr/lib/system/libremovefile.dylib
0x000000000c341000 	/usr/lib/system/libsystem_asl.dylib
0x000000000c341000 	/usr/lib/system/libsystem_blocks.dylib
0x000000000c341000 	/usr/lib/system/libsystem_c.dylib
0x000000000c341000 	/usr/lib/system/libsystem_configuration.dylib
0x000000000c341000 	/usr/lib/system/libsystem_coreservices.dylib
0x000000000c341000 	/usr/lib/system/libsystem_coretls.dylib
0x000000000c341000 	/usr/lib/system/libsystem_dnssd.dylib
0x000000000c341000 	/usr/lib/system/libsystem_info.dylib
0x000000000c341000 	/usr/lib/system/libsystem_kernel.dylib
0x000000000c341000 	/usr/lib/system/libsystem_m.dylib
0x000000000c341000 	/usr/lib/system/libsystem_malloc.dylib
0x000000000c341000 	/usr/lib/system/libsystem_network.dylib
0x000000000c341000 	/usr/lib/system/libsystem_networkextension.dylib
0x000000000c341000 	/usr/lib/system/libsystem_notify.dylib
0x000000000c341000 	/usr/lib/system/libsystem_platform.dylib
0x000000000c341000 	/usr/lib/system/libsystem_pthread.dylib
0x000000000c341000 	/usr/lib/system/libsystem_sandbox.dylib
0x000000000c341000 	/usr/lib/system/libsystem_secinit.dylib
0x000000000c341000 	/usr/lib/system/libsystem_stats.dylib
0x000000000c341000 	/usr/lib/system/libsystem_trace.dylib
0x000000000c341000 	/usr/lib/system/libunc.dylib
0x000000000c341000 	/usr/lib/system/libunwind.dylib
0x000000000c341000 	/usr/lib/system/libxpc.dylib
0x000000000c341000 	/usr/lib/libbz2.1.0.dylib
0x000000000c341000 	/usr/lib/liblzma.5.dylib
0x000000000c341000 	/usr/lib/libbsm.0.dylib
0x000000000c341000 	/usr/lib/libsqlite3.dylib
0x000000000c341000 	/usr/lib/system/libkxld.dylib
0x000000000c341000 	/usr/lib/libxar.1.dylib
0x000000000c341000 	/usr/lib/libpam.2.dylib
0x000000000c341000 	/usr/lib/libOpenScriptingUtil.dylib
0x000000000c341000 	/System/Library/Frameworks/CoreServices.framework/Versions/A/Frameworks/FSEvents.framework/Versions/A/FSEvents
0x000000000c341000 	/System/Library/Frameworks/CoreServices.framework/Versions/A/Frameworks/CarbonCore.framework/Versions/A/CarbonCore
0x000000000c341000 	/System/Library/Frameworks/CoreServices.framework/Versions/A/Frameworks/Metadata.framework/Versions/A/Metadata
0x000000000c341000 	/System/Library/Frameworks/CoreServices.framework/Versions/A/Frameworks/OSServices.framework/Versions/A/OSServices
0x000000000c341000 	/System/Library/Frameworks/CoreServices.framework/Versions/A/Frameworks/SearchKit.framework/Versions/A/SearchKit
0x000000000c341000 	/System/Library/Frameworks/CoreServices.framework/Versions/A/Frameworks/AE.framework/Versions/A/AE
0x000000000c341000 	/System/Library/Frameworks/CoreServices.framework/Versions/A/Frameworks/LaunchServices.framework/Versions/A/LaunchServices
0x000000000c341000 	/System/Library/Frameworks/CoreServices.framework/Versions/A/Frameworks/DictionaryServices.framework/Versions/A/DictionaryServices
0x000000000c341000 	/System/Library/Frameworks/NetFS.framework/Versions/A/NetFS
0x000000000c341000 	/System/Library/PrivateFrameworks/NetAuth.framework/Versions/A/NetAuth
0x000000000c341000 	/System/Library/PrivateFrameworks/login.framework/Versions/A/Frameworks/loginsupport.framework/Versions/A/loginsupport
0x000000000c341000 	/System/Library/PrivateFrameworks/TCC.framework/Versions/A/TCC
0x000000000c341000 	/usr/lib/libmecabra.dylib
0x000000000c341000 	/System/Library/Frameworks/ApplicationServices.framework/Versions/A/Frameworks/ATS.framework/Versions/A/ATS
0x000000000c341000 	/System/Library/Frameworks/ApplicationServices.framework/Versions/A/Frameworks/ColorSync.framework/Versions/A/ColorSync
0x000000000c341000 	/System/Library/Frameworks/ApplicationServices.framework/Versions/A/Frameworks/HIServices.framework/Versions/A/HIServices
0x000000000c341000 	/System/Library/Frameworks/ApplicationServices.framework/Versions/A/Frameworks/LangAnalysis.framework/Versions/A/LangAnalysis
0x000000000c341000 	/System/Library/Frameworks/ApplicationServices.framework/Versions/A/Frameworks/PrintCore.framework/Versions/A/PrintCore
0x000000000c341000 	/System/Library/Frameworks/ApplicationServices.framework/Versions/A/Frameworks/QD.framework/Versions/A/QD
0x000000000c341000 	/System/Library/Frameworks/ApplicationServices.framework/Versions/A/Frameworks/SpeechSynthesis.framework/Versions/A/SpeechSynthesis
0x000000000c341000 	/System/Library/Frameworks/Accelerate.framework/Versions/A/Accelerate
0x000000000c341000 	/System/Library/Frameworks/Accelerate.framework/Versions/A/Frameworks/vImage.framework/Versions/A/vImage
0x000000000c341000 	/System/Library/Frameworks/Accelerate.framework/Versions/A/Frameworks/vecLib.framework/Versions/A/vecLib
0x000000000c341000 	/System/Library/Frameworks/Accelerate.framework/Versions/A/Frameworks/vecLib.framework/Versions/A/libvDSP.dylib
0x000000000c341000 	/System/Library/Frameworks/Accelerate.framework/Versions/A/Frameworks/vecLib.framework/Versions/A/libvMisc.dylib
0x000000000c341000 	/System/Library/Frameworks/Accelerate.framework/Versions/A/Frameworks/vecLib.framework/Versions/A/libLAPACK.dylib
0x000000000c341000 	/System/Library/Frameworks/Accelerate.framework/Versions/A/Frameworks/vecLib.framework/Versions/A/libBLAS.dylib
0x000000000c341000 	/System/Library/Frameworks/Accelerate.framework/Versions/A/Frameworks/vecLib.framework/Versions/A/libLinearAlgebra.dylib
0x000000000c341000 	/System/Library/Frameworks/ApplicationServices.framework/Versions/A/Frameworks/ATS.framework/Versions/A/Resources/libFontParser.dylib
0x000000000c341000 	/System/Library/Frameworks/ApplicationServices.framework/Versions/A/Frameworks/ATS.framework/Versions/A/Resources/libFontRegistry.dylib
0x000000000c341000 	/System/Library/PrivateFrameworks/AppleVPA.framework/Versions/A/AppleVPA
0x000000000c341000 	/System/Library/PrivateFrameworks/AppleJPEG.framework/Versions/A/AppleJPEG
0x000000000c341000 	/System/Library/Frameworks/ImageIO.framework/Versions/A/Resources/libJPEG.dylib
0x000000000c341000 	/System/Library/Frameworks/ImageIO.framework/Versions/A/Resources/libTIFF.dylib
0x000000000c341000 	/System/Library/Frameworks/ImageIO.framework/Versions/A/Resources/libPng.dylib
0x000000000c341000 	/System/Library/Frameworks/ImageIO.framework/Versions/A/Resources/libGIF.dylib
0x000000000c341000 	/System/Library/Frameworks/ImageIO.framework/Versions/A/Resources/libJP2.dylib
0x000000000c341000 	/System/Library/Frameworks/ImageIO.framework/Versions/A/Resources/libRadiance.dylib
0x000000000c341000 	/System/Library/Frameworks/CoreVideo.framework/Versions/A/CoreVideo
0x000000000c341000 	/System/Library/Frameworks/OpenGL.framework/Versions/A/Libraries/libGLU.dylib
0x000000000c341000 	/System/Library/Frameworks/OpenGL.framework/Versions/A/Libraries/libGFXShared.dylib
0x000000000c341000 	/System/Library/Frameworks/OpenGL.framework/Versions/A/Libraries/libGL.dylib
0x000000000c341000 	/System/Library/Frameworks/OpenGL.framework/Versions/A/Libraries/libGLImage.dylib
0x000000000c341000 	/System/Library/Frameworks/OpenGL.framework/Versions/A/Libraries/libCVMSPluginSupport.dylib
0x000000000c341000 	/System/Library/Frameworks/OpenGL.framework/Versions/A/Libraries/libCoreVMClient.dylib
0x000000000c341000 	/usr/lib/libcups.2.dylib
0x000000000c341000 	/System/Library/Frameworks/Kerberos.framework/Versions/A/Kerberos
0x000000000c341000 	/System/Library/Frameworks/GSS.framework/Versions/A/GSS
0x000000000c341000 	/usr/lib/libresolv.9.dylib
0x000000000c341000 	/usr/lib/libiconv.2.dylib
0x000000000c341000 	/System/Library/PrivateFrameworks/Heimdal.framework/Versions/A/Heimdal
0x000000000c341000 	/usr/lib/libheimdal-asn1.dylib
0x000000000c341000 	/System/Library/Frameworks/OpenDirectory.framework/Versions/A/OpenDirectory
0x000000000c341000 	/System/Library/PrivateFrameworks/CommonAuth.framework/Versions/A/CommonAuth
0x000000000c341000 	/System/Library/Frameworks/OpenDirectory.framework/Versions/A/Frameworks/CFOpenDirectory.framework/Versions/A/CFOpenDirectory
0x000000000c341000 	/System/Library/Frameworks/SecurityFoundation.framework/Versions/A/SecurityFoundation
0x000000000c341000 	/System/Library/PrivateFrameworks/LanguageModeling.framework/Versions/A/LanguageModeling
0x000000000c341000 	/usr/lib/libcmph.dylib
0x000000000c341000 	/System/Library/Frameworks/ServiceManagement.framework/Versions/A/ServiceManagement
0x000000000c341000 	/usr/lib/libxslt.1.dylib
0x000000000c341000 	/System/Library/Frameworks/Carbon.framework/Versions/A/Frameworks/Ink.framework/Versions/A/Ink
0x000000000c341000 	/System/Library/Frameworks/QuartzCore.framework/Versions/A/Frameworks/CoreImage.framework/Versions/A/CoreImage
0x000000000c341000 	/System/Library/PrivateFrameworks/CrashReporterSupport.framework/Versions/A/CrashReporterSupport
0x000000000c341000 	/System/Library/Frameworks/OpenCL.framework/Versions/A/OpenCL
0x000000000c341000 	/System/Library/PrivateFrameworks/FaceCore.framework/Versions/A/FaceCore
0x000000000c341000 	/System/Library/PrivateFrameworks/Ubiquity.framework/Versions/A/Ubiquity
0x000000000c341000 	/System/Library/PrivateFrameworks/IconServices.framework/Versions/A/IconServices
0x000000000c341000 	/System/Library/PrivateFrameworks/ChunkingLibrary.framework/Versions/A/ChunkingLibrary
0x000000000c341000 	/System/Library/PrivateFrameworks/Apple80211.framework/Versions/A/Apple80211
0x000000000c341000 	/System/Library/Frameworks/CoreWLAN.framework/Versions/A/CoreWLAN
0x000000000c341000 	/System/Library/Frameworks/IOBluetooth.framework/Versions/A/IOBluetooth
0x000000000c341000 	/System/Library/PrivateFrameworks/CoreWiFi.framework/Versions/A/CoreWiFi
0x000000000c341000 	/System/Library/Frameworks/CoreBluetooth.framework/Versions/A/CoreBluetooth
0x000000000c341000 	/System/Library/PrivateFrameworks/DebugSymbols.framework/Versions/A/DebugSymbols
0x000000000c341000 	/System/Library/PrivateFrameworks/CoreSymbolication.framework/Versions/A/CoreSymbolication
0x000000000c341000 	/System/Library/PrivateFrameworks/Symbolication.framework/Versions/A/Symbolication
0x000000000c341000 	/System/Library/PrivateFrameworks/SpeechRecognitionCore.framework/Versions/A/SpeechRecognitionCore
0x0000000105fac000 	/Library/Java/JavaVirtualMachines/jdk1.8.0_45.jdk/Contents/Home/jre/lib/server/libjvm.dylib
0x000000000c341000 	/usr/lib/libstdc++.6.dylib
0x0000000107018000 	/Library/Java/JavaVirtualMachines/jdk1.8.0_45.jdk/Contents/Home/jre/lib/libverify.dylib
0x0000000107026000 	/Library/Java/JavaVirtualMachines/jdk1.8.0_45.jdk/Contents/Home/jre/lib/libjava.dylib
0x0000000107065000 	/Library/Java/JavaVirtualMachines/jdk1.8.0_45.jdk/Contents/Home/jre/lib/libzip.dylib
0x0000000126eb9000 	/System/Library/Frameworks/JavaVM.framework/Frameworks/JavaRuntimeSupport.framework/JavaRuntimeSupport
0x00000001165e9000 	/System/Library/Frameworks/JavaVM.framework/Versions/A/Frameworks/JavaNativeFoundation.framework/Versions/A/JavaNativeFoundation
0x0000000126ed1000 	/System/Library/Frameworks/JavaVM.framework/Versions/A/JavaVM
0x000000000c341000 	/System/Library/Frameworks/Carbon.framework/Versions/A/Carbon
0x0000000126ede000 	/System/Library/PrivateFrameworks/JavaLaunching.framework/Versions/A/JavaLaunching
0x000000000c341000 	/System/Library/Frameworks/Carbon.framework/Versions/A/Frameworks/CommonPanels.framework/Versions/A/CommonPanels
0x000000000c341000 	/System/Library/Frameworks/Carbon.framework/Versions/A/Frameworks/Help.framework/Versions/A/Help
0x000000000c341000 	/System/Library/Frameworks/Carbon.framework/Versions/A/Frameworks/ImageCapture.framework/Versions/A/ImageCapture
0x000000000c341000 	/System/Library/Frameworks/Carbon.framework/Versions/A/Frameworks/OpenScripting.framework/Versions/A/OpenScripting
0x000000000c341000 	/System/Library/Frameworks/Carbon.framework/Versions/A/Frameworks/Print.framework/Versions/A/Print
0x000000000c341000 	/System/Library/Frameworks/Carbon.framework/Versions/A/Frameworks/SecurityHI.framework/Versions/A/SecurityHI
0x0000000128f3a000 	/Applications/IntelliJ IDEA 14 CE.app/Contents/bin/libbreakgen64.jnilib
0x0000000129040000 	/Library/Java/JavaVirtualMachines/jdk1.8.0_45.jdk/Contents/Home/jre/lib/libnet.dylib
0x000000012909f000 	/Library/Java/JavaVirtualMachines/jdk1.8.0_45.jdk/Contents/Home/jre/lib/libawt.dylib
0x0000000129147000 	/Library/Java/JavaVirtualMachines/jdk1.8.0_45.jdk/Contents/Home/jre/lib/./libmlib_image.dylib
0x0000000129213000 	/Library/Java/JavaVirtualMachines/jdk1.8.0_45.jdk/Contents/Home/jre/lib/libawt_lwawt.dylib
0x00000001292c7000 	/Library/Java/JavaVirtualMachines/jdk1.8.0_45.jdk/Contents/Home/jre/lib/./libosxapp.dylib
0x000000000c341000 	/System/Library/Frameworks/ExceptionHandling.framework/Versions/A/ExceptionHandling
0x000000000c341000 	/System/Library/PrivateFrameworks/CoreServicesInternal.framework/Versions/A/CoreServicesInternal
0x000000000c341000 	/System/Library/PrivateFrameworks/CloudDocs.framework/Versions/A/CloudDocs
0x000000000c341000 	/System/Library/PrivateFrameworks/CoreDuet.framework/Versions/A/CoreDuet
0x000000000c341000 	/System/Library/Frameworks/CloudKit.framework/Versions/A/CloudKit
0x000000000c341000 	/System/Library/PrivateFrameworks/ProtocolBuffer.framework/Versions/A/ProtocolBuffer
0x000000000c341000 	/System/Library/PrivateFrameworks/CoreDuetDaemonProtocol.framework/Versions/A/CoreDuetDaemonProtocol
0x000000000c341000 	/System/Library/PrivateFrameworks/CoreDuetDebugLogging.framework/Versions/A/CoreDuetDebugLogging
0x000000000c341000 	/System/Library/PrivateFrameworks/MMCS.framework/Versions/A/MMCS
0x000000000c341000 	/System/Library/Frameworks/CoreLocation.framework/Versions/A/CoreLocation
0x000000000c341000 	/System/Library/PrivateFrameworks/ProtectedCloudStorage.framework/Versions/A/ProtectedCloudStorage
0x000000000c341000 	/System/Library/PrivateFrameworks/GeoServices.framework/Versions/A/GeoServices
0x000000000c341000 	/System/Library/Frameworks/CoreGraphics.framework/Versions/A/Resources/libCGCMS.A.dylib
0x000000000c341000 	/System/Library/Frameworks/CoreGraphics.framework/Versions/A/Resources/libRIP.A.dylib
0x000000000c341000 	/System/Library/Frameworks/CoreGraphics.framework/Versions/A/Resources/libCGXType.A.dylib
0x000000000c341000 	/System/Library/Frameworks/OpenCL.framework/Versions/A/Libraries/libcldcpuengine.dylib
0x000000000c341000 	/System/Library/PrivateFrameworks/DiskImages.framework/Versions/A/DiskImages
0x000000000c341000 	/System/Library/Frameworks/DiscRecording.framework/Versions/A/DiscRecording
0x000000000c341000 	/usr/lib/libcsfde.dylib
0x000000000c341000 	/usr/lib/libcurl.4.dylib
0x000000000c341000 	/System/Library/PrivateFrameworks/MediaKit.framework/Versions/A/MediaKit
0x000000000c341000 	/usr/lib/libCoreStorage.dylib
0x000000000c341000 	/System/Library/PrivateFrameworks/EFILogin.framework/Versions/A/EFILogin
0x000000000c341000 	/usr/lib/libutil.dylib
0x000000000c341000 	/System/Library/PrivateFrameworks/FindMyDevice.framework/Versions/A/FindMyDevice
0x000000000c341000 	/System/Library/Frameworks/LDAP.framework/Versions/A/LDAP
0x000000000c341000 	/usr/lib/libsasl2.2.dylib
0x000000000c341000 	/System/Library/PrivateFrameworks/CoreDaemon.framework/Versions/B/CoreDaemon
0x000000000c341000 	/usr/lib/libcrypto.0.9.8.dylib
0x000000000c341000 	/System/Library/PrivateFrameworks/AppleSRP.framework/Versions/A/AppleSRP
0x000000000c341000 	/System/Library/PrivateFrameworks/TrustEvaluationAgent.framework/Versions/A/TrustEvaluationAgent
0x000000012c2dc000 	cl_kernels
0x000000012c2de000 	/System/Library/Frameworks/OpenCL.framework/Versions/A/Libraries/ImageFormats/unorm8_bgra.dylib
0x000000012c2cd000 	cl_kernels
0x000000000c341000 	/System/Library/PrivateFrameworks/FamilyControls.framework/Versions/A/FamilyControls
0x000000000c341000 	/System/Library/PrivateFrameworks/CommerceKit.framework/Versions/A/Frameworks/CommerceCore.framework/Versions/A/CommerceCore
0x000000000c341000 	/System/Library/PrivateFrameworks/SystemAdministration.framework/Versions/A/SystemAdministration
0x000000000c341000 	/System/Library/PrivateFrameworks/AppContainer.framework/Versions/A/AppContainer
0x000000000c341000 	/System/Library/PrivateFrameworks/SecCodeWrapper.framework/Versions/A/SecCodeWrapper
0x000000000c341000 	/System/Library/Frameworks/DirectoryService.framework/Versions/A/DirectoryService
0x000000000c341000 	/System/Library/PrivateFrameworks/LoginUIKit.framework/Versions/A/Frameworks/LoginUICore.framework/Versions/A/LoginUICore
0x000000000c341000 	/usr/lib/libodfde.dylib
0x000000000c341000 	/System/Library/Frameworks/OpenGL.framework/Versions/A/Resources/GLEngine.bundle/GLEngine
0x000000000c341000 	/System/Library/Frameworks/OpenGL.framework/Versions/A/Libraries/libGLProgrammability.dylib
0x0000000000000000 	/System/Library/Extensions/GeForceGLDriver.bundle/Contents/MacOS/GeForceGLDriver
0x000000000c341000 	/System/Library/Extensions/GeForceGLDriver.bundle/Contents/MacOS/libclh.dylib
0x000000000c341000 	/System/Library/PrivateFrameworks/IOAccelerator.framework/Versions/A/IOAccelerator
0x000000000c341000 	/System/Library/PrivateFrameworks/GPUSupport.framework/Versions/A/Libraries/libGPUSupportMercury.dylib
0x000000000c341000 	/System/Library/Frameworks/OpenGL.framework/Versions/A/Resources/GLRendererFloat.bundle/GLRendererFloat
0x000000012eb14000 	/Library/Java/JavaVirtualMachines/jdk1.8.0_45.jdk/Contents/Home/jre/lib/libfontmanager.dylib
0x000000012eb7b000 	/Library/Java/JavaVirtualMachines/jdk1.8.0_45.jdk/Contents/Home/jre/lib/libosxui.dylib
0x000000013026b000 	/Library/Java/JavaVirtualMachines/jdk1.8.0_45.jdk/Contents/Home/jre/lib/libnio.dylib
0x0000000134960000 	/Library/Java/JavaVirtualMachines/jdk1.8.0_45.jdk/Contents/Home/jre/lib/libosx.dylib
0x000000000c341000 	/System/Library/Frameworks/Accelerate.framework/Versions/A/Frameworks/vImage.framework/Versions/A/Libraries/libCGInterfaces.dylib
0x000000013a9e8000 	/Library/Java/JavaVirtualMachines/jdk1.8.0_45.jdk/Contents/Home/jre/lib/libdcpr.dylib
0x000000013a018000 	/Library/Java/JavaVirtualMachines/jdk1.8.0_45.jdk/Contents/Home/jre/lib/libsunec.dylib

VM Arguments:
jvm_args: -Didea.launcher.port=7537 -Didea.launcher.bin.path=/Applications/IntelliJ IDEA 14 CE.app/Contents/bin -Dfile.encoding=UTF-8 
java_command: com.intellij.rt.execution.application.AppMain OkcApp
java_class_path (initial): /Library/Java/JavaVirtualMachines/jdk1.8.0_45.jdk/Contents/Home/lib/ant-javafx.jar:/Library/Java/JavaVirtualMachines/jdk1.8.0_45.jdk/Contents/Home/lib/dt.jar:/Library/Java/JavaVirtualMachines/jdk1.8.0_45.jdk/Contents/Home/lib/javafx-mx.jar:/Library/Java/JavaVirtualMachines/jdk1.8.0_45.jdk/Contents/Home/lib/jconsole.jar:/Library/Java/JavaVirtualMachines/jdk1.8.0_45.jdk/Contents/Home/lib/packager.jar:/Library/Java/JavaVirtualMachines/jdk1.8.0_45.jdk/Contents/Home/lib/sa-jdi.jar:/Library/Java/JavaVirtualMachines/jdk1.8.0_45.jdk/Contents/Home/lib/tools.jar:/Library/Java/JavaVirtualMachines/jdk1.8.0_45.jdk/Contents/Home/jre/lib/charsets.jar:/Library/Java/JavaVirtualMachines/jdk1.8.0_45.jdk/Contents/Home/jre/lib/deploy.jar:/Library/Java/JavaVirtualMachines/jdk1.8.0_45.jdk/Contents/Home/jre/lib/javaws.jar:/Library/Java/JavaVirtualMachines/jdk1.8.0_45.jdk/Contents/Home/jre/lib/jce.jar:/Library/Java/JavaVirtualMachines/jdk1.8.0_45.jdk/Contents/Home/jre/lib/jfr.jar:/Library/Java/JavaVirtualMachines/jdk1.8.0_45.jdk/Contents/Home/jre/lib/jfxswt.jar:/Library/Java/JavaVirtualMachines/jdk1.8.0_45.jdk/Contents/Home/jre/lib/jsse.jar:/Library/Java/JavaVirtualMachines/jdk1.8.0_45.jdk/Contents/Home/jre/lib/management-agent.jar:/Library/Java/JavaVirtualMachines/jdk1.8.0_45.jdk/Contents/Home/jre/lib/plugin.jar:/Library/Java/JavaVirtualMachines/jdk1.8.0_45.jdk/Contents/Home/jre/lib/resources.jar:/Library/Java/JavaVirtualMachines/jdk1.8.0_45.jdk/Contents/Home/jre/lib/rt.jar:/Library/Java/JavaVirtualMachines/jdk1.8.0_45.jdk/Contents/Home/jre/lib/ext/cldrdata.jar:/Library/Java/JavaVirtualMachines/jdk1.8.0_45.jdk/Contents/Home/jre/lib/ext/dnsns.jar:/Library/Java/JavaVirtualMachines/jdk1.8.0_45.jdk/Contents/Home/jre/lib/ext/jfxrt.jar:/Library/Java/JavaVirtualMachines/jdk1.8.0_45.jdk/Contents/Home/jre/lib/ext/localedata.jar:/Library/Java/JavaVirtualMachines/jdk1.8.0_45.jdk/Contents/Home/jre/lib/ext/nashorn.jar:/Library/Java/JavaVirtualMachines/jdk1.8.0_45.jdk/Conten
Launcher Type: SUN_STANDARD

Environment Variables:
PATH=/usr/local/mysql/bin:/usr/local/bin:/usr/bin:/bin:/usr/sbin:/sbin:/opt/X11/bin
SHELL=/bin/bash
DISPLAY=/private/tmp/com.apple.launchd.MUsuFHSeKC/org.macosforge.xquartz:0

Signal Handlers:
SIGSEGV: [libjvm.dylib+0x58ef95], sa_mask[0]=11111111011111110111111111111111, sa_flags=SA_ONSTACK|SA_RESTART|SA_SIGINFO
SIGBUS: [libjvm.dylib+0x58ef95], sa_mask[0]=11111111011111110111111111111111, sa_flags=SA_RESTART|SA_SIGINFO
SIGFPE: [libjvm.dylib+0x46c108], sa_mask[0]=11111111011111110111111111111111, sa_flags=SA_RESTART|SA_SIGINFO
SIGPIPE: [libjvm.dylib+0x46c108], sa_mask[0]=11111111011111110111111111111111, sa_flags=SA_RESTART|SA_SIGINFO
SIGXFSZ: [libjvm.dylib+0x46c108], sa_mask[0]=11111111011111110111111111111111, sa_flags=SA_RESTART|SA_SIGINFO
SIGILL: [libjvm.dylib+0x46c108], sa_mask[0]=11111111011111110111111111111111, sa_flags=SA_RESTART|SA_SIGINFO
SIGUSR1: SIG_DFL, sa_mask[0]=00000000000000000000000000000000, sa_flags=none
SIGUSR2: [libjvm.dylib+0x46bc26], sa_mask[0]=00100000000000000000000000000000, sa_flags=SA_RESTART|SA_SIGINFO
SIGHUP: [libjvm.dylib+0x46a1f9], sa_mask[0]=11111111011111110111111111111111, sa_flags=SA_RESTART|SA_SIGINFO
SIGINT: [libjvm.dylib+0x46a1f9], sa_mask[0]=11111111011111110111111111111111, sa_flags=SA_RESTART|SA_SIGINFO
SIGTERM: [libjvm.dylib+0x46a1f9], sa_mask[0]=11111111011111110111111111111111, sa_flags=SA_RESTART|SA_SIGINFO
SIGQUIT: [libjvm.dylib+0x46a1f9], sa_mask[0]=11111111011111110111111111111111, sa_flags=SA_RESTART|SA_SIGINFO


---------------  S Y S T E M  ---------------

OS:Bsduname:Darwin 14.5.0 Darwin Kernel Version 14.5.0: Wed Jul 29 02:26:53 PDT 2015; root:xnu-2782.40.9~1/RELEASE_X86_64 x86_64
rlimit: STACK 8192k, CORE 0k, NPROC 709, NOFILE 10240, AS infinity
load average:6.52 8.43 9.10

CPU:total 4 (4 cores per cpu, 1 threads per core) family 6 model 60 stepping 3, cmov, cx8, fxsr, mmx, sse, sse2, sse3, ssse3, sse4.1, sse4.2, popcnt, avx, avx2, aes, clmul, erms, rtm, lzcnt, tsc, tscinvbit, bmi1, bmi2

Memory: 4k page, physical 25165824k(2428508k free)

/proc/meminfo:


vm_info: Java HotSpot(TM) 64-Bit Server VM (25.45-b02) for bsd-amd64 JRE (1.8.0_45-b14), built on Apr 10 2015 10:46:38 by "java_re" with gcc 4.2.1 (Based on Apple Inc. build 5658) (LLVM build 2336.11.00)

time: Fri Sep 25 00:29:25 2015
elapsed time: 2696 seconds (0d 0h 44m 56s)

