#
# A fatal error has been detected by the Java Runtime Environment:
#
#  SIGSEGV (0xb) at pc=0x00000001234ede47, pid=63388, tid=49671
#
# JRE version: Java(TM) SE Runtime Environment (8.0_45-b14) (build 1.8.0_45-b14)
# Java VM: Java HotSpot(TM) 64-Bit Server VM (25.45-b02 mixed mode bsd-amd64 compressed oops)
# Problematic frame:
# C  [libawt_lwawt.dylib+0x1ae47]  OGLSD_SetScratchSurface+0x49
#
# Failed to write core dump. Core dumps have been disabled. To enable core dumping, try "ulimit -c unlimited" before starting Java again
#
# If you would like to submit a bug report, please visit:
#   http://bugreport.java.com/bugreport/crash.jsp
# The crash happened outside the Java Virtual Machine in native code.
# See problematic frame for where to report the bug.
#

---------------  T H R E A D  ---------------

Current thread (0x00007fa609891000):  JavaThread "Java2D Queue Flusher" daemon [_thread_in_native, id=49671, stack(0x000000012782b000,0x000000012792b000)]

siginfo: si_signo: 11 (SIGSEGV), si_code: 1 (SEGV_MAPERR), si_addr: 0x0000000000000008

Registers:
RAX=0x00000000ffffffff, RBX=0x0000000000000008, RCX=0x0000000000000047, RDX=0x000000012350e7ac
RSP=0x000000012792a810, RBP=0x000000012792a830, RSI=0x00007fa60e04fc00, RDI=0x00007fa6098911f8
R8 =0x00000000c8009b04, R9 =0x0000000000000000, R10=0x000000010245a078, R11=0x0000000000000020
R12=0x0000000000000000, R13=0x000000064004d8e0, R14=0x00007fa6098911f8, R15=0x00007fa609891000
RIP=0x00000001234ede47, EFLAGS=0x0000000000010202, ERR=0x0000000000000004
  TRAPNO=0x000000000000000e

Top of Stack: (sp=0x000000012792a810)
0x000000012792a810:   00007fa60e04fc00 0000000000000000
0x000000012792a820:   00007fa6098a0a10 00007fa609891000
0x000000012792a830:   000000012792a8b0 000000012350e28a
0x000000012792a840:   0000000000000064 00007fa60945b4c8
0x000000012792a850:   000000012792a8b0 0000000100628b83
0x000000012792a860:   0000000000000005 00007fa609891000
0x000000012792a870:   000000064004d801 00007fa6098a0a20
0x000000012792a880:   000000010092a800 00007fa6098911f8
0x000000012792a890:   0000000000000000 0000000000000000
0x000000012792a8a0:   000000012792a908 00007fa609891000
0x000000012792a8b0:   000000012792a900 000000010245a0ea
0x000000012792a8c0:   000000064004d808 000000012792a908
0x000000012792a8d0:   000000011f5eb880 0000000000000000
0x000000012792a8e0:   0000000133b72a30 0000000000000000
0x000000012792a8f0:   000000012792a910 0000000000000000
0x000000012792a900:   00000000c8009b01 0000000102baf710
0x000000012792a910:   000000064004d808 000000064004d8e0
0x000000012792a920:   0000000000000000 0000000000000000
0x000000012792a930:   000000064004d8e0 000000012792a9d0
0x000000012792a940:   0000000000000001 0000000000000000
0x000000012792a950:   000000012792a9d0 0000000101c007a7
0x000000012792a960:   000000064004da90 0000000640057448
0x000000012792a970:   0000000100001fa0 000000000000000a
0x000000012792a980:   00007fa609891000 0000000000000001
0x000000012792a990:   0000000101c0071f 000000011f8f7138
0x000000012792a9a0:   000000012792aa68 000000012792ad00
0x000000012792a9b0:   000000010000000a 000000011f8f7138
0x000000012792a9c0:   0000000101c110a0 000000012792ac70
0x000000012792a9d0:   000000012792ab80 00000001005cf32a
0x000000012792a9e0:   0000000100000001 00007fa609891000
0x000000012792a9f0:   00007fa609891000 000000012792ad00
0x000000012792aa00:   00007fa60945b4c0 0000000101c110a0 

Instructions: (pc=0x00000001234ede47)
0x00000001234ede27:   c0 e9 82 00 00 00 48 8b 5e 10 48 85 db 75 0e bf
0x00000001234ede37:   01 00 00 00 48 8d 15 a4 76 03 00 eb d6 49 89 fe
0x00000001234ede47:   4c 8b 3b 30 c0 e8 5f a3 02 00 49 8b 3f 49 89 c4
0x00000001234ede57:   48 8b 35 ca f6 05 00 30 c0 e8 a1 a4 02 00 48 85 

Register to memory mapping:

RAX=0x00000000ffffffff is an unknown value
RBX=0x0000000000000008 is an unknown value
RCX=0x0000000000000047 is an unknown value
RDX=0x000000012350e7ac: Java_sun_java2d_opengl_OGLRenderQueue_flushBuffer+0xb5c in /Library/Java/JavaVirtualMachines/jdk1.8.0_45.jdk/Contents/Home/jre/lib/libawt_lwawt.dylib at 0x00000001234d3000
RSP=0x000000012792a810 is pointing into the stack for thread: 0x00007fa609891000
RBP=0x000000012792a830 is pointing into the stack for thread: 0x00007fa609891000
RSI=0x00007fa60e04fc00 is an unknown value
RDI=0x00007fa6098911f8 is an unknown value
R8 =0x00000000c8009b04 is an unknown value
R9 =0x0000000000000000 is an unknown value
R10=0x000000010245a078 is at entry_point+56 in (nmethod*)0x0000000102459ed0
R11=0x0000000000000020 is an unknown value
R12=0x0000000000000000 is an unknown value
R13=0x000000064004d8e0 is an oop
sun.java2d.opengl.OGLRenderQueue$QueueFlusher 
 - klass: 'sun/java2d/opengl/OGLRenderQueue$QueueFlusher'
R14=0x00007fa6098911f8 is an unknown value
R15=0x00007fa609891000 is a thread


Stack: [0x000000012782b000,0x000000012792b000],  sp=0x000000012792a810,  free space=1022k
Native frames: (J=compiled Java code, j=interpreted, Vv=VM code, C=native code)
C  [libawt_lwawt.dylib+0x1ae47]  OGLSD_SetScratchSurface+0x49
C  [libawt_lwawt.dylib+0x3b28a]  Java_sun_java2d_opengl_OGLRenderQueue_flushBuffer+0x63a
J 2902  sun.java2d.opengl.OGLRenderQueue.flushBuffer(JI)V (0 bytes) @ 0x000000010245a0ea [0x000000010245a040+0xaa]
J 5803% C2 sun.java2d.opengl.OGLRenderQueue$QueueFlusher.run()V (234 bytes) @ 0x0000000102baf710 [0x0000000102baf440+0x2d0]

Java frames: (J=compiled Java code, j=interpreted, Vv=VM code)
J 2902  sun.java2d.opengl.OGLRenderQueue.flushBuffer(JI)V (0 bytes) @ 0x000000010245a078 [0x000000010245a040+0x38]
J 5803% C2 sun.java2d.opengl.OGLRenderQueue$QueueFlusher.run()V (234 bytes) @ 0x0000000102baf710 [0x0000000102baf440+0x2d0]
v  ~StubRoutines::call_stub

---------------  P R O C E S S  ---------------

Java Threads: ( => current thread )
  0x00007fa6105ee800 JavaThread "HandshakeCompletedNotify-Thread" [_thread_blocked, id=63583, stack(0x000000013e1a0000,0x000000013e2a0000)]
  0x00007fa610e66000 JavaThread "Keep-Alive-Timer" daemon [_thread_blocked, id=13615, stack(0x000000013df9a000,0x000000013e09a000)]
  0x00007fa60b304000 JavaThread "Visitor Count Thread" [_thread_in_native, id=12755, stack(0x000000013e09d000,0x000000013e19d000)]
  0x00007fa60a3c7000 JavaThread "Count-down Thread" [_thread_blocked, id=35155, stack(0x0000000135de5000,0x0000000135ee5000)]
  0x00007fa60a9dc000 JavaThread "AutoWatchThread-1" [_thread_in_Java, id=60743, stack(0x0000000134f59000,0x0000000135059000)]
  0x00007fa609b33000 JavaThread "TimerQueue" daemon [_thread_blocked, id=59611, stack(0x0000000134718000,0x0000000134818000)]
  0x00007fa60ac75000 JavaThread "DestroyJavaVM" [_thread_blocked, id=3331, stack(0x0000000101259000,0x0000000101359000)]
  0x00007fa60b243000 JavaThread "Timer-0" daemon [_thread_blocked, id=56843, stack(0x000000012b3be000,0x000000012b4be000)]
  0x00007fa609934800 JavaThread "Print Thread" [_thread_blocked, id=51463, stack(0x0000000129046000,0x0000000129146000)]
  0x00007fa60b183800 JavaThread "Java2D Disposer" daemon [_thread_blocked, id=50699, stack(0x0000000128651000,0x0000000128751000)]
=>0x00007fa609891000 JavaThread "Java2D Queue Flusher" daemon [_thread_in_native, id=49671, stack(0x000000012782b000,0x000000012792b000)]
  0x00007fa60a8a8000 JavaThread "AWT-Shutdown" [_thread_blocked, id=28435, stack(0x0000000124e0a000,0x0000000124f0a000)]
  0x00007fa60a8a1000 JavaThread "AppKit Thread" daemon [_thread_in_native, id=1299, stack(0x00007fff5f210000,0x00007fff5fa10000)]
  0x00007fa60b07a000 JavaThread "Monitor Ctrl-Break" daemon [_thread_in_native, id=19203, stack(0x00000001231fe000,0x00000001232fe000)]
  0x00007fa60a80f000 JavaThread "Service Thread" daemon [_thread_blocked, id=18179, stack(0x0000000122e91000,0x0000000122f91000)]
  0x00007fa60a05a800 JavaThread "C1 CompilerThread2" daemon [_thread_blocked, id=17667, stack(0x0000000122d8e000,0x0000000122e8e000)]
  0x00007fa60b024800 JavaThread "C2 CompilerThread1" daemon [_thread_blocked, id=17155, stack(0x0000000122c8b000,0x0000000122d8b000)]
  0x00007fa60b023800 JavaThread "C2 CompilerThread0" daemon [_thread_blocked, id=16643, stack(0x0000000122b88000,0x0000000122c88000)]
  0x00007fa60a066800 JavaThread "Signal Dispatcher" daemon [_thread_blocked, id=15383, stack(0x0000000122a85000,0x0000000122b85000)]
  0x00007fa60a055800 JavaThread "Finalizer" daemon [_thread_blocked, id=11523, stack(0x00000001210f2000,0x00000001211f2000)]
  0x00007fa60a803800 JavaThread "Reference Handler" daemon [_thread_blocked, id=11011, stack(0x0000000120fef000,0x00000001210ef000)]

Other Threads:
  0x00007fa60a055000 VMThread [stack: 0x0000000120eec000,0x0000000120fec000] [id=10499]
  0x00007fa60a80d000 WatcherThread [stack: 0x0000000122f94000,0x0000000123094000] [id=18691]

VM state:synchronizing (normal execution)

VM Mutex/Monitor currently owned by a thread:  ([mutex/lock_event])
[0x00007fa609412bc0] Safepoint_lock - owner thread: 0x00007fa60a055000
[0x00007fa609412c40] Threads_lock - owner thread: 0x00007fa60a055000

Heap:
 PSYoungGen      total 35328K, used 781K [0x0000000740000000, 0x0000000742580000, 0x00000007c0000000)
  eden space 32256K, 2% used [0x0000000740000000,0x00000007400c3748,0x0000000741f80000)
  from space 3072K, 0% used [0x0000000741f80000,0x0000000741f80000,0x0000000742280000)
  to   space 3072K, 0% used [0x0000000742280000,0x0000000742280000,0x0000000742580000)
 ParOldGen       total 179200K, used 89150K [0x0000000640000000, 0x000000064af00000, 0x0000000740000000)
  object space 179200K, 49% used [0x0000000640000000,0x000000064570f868,0x000000064af00000)
 Metaspace       used 21035K, capacity 21408K, committed 21760K, reserved 1069056K
  class space    used 2381K, capacity 2516K, committed 2560K, reserved 1048576K

Card table byte_map: [0x0000000110fc0000,0x0000000111bc1000] byte_map_base: 0x000000010ddc0000

Marking Bits: (ParMarkBitMap*) 0x0000000100bb17a0
 Begin Bits: [0x00000001127cd000, 0x00000001187cd000)
 End Bits:   [0x00000001187cd000, 0x000000011e7cd000)

Polling page: 0x000000010139e000

CodeCache: size=245760Kb used=15701Kb max_used=15821Kb free=230058Kb
 bounds [0x0000000101c00000, 0x0000000102c00000, 0x0000000110c00000]
 total_blobs=5034 nmethods=4450 adapters=496
 compilation: enabled

Compilation events (10 events):
Event: 196995.533 Thread 0x00007fa60a05a800 5819       3       java.lang.ThreadLocal$ThreadLocalMap$Entry::<init> (11 bytes)
Event: 196995.533 Thread 0x00007fa60a05a800 nmethod 5819 0x000000010205aa50 code [0x000000010205abe0, 0x000000010205af50]
Event: 200071.420 Thread 0x00007fa60a05a800 5821       3       java.lang.AbstractStringBuilder::append (54 bytes)
Event: 200071.421 Thread 0x00007fa60a05a800 nmethod 5821 0x00000001023702d0 code [0x00000001023704a0, 0x0000000102370da8]
Event: 200623.285 Thread 0x00007fa60b023800 5822       4       javax.swing.text.DefaultCaret::setDot (46 bytes)
Event: 200623.334 Thread 0x00007fa60b023800 nmethod 5822 0x0000000102b72e50 code [0x0000000102b73360, 0x0000000102b76c78]
Event: 200869.479 Thread 0x00007fa60b024800 5823  s!   4       javax.swing.text.AbstractDocument::writeLock (86 bytes)
Event: 200869.481 Thread 0x00007fa60b024800 nmethod 5823 0x0000000102026090 code [0x0000000102026200, 0x0000000102026648]
Event: 203784.392 Thread 0x00007fa60a05a800 5824   !   3       java.awt.Toolkit::removeAWTEventListener (183 bytes)
Event: 203784.393 Thread 0x00007fa60a05a800 nmethod 5824 0x0000000102976310 code [0x0000000102976580, 0x0000000102977a08]

GC Heap History (10 events):
Event: 203949.060 GC heap before
{Heap before GC invocations=942 (full 2):
 PSYoungGen      total 35328K, used 34865K [0x0000000740000000, 0x0000000742580000, 0x00000007c0000000)
  eden space 32256K, 99% used [0x0000000740000000,0x0000000741f7e678,0x0000000741f80000)
  from space 3072K, 85% used [0x0000000741f80000,0x000000074220de20,0x0000000742280000)
  to   space 3072K, 0% used [0x0000000742280000,0x0000000742280000,0x0000000742580000)
 ParOldGen       total 185856K, used 184804K [0x0000000640000000, 0x000000064b580000, 0x0000000740000000)
  object space 185856K, 99% used [0x0000000640000000,0x000000064b479350,0x000000064b580000)
 Metaspace       used 21035K, capacity 21408K, committed 21760K, reserved 1069056K
  class space    used 2381K, capacity 2516K, committed 2560K, reserved 1048576K
Event: 203949.062 GC heap after
Heap after GC invocations=942 (full 2):
 PSYoungGen      total 35328K, used 2674K [0x0000000740000000, 0x0000000742580000, 0x00000007c0000000)
  eden space 32256K, 0% used [0x0000000740000000,0x0000000740000000,0x0000000741f80000)
  from space 3072K, 87% used [0x0000000742280000,0x000000074251cb50,0x0000000742580000)
  to   space 3072K, 0% used [0x0000000741f80000,0x0000000741f80000,0x0000000742280000)
 ParOldGen       total 185856K, used 185031K [0x0000000640000000, 0x000000064b580000, 0x0000000740000000)
  object space 185856K, 99% used [0x0000000640000000,0x000000064b4b1cb0,0x000000064b580000)
 Metaspace       used 21035K, capacity 21408K, committed 21760K, reserved 1069056K
  class space    used 2381K, capacity 2516K, committed 2560K, reserved 1048576K
}
Event: 204156.395 GC heap before
{Heap before GC invocations=943 (full 2):
 PSYoungGen      total 35328K, used 34930K [0x0000000740000000, 0x0000000742580000, 0x00000007c0000000)
  eden space 32256K, 100% used [0x0000000740000000,0x0000000741f80000,0x0000000741f80000)
  from space 3072K, 87% used [0x0000000742280000,0x000000074251cb50,0x0000000742580000)
  to   space 3072K, 0% used [0x0000000741f80000,0x0000000741f80000,0x0000000742280000)
 ParOldGen       total 185856K, used 185031K [0x0000000640000000, 0x000000064b580000, 0x0000000740000000)
  object space 185856K, 99% used [0x0000000640000000,0x000000064b4b1cb0,0x000000064b580000)
 Metaspace       used 21035K, capacity 21408K, committed 21760K, reserved 1069056K
  class space    used 2381K, capacity 2516K, committed 2560K, reserved 1048576K
Event: 204156.396 GC heap after
Heap after GC invocations=943 (full 2):
 PSYoungGen      total 35328K, used 2367K [0x0000000740000000, 0x0000000742580000, 0x00000007c0000000)
  eden space 32256K, 0% used [0x0000000740000000,0x0000000740000000,0x0000000741f80000)
  from space 3072K, 77% used [0x0000000741f80000,0x00000007421cfce8,0x0000000742280000)
  to   space 3072K, 0% used [0x0000000742280000,0x0000000742280000,0x0000000742580000)
 ParOldGen       total 185856K, used 185326K [0x0000000640000000, 0x000000064b580000, 0x0000000740000000)
  object space 185856K, 99% used [0x0000000640000000,0x000000064b4fbaa0,0x000000064b580000)
 Metaspace       used 21035K, capacity 21408K, committed 21760K, reserved 1069056K
  class space    used 2381K, capacity 2516K, committed 2560K, reserved 1048576K
}
Event: 204378.262 GC heap before
{Heap before GC invocations=944 (full 2):
 PSYoungGen      total 35328K, used 34623K [0x0000000740000000, 0x0000000742580000, 0x00000007c0000000)
  eden space 32256K, 100% used [0x0000000740000000,0x0000000741f80000,0x0000000741f80000)
  from space 3072K, 77% used [0x0000000741f80000,0x00000007421cfce8,0x0000000742280000)
  to   space 3072K, 0% used [0x0000000742280000,0x0000000742280000,0x0000000742580000)
 ParOldGen       total 185856K, used 185326K [0x0000000640000000, 0x000000064b580000, 0x0000000740000000)
  object space 185856K, 99% used [0x0000000640000000,0x000000064b4fbaa0,0x000000064b580000)
 Metaspace       used 21035K, capacity 21408K, committed 21760K, reserved 1069056K
  class space    used 2381K, capacity 2516K, committed 2560K, reserved 1048576K
Event: 204378.264 GC heap after
Heap after GC invocations=944 (full 2):
 PSYoungGen      total 35328K, used 2533K [0x0000000740000000, 0x0000000742580000, 0x00000007c0000000)
  eden space 32256K, 0% used [0x0000000740000000,0x0000000740000000,0x0000000741f80000)
  from space 3072K, 82% used [0x0000000742280000,0x00000007424f96a0,0x0000000742580000)
  to   space 3072K, 0% used [0x0000000741f80000,0x0000000741f80000,0x0000000742280000)
 ParOldGen       total 185856K, used 185423K [0x0000000640000000, 0x000000064b580000, 0x0000000740000000)
  object space 185856K, 99% used [0x0000000640000000,0x000000064b513f30,0x000000064b580000)
 Metaspace       used 21035K, capacity 21408K, committed 21760K, reserved 1069056K
  class space    used 2381K, capacity 2516K, committed 2560K, reserved 1048576K
}
Event: 204563.056 GC heap before
{Heap before GC invocations=945 (full 2):
 PSYoungGen      total 35328K, used 34789K [0x0000000740000000, 0x0000000742580000, 0x00000007c0000000)
  eden space 32256K, 100% used [0x0000000740000000,0x0000000741f80000,0x0000000741f80000)
  from space 3072K, 82% used [0x0000000742280000,0x00000007424f96a0,0x0000000742580000)
  to   space 3072K, 0% used [0x0000000741f80000,0x0000000741f80000,0x0000000742280000)
 ParOldGen       total 185856K, used 185423K [0x0000000640000000, 0x000000064b580000, 0x0000000740000000)
  object space 185856K, 99% used [0x0000000640000000,0x000000064b513f30,0x000000064b580000)
 Metaspace       used 21035K, capacity 21408K, committed 21760K, reserved 1069056K
  class space    used 2381K, capacity 2516K, committed 2560K, reserved 1048576K
Event: 204563.058 GC heap after
Heap after GC invocations=945 (full 2):
 PSYoungGen      total 35328K, used 2671K [0x0000000740000000, 0x0000000742580000, 0x00000007c0000000)
  eden space 32256K, 0% used [0x0000000740000000,0x0000000740000000,0x0000000741f80000)
  from space 3072K, 86% used [0x0000000741f80000,0x000000074221bec0,0x0000000742280000)
  to   space 3072K, 0% used [0x0000000742280000,0x0000000742280000,0x0000000742580000)
 ParOldGen       total 185856K, used 185558K [0x0000000640000000, 0x000000064b580000, 0x0000000740000000)
  object space 185856K, 99% used [0x0000000640000000,0x000000064b535840,0x000000064b580000)
 Metaspace       used 21035K, capacity 21408K, committed 21760K, reserved 1069056K
  class space    used 2381K, capacity 2516K, committed 2560K, reserved 1048576K
}
Event: 204563.058 GC heap before
{Heap before GC invocations=946 (full 3):
 PSYoungGen      total 35328K, used 2671K [0x0000000740000000, 0x0000000742580000, 0x00000007c0000000)
  eden space 32256K, 0% used [0x0000000740000000,0x0000000740000000,0x0000000741f80000)
  from space 3072K, 86% used [0x0000000741f80000,0x000000074221bec0,0x0000000742280000)
  to   space 3072K, 0% used [0x0000000742280000,0x0000000742280000,0x0000000742580000)
 ParOldGen       total 185856K, used 185558K [0x0000000640000000, 0x000000064b580000, 0x0000000740000000)
  object space 185856K, 99% used [0x0000000640000000,0x000000064b535840,0x000000064b580000)
 Metaspace       used 21035K, capacity 21408K, committed 21760K, reserved 1069056K
  class space    used 2381K, capacity 2516K, committed 2560K, reserved 1048576K
Event: 204563.400 GC heap after
Heap after GC invocations=946 (full 3):
 PSYoungGen      total 35328K, used 0K [0x0000000740000000, 0x0000000742580000, 0x00000007c0000000)
  eden space 32256K, 0% used [0x0000000740000000,0x0000000740000000,0x0000000741f80000)
  from space 3072K, 0% used [0x0000000741f80000,0x0000000741f80000,0x0000000742280000)
  to   space 3072K, 0% used [0x0000000742280000,0x0000000742280000,0x0000000742580000)
 ParOldGen       total 179200K, used 89150K [0x0000000640000000, 0x000000064af00000, 0x0000000740000000)
  object space 179200K, 49% used [0x0000000640000000,0x000000064570f868,0x000000064af00000)
 Metaspace       used 21035K, capacity 21408K, committed 21760K, reserved 1069056K
  class space    used 2381K, capacity 2516K, committed 2560K, reserved 1048576K
}

Deoptimization events (10 events):
Event: 106355.307 Thread 0x00007fa609934800 Uncommon trap: reason=class_check action=maybe_recompile pc=0x00000001026964a8 method=java.awt.EventQueue.setCurrentEventAndMostRecentTimeImpl(Ljava/awt/AWTEvent;)V @ 53
Event: 106355.362 Thread 0x00007fa609934800 Uncommon trap: reason=class_check action=maybe_recompile pc=0x00000001026964a8 method=java.awt.EventQueue.setCurrentEventAndMostRecentTimeImpl(Ljava/awt/AWTEvent;)V @ 53
Event: 106356.218 Thread 0x00007fa609934800 Uncommon trap: reason=class_check action=maybe_recompile pc=0x00000001026964a8 method=java.awt.EventQueue.setCurrentEventAndMostRecentTimeImpl(Ljava/awt/AWTEvent;)V @ 53
Event: 122852.340 Thread 0x00007fa60a9dc000 Uncommon trap: reason=unstable_if action=reinterpret pc=0x0000000102b2da88 method=sun.security.util.MemoryCache.emptyQueue()V @ 30
Event: 178961.945 Thread 0x00007fa60a8a1000 Uncommon trap: reason=bimorphic action=maybe_recompile pc=0x00000001027cdd8c method=java.util.HashMap.removeNode(ILjava/lang/Object;Ljava/lang/Object;ZZ)Ljava/util/HashMap$Node; @ 68
Event: 178962.013 Thread 0x00007fa609891000 Uncommon trap: reason=bimorphic action=maybe_recompile pc=0x000000010245eda4 method=sun.java2d.opengl.OGLRenderQueue$QueueFlusher.run()V @ 95
Event: 178964.132 Thread 0x00007fa609934800 Uncommon trap: reason=unstable_if action=reinterpret pc=0x00000001027e7e80 method=sun.awt.image.VolatileSurfaceManager.validate(Ljava/awt/GraphicsConfiguration;)I @ 36
Event: 178964.149 Thread 0x00007fa609934800 Uncommon trap: reason=unstable_if action=reinterpret pc=0x00000001026eac20 method=sun.java2d.pipe.BufferedContext.validate(Lsun/java2d/pipe/hw/AccelSurface;Lsun/java2d/pipe/hw/AccelSurface;Lsun/java2d/pipe/Region;Ljava/awt/Composite;Ljava/awt/geom/AffineT
Event: 179159.366 Thread 0x00007fa60a8a1000 Uncommon trap: reason=bimorphic action=maybe_recompile pc=0x00000001027cdd8c method=java.util.HashMap.removeNode(ILjava/lang/Object;Ljava/lang/Object;ZZ)Ljava/util/HashMap$Node; @ 68
Event: 179159.473 Thread 0x00007fa609891000 Uncommon trap: reason=unstable_if action=reinterpret pc=0x000000010245e830 method=sun.java2d.opengl.OGLRenderQueue$QueueFlusher.run()V @ 34

Internal exceptions (10 events):
Event: 178964.131 Thread 0x00007fa609934800 Implicit null exception at 0x00000001027e010d to 0x00000001027e7dcd
Event: 181608.705 Thread 0x00007fa60a9dc000 JVM_StopThread thread JavaThread 0x00007fa610603000 as oop 0x0000000649950380 [exception 0x0000000135058750]
Event: 184683.380 Thread 0x00007fa60a9dc000 JVM_StopThread thread JavaThread 0x00007fa610ee8000 as oop 0x0000000649d72e50 [exception 0x0000000135058750]
Event: 184683.380 Thread 0x00007fa610ee8000 Exception <a 'java/lang/ThreadDeath': sleep interrupted> (0x0000000740562ef8) thrown at [/Users/java_re/workspace/8-2-build-macosx-x86_64/jdk8u45/3457/hotspot/src/share/vm/prims/jvm.cpp, line 3211]
Event: 187759.535 Thread 0x00007fa60a9dc000 JVM_StopThread thread JavaThread 0x00007fa60a3e4800 as oop 0x000000064a0900e8 [exception 0x0000000135058750]
Event: 190836.093 Thread 0x00007fa60a9dc000 JVM_StopThread thread JavaThread 0x00007fa60fa8b800 as oop 0x000000064a399d98 [exception 0x0000000135058750]
Event: 193912.550 Thread 0x00007fa60a9dc000 JVM_StopThread thread JavaThread 0x00007fa610e64800 as oop 0x000000064a6ac200 [exception 0x0000000135058750]
Event: 196991.500 Thread 0x00007fa60a9dc000 JVM_StopThread thread JavaThread 0x00007fa610e65800 as oop 0x000000064aa32e40 [exception 0x0000000135058750]
Event: 200067.778 Thread 0x00007fa60a9dc000 JVM_StopThread thread JavaThread 0x00007fa610e65800 as oop 0x000000064ad82198 [exception 0x0000000135058750]
Event: 203145.789 Thread 0x00007fa60a9dc000 JVM_StopThread thread JavaThread 0x00007fa60a283800 as oop 0x000000064b092090 [exception 0x0000000135058750]

Events (10 events):
Event: 204562.992 Executing VM operation: RevokeBias done
Event: 204562.992 Thread 0x00007fa60fa8b800 Thread exited: 0x00007fa60fa8b800
Event: 204563.056 Executing VM operation: ParallelGCFailedAllocation
Event: 204563.401 Executing VM operation: ParallelGCFailedAllocation done
Event: 204563.409 Executing VM operation: RevokeBias
Event: 204563.409 Executing VM operation: RevokeBias done
Event: 204563.410 Executing VM operation: RevokeBias
Event: 204563.410 Executing VM operation: RevokeBias done
Event: 204563.410 Executing VM operation: RevokeBias
Event: 204563.410 Executing VM operation: RevokeBias done


Dynamic libraries:
0x00000000031d7000 	/System/Library/Frameworks/Cocoa.framework/Versions/A/Cocoa
0x00000000031d7000 	/System/Library/Frameworks/Security.framework/Versions/A/Security
0x00000000031d7000 	/System/Library/Frameworks/ApplicationServices.framework/Versions/A/ApplicationServices
0x00000000031d7000 	/usr/lib/libz.1.dylib
0x00000000031d7000 	/usr/lib/libSystem.B.dylib
0x00000000031d7000 	/usr/lib/libobjc.A.dylib
0x00000000031d7000 	/System/Library/Frameworks/CoreFoundation.framework/Versions/A/CoreFoundation
0x00000000031d7000 	/System/Library/Frameworks/Foundation.framework/Versions/C/Foundation
0x00000000031d7000 	/System/Library/Frameworks/AppKit.framework/Versions/C/AppKit
0x00000000031d7000 	/System/Library/Frameworks/CoreData.framework/Versions/A/CoreData
0x00000000031d7000 	/System/Library/PrivateFrameworks/RemoteViewServices.framework/Versions/A/RemoteViewServices
0x00000000031d7000 	/System/Library/PrivateFrameworks/UIFoundation.framework/Versions/A/UIFoundation
0x00000000031d7000 	/System/Library/Frameworks/IOSurface.framework/Versions/A/IOSurface
0x00000000031d7000 	/System/Library/Frameworks/AudioToolbox.framework/Versions/A/AudioToolbox
0x00000000031d7000 	/System/Library/Frameworks/AudioUnit.framework/Versions/A/AudioUnit
0x00000000031d7000 	/System/Library/PrivateFrameworks/DataDetectorsCore.framework/Versions/A/DataDetectorsCore
0x00000000031d7000 	/System/Library/PrivateFrameworks/DesktopServicesPriv.framework/Versions/A/DesktopServicesPriv
0x00000000031d7000 	/System/Library/Frameworks/Carbon.framework/Versions/A/Frameworks/HIToolbox.framework/Versions/A/HIToolbox
0x00000000031d7000 	/System/Library/Frameworks/QuartzCore.framework/Versions/A/QuartzCore
0x00000000031d7000 	/System/Library/Frameworks/Carbon.framework/Versions/A/Frameworks/SpeechRecognition.framework/Versions/A/SpeechRecognition
0x00000000031d7000 	/usr/lib/libauto.dylib
0x00000000031d7000 	/usr/lib/libicucore.A.dylib
0x00000000031d7000 	/usr/lib/libxml2.2.dylib
0x00000000031d7000 	/System/Library/PrivateFrameworks/CoreUI.framework/Versions/A/CoreUI
0x00000000031d7000 	/System/Library/Frameworks/CoreAudio.framework/Versions/A/CoreAudio
0x00000000031d7000 	/System/Library/Frameworks/DiskArbitration.framework/Versions/A/DiskArbitration
0x00000000031d7000 	/usr/lib/liblangid.dylib
0x00000000031d7000 	/System/Library/PrivateFrameworks/MultitouchSupport.framework/Versions/A/MultitouchSupport
0x00000000031d7000 	/System/Library/Frameworks/IOKit.framework/Versions/A/IOKit
0x00000000031d7000 	/usr/lib/libDiagnosticMessagesClient.dylib
0x00000000031d7000 	/System/Library/Frameworks/CoreServices.framework/Versions/A/CoreServices
0x00000000031d7000 	/System/Library/PrivateFrameworks/PerformanceAnalysis.framework/Versions/A/PerformanceAnalysis
0x00000000031d7000 	/System/Library/PrivateFrameworks/GenerationalStorage.framework/Versions/A/GenerationalStorage
0x00000000031d7000 	/System/Library/Frameworks/OpenGL.framework/Versions/A/OpenGL
0x00000000031d7000 	/System/Library/PrivateFrameworks/Sharing.framework/Versions/A/Sharing
0x00000000031d7000 	/System/Library/Frameworks/CoreGraphics.framework/Versions/A/CoreGraphics
0x00000000031d7000 	/System/Library/Frameworks/CoreText.framework/Versions/A/CoreText
0x00000000031d7000 	/System/Library/Frameworks/ImageIO.framework/Versions/A/ImageIO
0x00000000031d7000 	/usr/lib/libextension.dylib
0x00000000031d7000 	/System/Library/PrivateFrameworks/Backup.framework/Versions/A/Backup
0x00000000031d7000 	/usr/lib/libarchive.2.dylib
0x00000000031d7000 	/System/Library/Frameworks/CFNetwork.framework/Versions/A/CFNetwork
0x00000000031d7000 	/System/Library/Frameworks/SystemConfiguration.framework/Versions/A/SystemConfiguration
0x00000000031d7000 	/usr/lib/libCRFSuite.dylib
0x00000000031d7000 	/usr/lib/libc++.1.dylib
0x00000000031d7000 	/usr/lib/libc++abi.dylib
0x00000000031d7000 	/usr/lib/system/libcache.dylib
0x00000000031d7000 	/usr/lib/system/libcommonCrypto.dylib
0x00000000031d7000 	/usr/lib/system/libcompiler_rt.dylib
0x00000000031d7000 	/usr/lib/system/libcopyfile.dylib
0x00000000031d7000 	/usr/lib/system/libcorecrypto.dylib
0x00000000031d7000 	/usr/lib/system/libdispatch.dylib
0x00000000031d7000 	/usr/lib/system/libdyld.dylib
0x00000000031d7000 	/usr/lib/system/libkeymgr.dylib
0x00000000031d7000 	/usr/lib/system/liblaunch.dylib
0x00000000031d7000 	/usr/lib/system/libmacho.dylib
0x00000000031d7000 	/usr/lib/system/libquarantine.dylib
0x00000000031d7000 	/usr/lib/system/libremovefile.dylib
0x00000000031d7000 	/usr/lib/system/libsystem_asl.dylib
0x00000000031d7000 	/usr/lib/system/libsystem_blocks.dylib
0x00000000031d7000 	/usr/lib/system/libsystem_c.dylib
0x00000000031d7000 	/usr/lib/system/libsystem_configuration.dylib
0x00000000031d7000 	/usr/lib/system/libsystem_coreservices.dylib
0x00000000031d7000 	/usr/lib/system/libsystem_coretls.dylib
0x00000000031d7000 	/usr/lib/system/libsystem_dnssd.dylib
0x00000000031d7000 	/usr/lib/system/libsystem_info.dylib
0x00000000031d7000 	/usr/lib/system/libsystem_kernel.dylib
0x00000000031d7000 	/usr/lib/system/libsystem_m.dylib
0x00000000031d7000 	/usr/lib/system/libsystem_malloc.dylib
0x00000000031d7000 	/usr/lib/system/libsystem_network.dylib
0x00000000031d7000 	/usr/lib/system/libsystem_networkextension.dylib
0x00000000031d7000 	/usr/lib/system/libsystem_notify.dylib
0x00000000031d7000 	/usr/lib/system/libsystem_platform.dylib
0x00000000031d7000 	/usr/lib/system/libsystem_pthread.dylib
0x00000000031d7000 	/usr/lib/system/libsystem_sandbox.dylib
0x00000000031d7000 	/usr/lib/system/libsystem_secinit.dylib
0x00000000031d7000 	/usr/lib/system/libsystem_stats.dylib
0x00000000031d7000 	/usr/lib/system/libsystem_trace.dylib
0x00000000031d7000 	/usr/lib/system/libunc.dylib
0x00000000031d7000 	/usr/lib/system/libunwind.dylib
0x00000000031d7000 	/usr/lib/system/libxpc.dylib
0x00000000031d7000 	/usr/lib/libbz2.1.0.dylib
0x00000000031d7000 	/usr/lib/liblzma.5.dylib
0x00000000031d7000 	/usr/lib/libbsm.0.dylib
0x00000000031d7000 	/usr/lib/libsqlite3.dylib
0x00000000031d7000 	/usr/lib/system/libkxld.dylib
0x00000000031d7000 	/usr/lib/libxar.1.dylib
0x00000000031d7000 	/usr/lib/libpam.2.dylib
0x00000000031d7000 	/usr/lib/libOpenScriptingUtil.dylib
0x00000000031d7000 	/System/Library/Frameworks/CoreServices.framework/Versions/A/Frameworks/FSEvents.framework/Versions/A/FSEvents
0x00000000031d7000 	/System/Library/Frameworks/CoreServices.framework/Versions/A/Frameworks/CarbonCore.framework/Versions/A/CarbonCore
0x00000000031d7000 	/System/Library/Frameworks/CoreServices.framework/Versions/A/Frameworks/Metadata.framework/Versions/A/Metadata
0x00000000031d7000 	/System/Library/Frameworks/CoreServices.framework/Versions/A/Frameworks/OSServices.framework/Versions/A/OSServices
0x00000000031d7000 	/System/Library/Frameworks/CoreServices.framework/Versions/A/Frameworks/SearchKit.framework/Versions/A/SearchKit
0x00000000031d7000 	/System/Library/Frameworks/CoreServices.framework/Versions/A/Frameworks/AE.framework/Versions/A/AE
0x00000000031d7000 	/System/Library/Frameworks/CoreServices.framework/Versions/A/Frameworks/LaunchServices.framework/Versions/A/LaunchServices
0x00000000031d7000 	/System/Library/Frameworks/CoreServices.framework/Versions/A/Frameworks/DictionaryServices.framework/Versions/A/DictionaryServices
0x00000000031d7000 	/System/Library/Frameworks/NetFS.framework/Versions/A/NetFS
0x00000000031d7000 	/System/Library/PrivateFrameworks/NetAuth.framework/Versions/A/NetAuth
0x00000000031d7000 	/System/Library/PrivateFrameworks/login.framework/Versions/A/Frameworks/loginsupport.framework/Versions/A/loginsupport
0x00000000031d7000 	/System/Library/PrivateFrameworks/TCC.framework/Versions/A/TCC
0x00000000031d7000 	/usr/lib/libmecabra.dylib
0x00000000031d7000 	/System/Library/Frameworks/ApplicationServices.framework/Versions/A/Frameworks/ATS.framework/Versions/A/ATS
0x00000000031d7000 	/System/Library/Frameworks/ApplicationServices.framework/Versions/A/Frameworks/ColorSync.framework/Versions/A/ColorSync
0x00000000031d7000 	/System/Library/Frameworks/ApplicationServices.framework/Versions/A/Frameworks/HIServices.framework/Versions/A/HIServices
0x00000000031d7000 	/System/Library/Frameworks/ApplicationServices.framework/Versions/A/Frameworks/LangAnalysis.framework/Versions/A/LangAnalysis
0x00000000031d7000 	/System/Library/Frameworks/ApplicationServices.framework/Versions/A/Frameworks/PrintCore.framework/Versions/A/PrintCore
0x00000000031d7000 	/System/Library/Frameworks/ApplicationServices.framework/Versions/A/Frameworks/QD.framework/Versions/A/QD
0x00000000031d7000 	/System/Library/Frameworks/ApplicationServices.framework/Versions/A/Frameworks/SpeechSynthesis.framework/Versions/A/SpeechSynthesis
0x00000000031d7000 	/System/Library/Frameworks/Accelerate.framework/Versions/A/Accelerate
0x00000000031d7000 	/System/Library/Frameworks/Accelerate.framework/Versions/A/Frameworks/vImage.framework/Versions/A/vImage
0x00000000031d7000 	/System/Library/Frameworks/Accelerate.framework/Versions/A/Frameworks/vecLib.framework/Versions/A/vecLib
0x00000000031d7000 	/System/Library/Frameworks/Accelerate.framework/Versions/A/Frameworks/vecLib.framework/Versions/A/libvDSP.dylib
0x00000000031d7000 	/System/Library/Frameworks/Accelerate.framework/Versions/A/Frameworks/vecLib.framework/Versions/A/libvMisc.dylib
0x00000000031d7000 	/System/Library/Frameworks/Accelerate.framework/Versions/A/Frameworks/vecLib.framework/Versions/A/libLAPACK.dylib
0x00000000031d7000 	/System/Library/Frameworks/Accelerate.framework/Versions/A/Frameworks/vecLib.framework/Versions/A/libBLAS.dylib
0x00000000031d7000 	/System/Library/Frameworks/Accelerate.framework/Versions/A/Frameworks/vecLib.framework/Versions/A/libLinearAlgebra.dylib
0x00000000031d7000 	/System/Library/Frameworks/ApplicationServices.framework/Versions/A/Frameworks/ATS.framework/Versions/A/Resources/libFontParser.dylib
0x00000000031d7000 	/System/Library/Frameworks/ApplicationServices.framework/Versions/A/Frameworks/ATS.framework/Versions/A/Resources/libFontRegistry.dylib
0x00000000031d7000 	/System/Library/PrivateFrameworks/AppleVPA.framework/Versions/A/AppleVPA
0x00000000031d7000 	/System/Library/PrivateFrameworks/AppleJPEG.framework/Versions/A/AppleJPEG
0x00000000031d7000 	/System/Library/Frameworks/ImageIO.framework/Versions/A/Resources/libJPEG.dylib
0x00000000031d7000 	/System/Library/Frameworks/ImageIO.framework/Versions/A/Resources/libTIFF.dylib
0x00000000031d7000 	/System/Library/Frameworks/ImageIO.framework/Versions/A/Resources/libPng.dylib
0x00000000031d7000 	/System/Library/Frameworks/ImageIO.framework/Versions/A/Resources/libGIF.dylib
0x00000000031d7000 	/System/Library/Frameworks/ImageIO.framework/Versions/A/Resources/libJP2.dylib
0x00000000031d7000 	/System/Library/Frameworks/ImageIO.framework/Versions/A/Resources/libRadiance.dylib
0x00000000031d7000 	/System/Library/Frameworks/CoreVideo.framework/Versions/A/CoreVideo
0x00000000031d7000 	/System/Library/Frameworks/OpenGL.framework/Versions/A/Libraries/libGLU.dylib
0x00000000031d7000 	/System/Library/Frameworks/OpenGL.framework/Versions/A/Libraries/libGFXShared.dylib
0x00000000031d7000 	/System/Library/Frameworks/OpenGL.framework/Versions/A/Libraries/libGL.dylib
0x00000000031d7000 	/System/Library/Frameworks/OpenGL.framework/Versions/A/Libraries/libGLImage.dylib
0x00000000031d7000 	/System/Library/Frameworks/OpenGL.framework/Versions/A/Libraries/libCVMSPluginSupport.dylib
0x00000000031d7000 	/System/Library/Frameworks/OpenGL.framework/Versions/A/Libraries/libCoreVMClient.dylib
0x00000000031d7000 	/usr/lib/libcups.2.dylib
0x00000000031d7000 	/System/Library/Frameworks/Kerberos.framework/Versions/A/Kerberos
0x00000000031d7000 	/System/Library/Frameworks/GSS.framework/Versions/A/GSS
0x00000000031d7000 	/usr/lib/libresolv.9.dylib
0x00000000031d7000 	/usr/lib/libiconv.2.dylib
0x00000000031d7000 	/System/Library/PrivateFrameworks/Heimdal.framework/Versions/A/Heimdal
0x00000000031d7000 	/usr/lib/libheimdal-asn1.dylib
0x00000000031d7000 	/System/Library/Frameworks/OpenDirectory.framework/Versions/A/OpenDirectory
0x00000000031d7000 	/System/Library/PrivateFrameworks/CommonAuth.framework/Versions/A/CommonAuth
0x00000000031d7000 	/System/Library/Frameworks/OpenDirectory.framework/Versions/A/Frameworks/CFOpenDirectory.framework/Versions/A/CFOpenDirectory
0x00000000031d7000 	/System/Library/Frameworks/SecurityFoundation.framework/Versions/A/SecurityFoundation
0x00000000031d7000 	/System/Library/PrivateFrameworks/LanguageModeling.framework/Versions/A/LanguageModeling
0x00000000031d7000 	/usr/lib/libcmph.dylib
0x00000000031d7000 	/System/Library/Frameworks/ServiceManagement.framework/Versions/A/ServiceManagement
0x00000000031d7000 	/usr/lib/libxslt.1.dylib
0x00000000031d7000 	/System/Library/Frameworks/Carbon.framework/Versions/A/Frameworks/Ink.framework/Versions/A/Ink
0x00000000031d7000 	/System/Library/Frameworks/QuartzCore.framework/Versions/A/Frameworks/CoreImage.framework/Versions/A/CoreImage
0x00000000031d7000 	/System/Library/PrivateFrameworks/CrashReporterSupport.framework/Versions/A/CrashReporterSupport
0x00000000031d7000 	/System/Library/Frameworks/OpenCL.framework/Versions/A/OpenCL
0x00000000031d7000 	/System/Library/PrivateFrameworks/FaceCore.framework/Versions/A/FaceCore
0x00000000031d7000 	/System/Library/PrivateFrameworks/Ubiquity.framework/Versions/A/Ubiquity
0x00000000031d7000 	/System/Library/PrivateFrameworks/IconServices.framework/Versions/A/IconServices
0x00000000031d7000 	/System/Library/PrivateFrameworks/ChunkingLibrary.framework/Versions/A/ChunkingLibrary
0x00000000031d7000 	/System/Library/PrivateFrameworks/Apple80211.framework/Versions/A/Apple80211
0x00000000031d7000 	/System/Library/Frameworks/CoreWLAN.framework/Versions/A/CoreWLAN
0x00000000031d7000 	/System/Library/Frameworks/IOBluetooth.framework/Versions/A/IOBluetooth
0x00000000031d7000 	/System/Library/PrivateFrameworks/CoreWiFi.framework/Versions/A/CoreWiFi
0x00000000031d7000 	/System/Library/Frameworks/CoreBluetooth.framework/Versions/A/CoreBluetooth
0x00000000031d7000 	/System/Library/PrivateFrameworks/DebugSymbols.framework/Versions/A/DebugSymbols
0x00000000031d7000 	/System/Library/PrivateFrameworks/CoreSymbolication.framework/Versions/A/CoreSymbolication
0x00000000031d7000 	/System/Library/PrivateFrameworks/Symbolication.framework/Versions/A/Symbolication
0x00000000031d7000 	/System/Library/PrivateFrameworks/SpeechRecognitionCore.framework/Versions/A/SpeechRecognitionCore
0x00000001002ef000 	/Library/Java/JavaVirtualMachines/jdk1.8.0_45.jdk/Contents/Home/jre/lib/server/libjvm.dylib
0x00000000031d7000 	/usr/lib/libstdc++.6.dylib
0x000000010135b000 	/Library/Java/JavaVirtualMachines/jdk1.8.0_45.jdk/Contents/Home/jre/lib/libverify.dylib
0x0000000101369000 	/Library/Java/JavaVirtualMachines/jdk1.8.0_45.jdk/Contents/Home/jre/lib/libjava.dylib
0x00000001013bf000 	/Library/Java/JavaVirtualMachines/jdk1.8.0_45.jdk/Contents/Home/jre/lib/libzip.dylib
0x00000001211f4000 	/System/Library/Frameworks/JavaVM.framework/Frameworks/JavaRuntimeSupport.framework/JavaRuntimeSupport
0x000000012120c000 	/System/Library/Frameworks/JavaVM.framework/Versions/A/Frameworks/JavaNativeFoundation.framework/Versions/A/JavaNativeFoundation
0x00000001013f1000 	/System/Library/Frameworks/JavaVM.framework/Versions/A/JavaVM
0x00000000031d7000 	/System/Library/Frameworks/Carbon.framework/Versions/A/Carbon
0x0000000121221000 	/System/Library/PrivateFrameworks/JavaLaunching.framework/Versions/A/JavaLaunching
0x00000000031d7000 	/System/Library/Frameworks/Carbon.framework/Versions/A/Frameworks/CommonPanels.framework/Versions/A/CommonPanels
0x00000000031d7000 	/System/Library/Frameworks/Carbon.framework/Versions/A/Frameworks/Help.framework/Versions/A/Help
0x00000000031d7000 	/System/Library/Frameworks/Carbon.framework/Versions/A/Frameworks/ImageCapture.framework/Versions/A/ImageCapture
0x00000000031d7000 	/System/Library/Frameworks/Carbon.framework/Versions/A/Frameworks/OpenScripting.framework/Versions/A/OpenScripting
0x00000000031d7000 	/System/Library/Frameworks/Carbon.framework/Versions/A/Frameworks/Print.framework/Versions/A/Print
0x00000000031d7000 	/System/Library/Frameworks/Carbon.framework/Versions/A/Frameworks/SecurityHI.framework/Versions/A/SecurityHI
0x00000001231fa000 	/Applications/IntelliJ IDEA 14 CE.app/Contents/bin/libbreakgen64.jnilib
0x0000000123300000 	/Library/Java/JavaVirtualMachines/jdk1.8.0_45.jdk/Contents/Home/jre/lib/libnet.dylib
0x000000012335f000 	/Library/Java/JavaVirtualMachines/jdk1.8.0_45.jdk/Contents/Home/jre/lib/libawt.dylib
0x0000000123407000 	/Library/Java/JavaVirtualMachines/jdk1.8.0_45.jdk/Contents/Home/jre/lib/./libmlib_image.dylib
0x00000001234d3000 	/Library/Java/JavaVirtualMachines/jdk1.8.0_45.jdk/Contents/Home/jre/lib/libawt_lwawt.dylib
0x0000000123587000 	/Library/Java/JavaVirtualMachines/jdk1.8.0_45.jdk/Contents/Home/jre/lib/./libosxapp.dylib
0x00000000031d7000 	/System/Library/Frameworks/ExceptionHandling.framework/Versions/A/ExceptionHandling
0x00000000031d7000 	/System/Library/PrivateFrameworks/CoreServicesInternal.framework/Versions/A/CoreServicesInternal
0x00000000031d7000 	/System/Library/PrivateFrameworks/CloudDocs.framework/Versions/A/CloudDocs
0x00000000031d7000 	/System/Library/PrivateFrameworks/CoreDuet.framework/Versions/A/CoreDuet
0x00000000031d7000 	/System/Library/Frameworks/CloudKit.framework/Versions/A/CloudKit
0x00000000031d7000 	/System/Library/PrivateFrameworks/ProtocolBuffer.framework/Versions/A/ProtocolBuffer
0x00000000031d7000 	/System/Library/PrivateFrameworks/CoreDuetDaemonProtocol.framework/Versions/A/CoreDuetDaemonProtocol
0x00000000031d7000 	/System/Library/PrivateFrameworks/CoreDuetDebugLogging.framework/Versions/A/CoreDuetDebugLogging
0x00000000031d7000 	/System/Library/PrivateFrameworks/MMCS.framework/Versions/A/MMCS
0x00000000031d7000 	/System/Library/Frameworks/CoreLocation.framework/Versions/A/CoreLocation
0x00000000031d7000 	/System/Library/PrivateFrameworks/ProtectedCloudStorage.framework/Versions/A/ProtectedCloudStorage
0x00000000031d7000 	/System/Library/PrivateFrameworks/GeoServices.framework/Versions/A/GeoServices
0x00000000031d7000 	/System/Library/Frameworks/CoreGraphics.framework/Versions/A/Resources/libCGCMS.A.dylib
0x00000000031d7000 	/System/Library/Frameworks/CoreGraphics.framework/Versions/A/Resources/libRIP.A.dylib
0x00000000031d7000 	/System/Library/Frameworks/CoreGraphics.framework/Versions/A/Resources/libCGXType.A.dylib
0x00000000031d7000 	/System/Library/Frameworks/OpenCL.framework/Versions/A/Libraries/libcldcpuengine.dylib
0x00000000031d7000 	/System/Library/PrivateFrameworks/DiskImages.framework/Versions/A/DiskImages
0x00000000031d7000 	/System/Library/Frameworks/DiscRecording.framework/Versions/A/DiscRecording
0x00000000031d7000 	/usr/lib/libcsfde.dylib
0x00000000031d7000 	/usr/lib/libcurl.4.dylib
0x00000000031d7000 	/System/Library/PrivateFrameworks/MediaKit.framework/Versions/A/MediaKit
0x00000000031d7000 	/usr/lib/libCoreStorage.dylib
0x00000000031d7000 	/System/Library/PrivateFrameworks/EFILogin.framework/Versions/A/EFILogin
0x00000000031d7000 	/usr/lib/libutil.dylib
0x00000000031d7000 	/System/Library/PrivateFrameworks/FindMyDevice.framework/Versions/A/FindMyDevice
0x00000000031d7000 	/System/Library/Frameworks/LDAP.framework/Versions/A/LDAP
0x00000000031d7000 	/usr/lib/libsasl2.2.dylib
0x00000000031d7000 	/System/Library/PrivateFrameworks/CoreDaemon.framework/Versions/B/CoreDaemon
0x00000000031d7000 	/usr/lib/libcrypto.0.9.8.dylib
0x00000000031d7000 	/System/Library/PrivateFrameworks/AppleSRP.framework/Versions/A/AppleSRP
0x00000000031d7000 	/System/Library/PrivateFrameworks/TrustEvaluationAgent.framework/Versions/A/TrustEvaluationAgent
0x000000012659c000 	cl_kernels
0x000000012659e000 	/System/Library/Frameworks/OpenCL.framework/Versions/A/Libraries/ImageFormats/unorm8_bgra.dylib
0x000000012658d000 	cl_kernels
0x00000000031d7000 	/System/Library/PrivateFrameworks/FamilyControls.framework/Versions/A/FamilyControls
0x00000000031d7000 	/System/Library/PrivateFrameworks/CommerceKit.framework/Versions/A/Frameworks/CommerceCore.framework/Versions/A/CommerceCore
0x00000000031d7000 	/System/Library/PrivateFrameworks/SystemAdministration.framework/Versions/A/SystemAdministration
0x00000000031d7000 	/System/Library/PrivateFrameworks/AppContainer.framework/Versions/A/AppContainer
0x00000000031d7000 	/System/Library/PrivateFrameworks/SecCodeWrapper.framework/Versions/A/SecCodeWrapper
0x00000000031d7000 	/System/Library/Frameworks/DirectoryService.framework/Versions/A/DirectoryService
0x00000000031d7000 	/System/Library/PrivateFrameworks/LoginUIKit.framework/Versions/A/Frameworks/LoginUICore.framework/Versions/A/LoginUICore
0x00000000031d7000 	/usr/lib/libodfde.dylib
0x00000000031d7000 	/System/Library/Frameworks/OpenGL.framework/Versions/A/Resources/GLEngine.bundle/GLEngine
0x00000000031d7000 	/System/Library/Frameworks/OpenGL.framework/Versions/A/Libraries/libGLProgrammability.dylib
0x0000000000000000 	/System/Library/Extensions/GeForceGLDriver.bundle/Contents/MacOS/GeForceGLDriver
0x00000000031d7000 	/System/Library/Extensions/GeForceGLDriver.bundle/Contents/MacOS/libclh.dylib
0x00000000031d7000 	/System/Library/PrivateFrameworks/IOAccelerator.framework/Versions/A/IOAccelerator
0x00000000031d7000 	/System/Library/PrivateFrameworks/GPUSupport.framework/Versions/A/Libraries/libGPUSupportMercury.dylib
0x00000000031d7000 	/System/Library/Frameworks/OpenGL.framework/Versions/A/Resources/GLRendererFloat.bundle/GLRendererFloat
0x0000000128dd4000 	/Library/Java/JavaVirtualMachines/jdk1.8.0_45.jdk/Contents/Home/jre/lib/libfontmanager.dylib
0x0000000128e3b000 	/Library/Java/JavaVirtualMachines/jdk1.8.0_45.jdk/Contents/Home/jre/lib/libosxui.dylib
0x000000012a52b000 	/Library/Java/JavaVirtualMachines/jdk1.8.0_45.jdk/Contents/Home/jre/lib/libnio.dylib
0x000000012ae9f000 	/Library/Java/JavaVirtualMachines/jdk1.8.0_45.jdk/Contents/Home/jre/lib/libosx.dylib
0x00000000031d7000 	/System/Library/Frameworks/Accelerate.framework/Versions/A/Frameworks/vImage.framework/Versions/A/Libraries/libCGInterfaces.dylib
0x0000000134ea5000 	/Library/Java/JavaVirtualMachines/jdk1.8.0_45.jdk/Contents/Home/jre/lib/libdcpr.dylib
0x0000000134653000 	/Library/Java/JavaVirtualMachines/jdk1.8.0_45.jdk/Contents/Home/jre/lib/libsunec.dylib

VM Arguments:
jvm_args: -Didea.launcher.port=7537 -Didea.launcher.bin.path=/Applications/IntelliJ IDEA 14 CE.app/Contents/bin -Dfile.encoding=UTF-8 
java_command: com.intellij.rt.execution.application.AppMain OkcApp
java_class_path (initial): /Library/Java/JavaVirtualMachines/jdk1.8.0_45.jdk/Contents/Home/lib/ant-javafx.jar:/Library/Java/JavaVirtualMachines/jdk1.8.0_45.jdk/Contents/Home/lib/dt.jar:/Library/Java/JavaVirtualMachines/jdk1.8.0_45.jdk/Contents/Home/lib/javafx-mx.jar:/Library/Java/JavaVirtualMachines/jdk1.8.0_45.jdk/Contents/Home/lib/jconsole.jar:/Library/Java/JavaVirtualMachines/jdk1.8.0_45.jdk/Contents/Home/lib/packager.jar:/Library/Java/JavaVirtualMachines/jdk1.8.0_45.jdk/Contents/Home/lib/sa-jdi.jar:/Library/Java/JavaVirtualMachines/jdk1.8.0_45.jdk/Contents/Home/lib/tools.jar:/Library/Java/JavaVirtualMachines/jdk1.8.0_45.jdk/Contents/Home/jre/lib/charsets.jar:/Library/Java/JavaVirtualMachines/jdk1.8.0_45.jdk/Contents/Home/jre/lib/deploy.jar:/Library/Java/JavaVirtualMachines/jdk1.8.0_45.jdk/Contents/Home/jre/lib/javaws.jar:/Library/Java/JavaVirtualMachines/jdk1.8.0_45.jdk/Contents/Home/jre/lib/jce.jar:/Library/Java/JavaVirtualMachines/jdk1.8.0_45.jdk/Contents/Home/jre/lib/jfr.jar:/Library/Java/JavaVirtualMachines/jdk1.8.0_45.jdk/Contents/Home/jre/lib/jfxswt.jar:/Library/Java/JavaVirtualMachines/jdk1.8.0_45.jdk/Contents/Home/jre/lib/jsse.jar:/Library/Java/JavaVirtualMachines/jdk1.8.0_45.jdk/Contents/Home/jre/lib/management-agent.jar:/Library/Java/JavaVirtualMachines/jdk1.8.0_45.jdk/Contents/Home/jre/lib/plugin.jar:/Library/Java/JavaVirtualMachines/jdk1.8.0_45.jdk/Contents/Home/jre/lib/resources.jar:/Library/Java/JavaVirtualMachines/jdk1.8.0_45.jdk/Contents/Home/jre/lib/rt.jar:/Library/Java/JavaVirtualMachines/jdk1.8.0_45.jdk/Contents/Home/jre/lib/ext/cldrdata.jar:/Library/Java/JavaVirtualMachines/jdk1.8.0_45.jdk/Contents/Home/jre/lib/ext/dnsns.jar:/Library/Java/JavaVirtualMachines/jdk1.8.0_45.jdk/Contents/Home/jre/lib/ext/jfxrt.jar:/Library/Java/JavaVirtualMachines/jdk1.8.0_45.jdk/Contents/Home/jre/lib/ext/localedata.jar:/Library/Java/JavaVirtualMachines/jdk1.8.0_45.jdk/Contents/Home/jre/lib/ext/nashorn.jar:/Library/Java/JavaVirtualMachines/jdk1.8.0_45.jdk/Conten
Launcher Type: SUN_STANDARD

Environment Variables:
PATH=/usr/local/mysql/bin:/usr/local/bin:/usr/bin:/bin:/usr/sbin:/sbin:/opt/X11/bin:/Users/stuartkuredjian
SHELL=/bin/bash
DISPLAY=/private/tmp/com.apple.launchd.2Fsfa4Jfn1/org.macosforge.xquartz:0

Signal Handlers:
SIGSEGV: [libjvm.dylib+0x58ef95], sa_mask[0]=11111111011111110111111111111111, sa_flags=SA_ONSTACK|SA_RESTART|SA_SIGINFO
SIGBUS: [libjvm.dylib+0x58ef95], sa_mask[0]=11111111011111110111111111111111, sa_flags=SA_RESTART|SA_SIGINFO
SIGFPE: [libjvm.dylib+0x46c108], sa_mask[0]=11111111011111110111111111111111, sa_flags=SA_RESTART|SA_SIGINFO
SIGPIPE: [libjvm.dylib+0x46c108], sa_mask[0]=11111111011111110111111111111111, sa_flags=SA_RESTART|SA_SIGINFO
SIGXFSZ: [libjvm.dylib+0x46c108], sa_mask[0]=11111111011111110111111111111111, sa_flags=SA_RESTART|SA_SIGINFO
SIGILL: [libjvm.dylib+0x46c108], sa_mask[0]=11111111011111110111111111111111, sa_flags=SA_RESTART|SA_SIGINFO
SIGUSR1: SIG_DFL, sa_mask[0]=00000000000000000000000000000000, sa_flags=none
SIGUSR2: [libjvm.dylib+0x46bc26], sa_mask[0]=00100000000000000000000000000000, sa_flags=SA_RESTART|SA_SIGINFO
SIGHUP: [libjvm.dylib+0x46a1f9], sa_mask[0]=11111111011111110111111111111111, sa_flags=SA_RESTART|SA_SIGINFO
SIGINT: [libjvm.dylib+0x46a1f9], sa_mask[0]=11111111011111110111111111111111, sa_flags=SA_RESTART|SA_SIGINFO
SIGTERM: [libjvm.dylib+0x46a1f9], sa_mask[0]=11111111011111110111111111111111, sa_flags=SA_RESTART|SA_SIGINFO
SIGQUIT: [libjvm.dylib+0x46a1f9], sa_mask[0]=11111111011111110111111111111111, sa_flags=SA_RESTART|SA_SIGINFO


---------------  S Y S T E M  ---------------

OS:Bsduname:Darwin 14.4.0 Darwin Kernel Version 14.4.0: Thu May 28 11:35:04 PDT 2015; root:xnu-2782.30.5~1/RELEASE_X86_64 x86_64
rlimit: STACK 8192k, CORE 0k, NPROC 709, NOFILE 10240, AS infinity
load average:4.50 3.94 3.86

CPU:total 4 (4 cores per cpu, 1 threads per core) family 6 model 60 stepping 3, cmov, cx8, fxsr, mmx, sse, sse2, sse3, ssse3, sse4.1, sse4.2, popcnt, avx, avx2, aes, clmul, erms, rtm, lzcnt, tsc, tscinvbit, bmi1, bmi2

Memory: 4k page, physical 25165824k(19212k free)

/proc/meminfo:


vm_info: Java HotSpot(TM) 64-Bit Server VM (25.45-b02) for bsd-amd64 JRE (1.8.0_45-b14), built on Apr 10 2015 10:46:38 by "java_re" with gcc 4.2.1 (Based on Apple Inc. build 5658) (LLVM build 2336.11.00)

time: Wed Sep 16 19:37:27 2015
elapsed time: 204563 seconds (2d 8h 49m 23s)

