#
# A fatal error has been detected by the Java Runtime Environment:
#
#  SIGSEGV (0xb) at pc=0x000000013162be47, pid=64341, tid=50199
#
# JRE version: Java(TM) SE Runtime Environment (8.0_45-b14) (build 1.8.0_45-b14)
# Java VM: Java HotSpot(TM) 64-Bit Server VM (25.45-b02 mixed mode bsd-amd64 compressed oops)
# Problematic frame:
# C  [libawt_lwawt.dylib+0x1ae47]  OGLSD_SetScratchSurface+0x49
#
# Failed to write core dump. Core dumps have been disabled. To enable core dumping, try "ulimit -c unlimited" before starting Java again
#
# If you would like to submit a bug report, please visit:
#   http://bugreport.java.com/bugreport/crash.jsp
# The crash happened outside the Java Virtual Machine in native code.
# See problematic frame for where to report the bug.
#

---------------  T H R E A D  ---------------

Current thread (0x00007fbb9317d000):  JavaThread "Java2D Queue Flusher" daemon [_thread_in_native, id=50199, stack(0x00000001359ec000,0x0000000135aec000)]

siginfo: si_signo: 11 (SIGSEGV), si_code: 1 (SEGV_MAPERR), si_addr: 0x0000000000000004

Registers:
RAX=0x00000000ffffffff, RBX=0x0000000000000004, RCX=0x0000000000000047, RDX=0x000000013164c7ac
RSP=0x0000000135aeb6e0, RBP=0x0000000135aeb700, RSI=0x00007fbb93fe48b0, RDI=0x00007fbb9317d1f8
R8 =0x0000000000001bad, R9 =0x0000000000000060, R10=0x000000010fe920f8, R11=0x0000000000000202
R12=0x0000000000000000, R13=0x0000000110a9c990, R14=0x00007fbb9317d1f8, R15=0x00007fbb9317d000
RIP=0x000000013162be47, EFLAGS=0x0000000000010202, ERR=0x0000000000000004
  TRAPNO=0x000000000000000e

Top of Stack: (sp=0x0000000135aeb6e0)
0x0000000135aeb6e0:   00007fbb93fe48b0 0000000000000000
0x0000000135aeb6f0:   00007fbb920b7610 00007fbb9317d000
0x0000000135aeb700:   0000000135aeb780 000000013164c28a
0x0000000135aeb710:   0000000035aeb960 0000000143c8c280
0x0000000135aeb720:   0000000000000000 0000000110a9c990
0x0000000135aeb730:   0000000135aeb750 0000000000000064
0x0000000135aeb740:   00007fbb93018608 00007fbb920b7620
0x0000000135aeb750:   00007fbb0017d000 00007fbb9317d1f8
0x0000000135aeb760:   0000000143c8c280 0000000000000000
0x0000000135aeb770:   0000000135aeb960 00007fbb9317d000
0x0000000135aeb780:   0000000135aeb7d0 000000010fe9216a
0x0000000135aeb790:   0000000640016248 000000010f139b83
0x0000000135aeb7a0:   0000000000000005 00007fbb9317d000
0x0000000135aeb7b0:   0000000640016201 00007fbb91766f80
0x0000000135aeb7c0:   0000000135aeb700 00007fbb9317d000
0x0000000135aeb7d0:   0000000135aeb9d0 0000000110c6103c
0x0000000135aeb7e0:   0000000135aeb960 00007fbb9317d000
0x0000000135aeb7f0:   0000000135aeb840 00000001102cbae8
0x0000000135aeb800:   00000006400162f0 0000000135aeb830
0x0000000135aeb810:   000000012d5ae8d0 0000000143ce9180
0x0000000135aeb820:   0000000000000010 000000011016fcd8
0x0000000135aeb830:   0000000640016248 0000000000000202
0x0000000135aeb840:   0000000135aeb9d0 0000000110a9d724
0x0000000135aeb850:   0000000000000006 0000000000000000
0x0000000135aeb860:   0000000135aeb880 00007fbb91584000
0x0000000135aeb870:   0000000135aeb8d0 000000010f2c5d2f
0x0000000135aeb880:   0000000135aeb8e8 000000010fd87a98
0x0000000135aeb890:   000000010fd6e5d0 0000000100000000
0x0000000135aeb8a0:   0000000135aeb938 0000000135aeb8e8
0x0000000135aeb8b0:   00000000000000db 0000000000000000
0x0000000135aeb8c0:   0000000135aeb960 00007fbb9317d000
0x0000000135aeb8d0:   0000000135aeb938 000000010fd87ada 

Instructions: (pc=0x000000013162be47)
0x000000013162be27:   c0 e9 82 00 00 00 48 8b 5e 10 48 85 db 75 0e bf
0x000000013162be37:   01 00 00 00 48 8d 15 a4 76 03 00 eb d6 49 89 fe
0x000000013162be47:   4c 8b 3b 30 c0 e8 5f a3 02 00 49 8b 3f 49 89 c4
0x000000013162be57:   48 8b 35 ca f6 05 00 30 c0 e8 a1 a4 02 00 48 85 

Register to memory mapping:

RAX=0x00000000ffffffff is an unknown value
RBX=0x0000000000000004 is an unknown value
RCX=0x0000000000000047 is an unknown value
RDX=0x000000013164c7ac: Java_sun_java2d_opengl_OGLRenderQueue_flushBuffer+0xb5c in /Library/Java/JavaVirtualMachines/jdk1.8.0_45.jdk/Contents/Home/jre/lib/libawt_lwawt.dylib at 0x0000000131611000
RSP=0x0000000135aeb6e0 is pointing into the stack for thread: 0x00007fbb9317d000
RBP=0x0000000135aeb700 is pointing into the stack for thread: 0x00007fbb9317d000
RSI=0x00007fbb93fe48b0 is an unknown value
RDI=0x00007fbb9317d1f8 is an unknown value
R8 =0x0000000000001bad is an unknown value
R9 =0x0000000000000060 is an unknown value
R10=0x000000010fe920f8 is at entry_point+56 in (nmethod*)0x000000010fe91f50
R11=0x0000000000000202 is an unknown value
R12=0x0000000000000000 is an unknown value
R13=0x0000000110a9c990 is at entry_point+-944 in (nmethod*)0x0000000110a9c990
R14=0x00007fbb9317d1f8 is an unknown value
R15=0x00007fbb9317d000 is a thread


Stack: [0x00000001359ec000,0x0000000135aec000],  sp=0x0000000135aeb6e0,  free space=1021k
Native frames: (J=compiled Java code, j=interpreted, Vv=VM code, C=native code)
C  [libawt_lwawt.dylib+0x1ae47]  OGLSD_SetScratchSurface+0x49
C  [libawt_lwawt.dylib+0x3b28a]  Java_sun_java2d_opengl_OGLRenderQueue_flushBuffer+0x63a
J 2836  sun.java2d.opengl.OGLRenderQueue.flushBuffer(JI)V (0 bytes) @ 0x000000010fe9216a [0x000000010fe920c0+0xaa]
J 5896 C1 sun.java2d.opengl.OGLRenderQueue.flushBuffer()V (41 bytes) @ 0x0000000110c6103c [0x0000000110c60de0+0x25c]
J 6135% C1 sun.java2d.opengl.OGLRenderQueue$QueueFlusher.run()V (234 bytes) @ 0x0000000110a9d724 [0x0000000110a9cd40+0x9e4]
v  ~StubRoutines::call_stub
V  [libjvm.dylib+0x2e032a]  JavaCalls::call_helper(JavaValue*, methodHandle*, JavaCallArguments*, Thread*)+0x6ae
V  [libjvm.dylib+0x2e0ab8]  JavaCalls::call_virtual(JavaValue*, KlassHandle, Symbol*, Symbol*, JavaCallArguments*, Thread*)+0x164
V  [libjvm.dylib+0x2e0c64]  JavaCalls::call_virtual(JavaValue*, Handle, KlassHandle, Symbol*, Symbol*, Thread*)+0x4a
V  [libjvm.dylib+0x3331a5]  thread_entry(JavaThread*, Thread*)+0x7c
V  [libjvm.dylib+0x549acf]  JavaThread::thread_main_inner()+0x9b
V  [libjvm.dylib+0x54b1c0]  JavaThread::run()+0x1c2
V  [libjvm.dylib+0x46ea7e]  java_start(Thread*)+0xf6
C  [libsystem_pthread.dylib+0x405a]  _pthread_body+0x83
C  [libsystem_pthread.dylib+0x3fd7]  _pthread_body+0x0
C  [libsystem_pthread.dylib+0x13ed]  thread_start+0xd
C  0x0000000000000000

Java frames: (J=compiled Java code, j=interpreted, Vv=VM code)
J 2836  sun.java2d.opengl.OGLRenderQueue.flushBuffer(JI)V (0 bytes) @ 0x000000010fe920f8 [0x000000010fe920c0+0x38]
J 5896 C1 sun.java2d.opengl.OGLRenderQueue.flushBuffer()V (41 bytes) @ 0x0000000110c6103c [0x0000000110c60de0+0x25c]
J 6135% C1 sun.java2d.opengl.OGLRenderQueue$QueueFlusher.run()V (234 bytes) @ 0x0000000110a9d724 [0x0000000110a9cd40+0x9e4]
v  ~StubRoutines::call_stub

---------------  P R O C E S S  ---------------

Java Threads: ( => current thread )
  0x00007fbb92b15000 JavaThread "Keep-Alive-Timer" daemon [_thread_blocked, id=56603, stack(0x0000000147560000,0x0000000147660000)]
  0x00007fbb96b3e000 JavaThread "Visitor Count Thread" [_thread_in_Java, id=37111, stack(0x0000000143df5000,0x0000000143ef5000)]
  0x00007fbb96b1d800 JavaThread "Count-down Thread" [_thread_blocked, id=62003, stack(0x00000001448b9000,0x00000001449b9000)]
  0x00007fbb98e24800 JavaThread "AutoWatchThread-2" [_thread_blocked, id=36463, stack(0x00000001437fe000,0x00000001438fe000)]
  0x00007fbb91823000 JavaThread "TimerQueue" daemon [_thread_blocked, id=24911, stack(0x00000001316e2000,0x00000001317e2000)]
  0x00007fbb91ac5800 JavaThread "DestroyJavaVM" [_thread_blocked, id=4867, stack(0x000000010e445000,0x000000010e545000)]
  0x00007fbb929d4000 JavaThread "Timer-0" daemon [_thread_blocked, id=58123, stack(0x000000013cf9e000,0x000000013d09e000)]
  0x00007fbb9291c000 JavaThread "Print Thread" [_thread_blocked, id=52303, stack(0x0000000137207000,0x0000000137307000)]
  0x00007fbb9189d800 JavaThread "Java2D Disposer" daemon [_thread_blocked, id=51479, stack(0x0000000136812000,0x0000000136912000)]
=>0x00007fbb9317d000 JavaThread "Java2D Queue Flusher" daemon [_thread_in_native, id=50199, stack(0x00000001359ec000,0x0000000135aec000)]
  0x00007fbb93102000 JavaThread "AWT-Shutdown" [_thread_blocked, id=28435, stack(0x0000000132f47000,0x0000000133047000)]
  0x00007fbb930f2800 JavaThread "AppKit Thread" daemon [_thread_in_native, id=1299, stack(0x00007fff510d2000,0x00007fff518d2000)]
  0x00007fbb930f7800 JavaThread "Monitor Ctrl-Break" daemon [_thread_in_native, id=18947, stack(0x000000013133c000,0x000000013143c000)]
  0x00007fbb91808800 JavaThread "Service Thread" daemon [_thread_blocked, id=17923, stack(0x0000000130fcf000,0x00000001310cf000)]
  0x00007fbb9181a000 JavaThread "C1 CompilerThread2" daemon [_thread_blocked, id=17411, stack(0x0000000130ecc000,0x0000000130fcc000)]
  0x00007fbb9307b000 JavaThread "C2 CompilerThread1" daemon [_thread_blocked, id=16899, stack(0x0000000130dc9000,0x0000000130ec9000)]
  0x00007fbb93025800 JavaThread "C2 CompilerThread0" daemon [_thread_blocked, id=16387, stack(0x0000000130cc6000,0x0000000130dc6000)]
  0x00007fbb9200a000 JavaThread "Signal Dispatcher" daemon [_thread_blocked, id=12307, stack(0x0000000130bc3000,0x0000000130cc3000)]
  0x00007fbb9301a000 JavaThread "Finalizer" daemon [_thread_blocked, id=11523, stack(0x000000012f23b000,0x000000012f33b000)]
  0x00007fbb93013800 JavaThread "Reference Handler" daemon [_thread_blocked, id=11011, stack(0x000000012f138000,0x000000012f238000)]

Other Threads:
  0x00007fbb91814000 VMThread [stack: 0x000000012f035000,0x000000012f135000] [id=10499]
  0x00007fbb9181a800 WatcherThread [stack: 0x00000001310d2000,0x00000001311d2000] [id=18435]

VM state:not at safepoint (normal execution)

VM Mutex/Monitor currently owned by a thread: None

Heap:
 PSYoungGen      total 34304K, used 4579K [0x0000000740000000, 0x0000000742a00000, 0x00000007c0000000)
  eden space 30208K, 1% used [0x0000000740000000,0x000000074007fa50,0x0000000741d80000)
  from space 4096K, 99% used [0x0000000742300000,0x00000007426f94f8,0x0000000742700000)
  to   space 5632K, 0% used [0x0000000741d80000,0x0000000741d80000,0x0000000742300000)
 ParOldGen       total 166912K, used 119687K [0x0000000640000000, 0x000000064a300000, 0x0000000740000000)
  object space 166912K, 71% used [0x0000000640000000,0x00000006474e1ee0,0x000000064a300000)
 Metaspace       used 21291K, capacity 21642K, committed 22016K, reserved 1069056K
  class space    used 2415K, capacity 2523K, committed 2560K, reserved 1048576K

Card table byte_map: [0x000000011f129000,0x000000011fd2a000] byte_map_base: 0x000000011bf29000

Marking Bits: (ParMarkBitMap*) 0x000000010f6c27a0
 Begin Bits: [0x0000000120936000, 0x0000000126936000)
 End Bits:   [0x0000000126936000, 0x000000012c936000)

Polling page: 0x000000010e58a000

CodeCache: size=245760Kb used=15962Kb max_used=16204Kb free=229797Kb
 bounds [0x000000010fd69000, 0x0000000110d69000, 0x000000011ed69000]
 total_blobs=5198 nmethods=4611 adapters=498
 compilation: enabled

Compilation events (10 events):
Event: 46169.593 Thread 0x00007fbb9181a000 6133   !   3       java.awt.font.FontRenderContext::<init> (182 bytes)
Event: 46169.595 Thread 0x00007fbb9181a000 nmethod 6133 0x0000000110869650 code [0x0000000110869b20, 0x000000011086ce18]
Event: 46169.598 Thread 0x00007fbb9181a000 6134       3       java.awt.Rectangle::equals (68 bytes)
Event: 46169.599 Thread 0x00007fbb9181a000 nmethod 6134 0x0000000110293250 code [0x00000001102933e0, 0x00000001102938a8]
Event: 46220.367 Thread 0x00007fbb9181a000 6135 %s!   3       sun.java2d.opengl.OGLRenderQueue$QueueFlusher::run @ 2 (234 bytes)
Event: 46220.368 Thread 0x00007fbb9181a000 nmethod 6135% 0x0000000110a9c990 code [0x0000000110a9cd40, 0x0000000110a9f618]
Event: 46248.158 Thread 0x00007fbb93025800 6136       4       sun.java2d.SunGraphics2D::getRenderingHint (224 bytes)
Event: 46248.160 Thread 0x00007fbb93025800 nmethod 6136 0x000000011079ff10 code [0x00000001107a00c0, 0x00000001107a0360]
Event: 46292.315 Thread 0x00007fbb93025800 6137       4       javax.swing.RepaintManager$4::run (5 bytes)
Event: 46292.339 Thread 0x00007fbb93025800 nmethod 6137 0x0000000110853a90 code [0x0000000110853d40, 0x0000000110855070]

GC Heap History (10 events):
Event: 45375.851 GC heap before
{Heap before GC invocations=4025 (full 11):
 PSYoungGen      total 35328K, used 34591K [0x0000000740000000, 0x0000000742600000, 0x00000007c0000000)
  eden space 31744K, 99% used [0x0000000740000000,0x0000000741efa6a8,0x0000000741f00000)
  from space 3584K, 80% used [0x0000000741f00000,0x00000007421cd788,0x0000000742280000)
  to   space 3584K, 0% used [0x0000000742280000,0x0000000742280000,0x0000000742600000)
 ParOldGen       total 166912K, used 115747K [0x0000000640000000, 0x000000064a300000, 0x0000000740000000)
  object space 166912K, 69% used [0x0000000640000000,0x0000000647108ee0,0x000000064a300000)
 Metaspace       used 21260K, capacity 21642K, committed 22016K, reserved 1069056K
  class space    used 2412K, capacity 2523K, committed 2560K, reserved 1048576K
Event: 45375.853 GC heap after
Heap after GC invocations=4025 (full 11):
 PSYoungGen      total 35328K, used 3027K [0x0000000740000000, 0x0000000742600000, 0x00000007c0000000)
  eden space 31744K, 0% used [0x0000000740000000,0x0000000740000000,0x0000000741f00000)
  from space 3584K, 84% used [0x0000000742280000,0x0000000742574db8,0x0000000742600000)
  to   space 3584K, 0% used [0x0000000741f00000,0x0000000741f00000,0x0000000742280000)
 ParOldGen       total 166912K, used 115763K [0x0000000640000000, 0x000000064a300000, 0x0000000740000000)
  object space 166912K, 69% used [0x0000000640000000,0x000000064710cee0,0x000000064a300000)
 Metaspace       used 21260K, capacity 21642K, committed 22016K, reserved 1069056K
  class space    used 2412K, capacity 2523K, committed 2560K, reserved 1048576K
}
Event: 45623.854 GC heap before
{Heap before GC invocations=4026 (full 11):
 PSYoungGen      total 35328K, used 34771K [0x0000000740000000, 0x0000000742600000, 0x00000007c0000000)
  eden space 31744K, 100% used [0x0000000740000000,0x0000000741f00000,0x0000000741f00000)
  from space 3584K, 84% used [0x0000000742280000,0x0000000742574db8,0x0000000742600000)
  to   space 3584K, 0% used [0x0000000741f00000,0x0000000741f00000,0x0000000742280000)
 ParOldGen       total 166912K, used 115763K [0x0000000640000000, 0x000000064a300000, 0x0000000740000000)
  object space 166912K, 69% used [0x0000000640000000,0x000000064710cee0,0x000000064a300000)
 Metaspace       used 21260K, capacity 21642K, committed 22016K, reserved 1069056K
  class space    used 2412K, capacity 2523K, committed 2560K, reserved 1048576K
Event: 45623.856 GC heap after
Heap after GC invocations=4026 (full 11):
 PSYoungGen      total 35328K, used 2627K [0x0000000740000000, 0x0000000742600000, 0x00000007c0000000)
  eden space 31744K, 0% used [0x0000000740000000,0x0000000740000000,0x0000000741f00000)
  from space 3584K, 73% used [0x0000000741f00000,0x0000000742190cf0,0x0000000742280000)
  to   space 3584K, 0% used [0x0000000742280000,0x0000000742280000,0x0000000742600000)
 ParOldGen       total 166912K, used 115771K [0x0000000640000000, 0x000000064a300000, 0x0000000740000000)
  object space 166912K, 69% used [0x0000000640000000,0x000000064710eee0,0x000000064a300000)
 Metaspace       used 21260K, capacity 21642K, committed 22016K, reserved 1069056K
  class space    used 2412K, capacity 2523K, committed 2560K, reserved 1048576K
}
Event: 45914.726 GC heap before
{Heap before GC invocations=4027 (full 11):
 PSYoungGen      total 35328K, used 33417K [0x0000000740000000, 0x0000000742600000, 0x00000007c0000000)
  eden space 31744K, 96% used [0x0000000740000000,0x0000000741e11a38,0x0000000741f00000)
  from space 3584K, 73% used [0x0000000741f00000,0x0000000742190cf0,0x0000000742280000)
  to   space 3584K, 0% used [0x0000000742280000,0x0000000742280000,0x0000000742600000)
 ParOldGen       total 166912K, used 115771K [0x0000000640000000, 0x000000064a300000, 0x0000000740000000)
  object space 166912K, 69% used [0x0000000640000000,0x000000064710eee0,0x000000064a300000)
 Metaspace       used 21262K, capacity 21642K, committed 22016K, reserved 1069056K
  class space    used 2412K, capacity 2523K, committed 2560K, reserved 1048576K
Event: 45914.742 GC heap after
Heap after GC invocations=4027 (full 11):
 PSYoungGen      total 35328K, used 2972K [0x0000000740000000, 0x0000000742600000, 0x00000007c0000000)
  eden space 31744K, 0% used [0x0000000740000000,0x0000000740000000,0x0000000741f00000)
  from space 3584K, 82% used [0x0000000742280000,0x00000007425670e0,0x0000000742600000)
  to   space 3584K, 0% used [0x0000000741f00000,0x0000000741f00000,0x0000000742280000)
 ParOldGen       total 166912K, used 115779K [0x0000000640000000, 0x000000064a300000, 0x0000000740000000)
  object space 166912K, 69% used [0x0000000640000000,0x0000000647110ee0,0x000000064a300000)
 Metaspace       used 21262K, capacity 21642K, committed 22016K, reserved 1069056K
  class space    used 2412K, capacity 2523K, committed 2560K, reserved 1048576K
}
Event: 46108.612 GC heap before
{Heap before GC invocations=4028 (full 11):
 PSYoungGen      total 35328K, used 34716K [0x0000000740000000, 0x0000000742600000, 0x00000007c0000000)
  eden space 31744K, 100% used [0x0000000740000000,0x0000000741f00000,0x0000000741f00000)
  from space 3584K, 82% used [0x0000000742280000,0x00000007425670e0,0x0000000742600000)
  to   space 3584K, 0% used [0x0000000741f00000,0x0000000741f00000,0x0000000742280000)
 ParOldGen       total 166912K, used 115779K [0x0000000640000000, 0x000000064a300000, 0x0000000740000000)
  object space 166912K, 69% used [0x0000000640000000,0x0000000647110ee0,0x000000064a300000)
 Metaspace       used 21282K, capacity 21642K, committed 22016K, reserved 1069056K
  class space    used 2415K, capacity 2523K, committed 2560K, reserved 1048576K
Event: 46108.616 GC heap after
Heap after GC invocations=4028 (full 11):
 PSYoungGen      total 35328K, used 3578K [0x0000000740000000, 0x0000000742700000, 0x00000007c0000000)
  eden space 31744K, 0% used [0x0000000740000000,0x0000000740000000,0x0000000741f00000)
  from space 3584K, 99% used [0x0000000741f00000,0x000000074227eb60,0x0000000742280000)
  to   space 4096K, 0% used [0x0000000742300000,0x0000000742300000,0x0000000742700000)
 ParOldGen       total 166912K, used 117231K [0x0000000640000000, 0x000000064a300000, 0x0000000740000000)
  object space 166912K, 70% used [0x0000000640000000,0x000000064727bf40,0x000000064a300000)
 Metaspace       used 21282K, capacity 21642K, committed 22016K, reserved 1069056K
  class space    used 2415K, capacity 2523K, committed 2560K, reserved 1048576K
}
Event: 46351.952 GC heap before
{Heap before GC invocations=4029 (full 11):
 PSYoungGen      total 35328K, used 35322K [0x0000000740000000, 0x0000000742700000, 0x00000007c0000000)
  eden space 31744K, 100% used [0x0000000740000000,0x0000000741f00000,0x0000000741f00000)
  from space 3584K, 99% used [0x0000000741f00000,0x000000074227eb60,0x0000000742280000)
  to   space 4096K, 0% used [0x0000000742300000,0x0000000742300000,0x0000000742700000)
 ParOldGen       total 166912K, used 117231K [0x0000000640000000, 0x000000064a300000, 0x0000000740000000)
  object space 166912K, 70% used [0x0000000640000000,0x000000064727bf40,0x000000064a300000)
 Metaspace       used 21291K, capacity 21642K, committed 22016K, reserved 1069056K
  class space    used 2415K, capacity 2523K, committed 2560K, reserved 1048576K
Event: 46351.955 GC heap after
Heap after GC invocations=4029 (full 11):
 PSYoungGen      total 34304K, used 4069K [0x0000000740000000, 0x0000000742a00000, 0x00000007c0000000)
  eden space 30208K, 0% used [0x0000000740000000,0x0000000740000000,0x0000000741d80000)
  from space 4096K, 99% used [0x0000000742300000,0x00000007426f94f8,0x0000000742700000)
  to   space 5632K, 0% used [0x0000000741d80000,0x0000000741d80000,0x0000000742300000)
 ParOldGen       total 166912K, used 119687K [0x0000000640000000, 0x000000064a300000, 0x0000000740000000)
  object space 166912K, 71% used [0x0000000640000000,0x00000006474e1ee0,0x000000064a300000)
 Metaspace       used 21291K, capacity 21642K, committed 22016K, reserved 1069056K
  class space    used 2415K, capacity 2523K, committed 2560K, reserved 1048576K
}

Deoptimization events (10 events):
Event: 45915.244 Thread 0x00007fbb9291c000 Uncommon trap: reason=class_check action=maybe_recompile pc=0x00000001102ec674 method=sun.java2d.loops.SurfaceType.pixelFor(ILjava/awt/image/ColorModel;)I @ 6
Event: 45915.244 Thread 0x00007fbb9291c000 Uncommon trap: reason=class_check action=maybe_recompile pc=0x00000001102ec674 method=sun.java2d.loops.SurfaceType.pixelFor(ILjava/awt/image/ColorModel;)I @ 6
Event: 45915.244 Thread 0x00007fbb9291c000 Uncommon trap: reason=class_check action=maybe_recompile pc=0x00000001102ec674 method=sun.java2d.loops.SurfaceType.pixelFor(ILjava/awt/image/ColorModel;)I @ 6
Event: 45915.244 Thread 0x00007fbb9291c000 Uncommon trap: reason=class_check action=maybe_recompile pc=0x00000001102ec674 method=sun.java2d.loops.SurfaceType.pixelFor(ILjava/awt/image/ColorModel;)I @ 6
Event: 45915.681 Thread 0x00007fbb9291c000 Uncommon trap: reason=bimorphic action=maybe_recompile pc=0x000000011063d020 method=javax.swing.RepaintManager$4.run()Ljava/lang/Void; @ 91
Event: 45915.691 Thread 0x00007fbb9291c000 Uncommon trap: reason=unstable_if action=reinterpret pc=0x000000011000199c method=sun.java2d.loops.RenderCache.get(Lsun/java2d/loops/SurfaceType;Lsun/java2d/loops/CompositeType;Lsun/java2d/loops/SurfaceType;)Ljava/lang/Object; @ 52
Event: 45915.692 Thread 0x00007fbb9291c000 Uncommon trap: reason=bimorphic action=maybe_recompile pc=0x000000011063d020 method=javax.swing.RepaintManager$4.run()Ljava/lang/Void; @ 91
Event: 46168.972 Thread 0x00007fbb930f2800 Uncommon trap: reason=class_check action=maybe_recompile pc=0x000000011072fa1c method=java.util.HashMap.removeNode(ILjava/lang/Object;Ljava/lang/Object;ZZ)Ljava/util/HashMap$Node; @ 68
Event: 46169.078 Thread 0x00007fbb9317d000 Uncommon trap: reason=unstable_if action=reinterpret pc=0x00000001109afc60 method=sun.java2d.opengl.OGLRenderQueue$QueueFlusher.run()V @ 34
Event: 46169.513 Thread 0x00007fbb9291c000 Uncommon trap: reason=bimorphic action=maybe_recompile pc=0x000000011063d020 method=javax.swing.RepaintManager$4.run()Ljava/lang/Void; @ 91

Internal exceptions (10 events):
Event: 38296.488 Thread 0x00007fbb9291c000 Implicit null exception at 0x0000000110bfebf0 to 0x0000000110bff9f5
Event: 38296.511 Thread 0x00007fbb9291c000 Implicit null exception at 0x00000001100cb1a0 to 0x00000001100cbe51
Event: 38299.796 Thread 0x00007fbb9291c000 JVM_StopThread thread JavaThread 0x00007fbb92428800 as oop 0x0000000640074008 [exception 0x00000001373046b0]
Event: 38303.786 Thread 0x00007fbb9291c000 Implicit null exception at 0x00000001105a111f to 0x00000001105a11e9
Event: 38304.386 Thread 0x00007fbb98e24800 JVM_StopThread thread JavaThread 0x0000000000000000 as oop 0x0000000640074008 [exception 0x00000001438fd888]
Event: 38354.936 Thread 0x00007fbb9301a000 Exception <a 'java/lang/NullPointerException'> (0x0000000740009598) thrown at [/Users/java_re/workspace/8-2-build-macosx-x86_64/jdk8u45/3457/hotspot/src/share/vm/interpreter/linkResolver.cpp, line 1178]
Event: 41286.423 Thread 0x00007fbb98e24800 JVM_StopThread thread JavaThread 0x00007fbb99169800 as oop 0x0000000640737488 [exception 0x00000001438fd750]
Event: 41286.423 Thread 0x00007fbb99169800 Exception <a 'java/lang/ThreadDeath': sleep interrupted> (0x00000007406177d8) thrown at [/Users/java_re/workspace/8-2-build-macosx-x86_64/jdk8u45/3457/hotspot/src/share/vm/prims/jvm.cpp, line 3211]
Event: 44335.003 Thread 0x00007fbb98e24800 JVM_StopThread thread JavaThread 0x00007fbb96b3e000 as oop 0x0000000741f08000 [exception 0x00000001438fd750]
Event: 44335.003 Thread 0x00007fbb96b3e000 Exception <a 'java/lang/ThreadDeath': sleep interrupted> (0x000000074094a5e8) thrown at [/Users/java_re/workspace/8-2-build-macosx-x86_64/jdk8u45/3457/hotspot/src/share/vm/prims/jvm.cpp, line 3211]

Events (10 events):
Event: 46351.254 Executing VM operation: RevokeBias
Event: 46351.254 Executing VM operation: RevokeBias done
Event: 46351.254 Executing VM operation: RevokeBias
Event: 46351.254 Executing VM operation: RevokeBias done
Event: 46351.386 Thread 0x00007fbb96ead000 Thread added: 0x00007fbb96ead000
Event: 46351.386 Thread 0x00007fbb96ead000 Thread exited: 0x00007fbb96ead000
Event: 46351.567 Thread 0x00007fbb934c3800 Thread added: 0x00007fbb934c3800
Event: 46351.567 Thread 0x00007fbb934c3800 Thread exited: 0x00007fbb934c3800
Event: 46351.951 Executing VM operation: ParallelGCFailedAllocation
Event: 46351.955 Executing VM operation: ParallelGCFailedAllocation done


Dynamic libraries:
0x000000000c341000 	/System/Library/Frameworks/Cocoa.framework/Versions/A/Cocoa
0x000000000c341000 	/System/Library/Frameworks/Security.framework/Versions/A/Security
0x000000000c341000 	/System/Library/Frameworks/ApplicationServices.framework/Versions/A/ApplicationServices
0x000000000c341000 	/usr/lib/libz.1.dylib
0x000000000c341000 	/usr/lib/libSystem.B.dylib
0x000000000c341000 	/usr/lib/libobjc.A.dylib
0x000000000c341000 	/System/Library/Frameworks/CoreFoundation.framework/Versions/A/CoreFoundation
0x000000000c341000 	/System/Library/Frameworks/Foundation.framework/Versions/C/Foundation
0x000000000c341000 	/System/Library/Frameworks/AppKit.framework/Versions/C/AppKit
0x000000000c341000 	/System/Library/Frameworks/CoreData.framework/Versions/A/CoreData
0x000000000c341000 	/System/Library/PrivateFrameworks/RemoteViewServices.framework/Versions/A/RemoteViewServices
0x000000000c341000 	/System/Library/PrivateFrameworks/UIFoundation.framework/Versions/A/UIFoundation
0x000000000c341000 	/System/Library/Frameworks/IOSurface.framework/Versions/A/IOSurface
0x000000000c341000 	/System/Library/Frameworks/AudioToolbox.framework/Versions/A/AudioToolbox
0x000000000c341000 	/System/Library/Frameworks/AudioUnit.framework/Versions/A/AudioUnit
0x000000000c341000 	/System/Library/PrivateFrameworks/DataDetectorsCore.framework/Versions/A/DataDetectorsCore
0x000000000c341000 	/System/Library/PrivateFrameworks/DesktopServicesPriv.framework/Versions/A/DesktopServicesPriv
0x000000000c341000 	/System/Library/Frameworks/Carbon.framework/Versions/A/Frameworks/HIToolbox.framework/Versions/A/HIToolbox
0x000000000c341000 	/System/Library/Frameworks/QuartzCore.framework/Versions/A/QuartzCore
0x000000000c341000 	/System/Library/Frameworks/Carbon.framework/Versions/A/Frameworks/SpeechRecognition.framework/Versions/A/SpeechRecognition
0x000000000c341000 	/usr/lib/libauto.dylib
0x000000000c341000 	/usr/lib/libicucore.A.dylib
0x000000000c341000 	/usr/lib/libxml2.2.dylib
0x000000000c341000 	/System/Library/PrivateFrameworks/CoreUI.framework/Versions/A/CoreUI
0x000000000c341000 	/System/Library/Frameworks/CoreAudio.framework/Versions/A/CoreAudio
0x000000000c341000 	/System/Library/Frameworks/DiskArbitration.framework/Versions/A/DiskArbitration
0x000000000c341000 	/usr/lib/liblangid.dylib
0x000000000c341000 	/System/Library/PrivateFrameworks/MultitouchSupport.framework/Versions/A/MultitouchSupport
0x000000000c341000 	/System/Library/Frameworks/IOKit.framework/Versions/A/IOKit
0x000000000c341000 	/usr/lib/libDiagnosticMessagesClient.dylib
0x000000000c341000 	/System/Library/Frameworks/CoreServices.framework/Versions/A/CoreServices
0x000000000c341000 	/System/Library/PrivateFrameworks/PerformanceAnalysis.framework/Versions/A/PerformanceAnalysis
0x000000000c341000 	/System/Library/PrivateFrameworks/GenerationalStorage.framework/Versions/A/GenerationalStorage
0x000000000c341000 	/System/Library/Frameworks/OpenGL.framework/Versions/A/OpenGL
0x000000000c341000 	/System/Library/PrivateFrameworks/Sharing.framework/Versions/A/Sharing
0x000000000c341000 	/System/Library/Frameworks/CoreGraphics.framework/Versions/A/CoreGraphics
0x000000000c341000 	/System/Library/Frameworks/CoreText.framework/Versions/A/CoreText
0x000000000c341000 	/System/Library/Frameworks/ImageIO.framework/Versions/A/ImageIO
0x000000000c341000 	/usr/lib/libextension.dylib
0x000000000c341000 	/System/Library/PrivateFrameworks/Backup.framework/Versions/A/Backup
0x000000000c341000 	/usr/lib/libarchive.2.dylib
0x000000000c341000 	/System/Library/Frameworks/CFNetwork.framework/Versions/A/CFNetwork
0x000000000c341000 	/System/Library/Frameworks/SystemConfiguration.framework/Versions/A/SystemConfiguration
0x000000000c341000 	/usr/lib/libCRFSuite.dylib
0x000000000c341000 	/usr/lib/libc++.1.dylib
0x000000000c341000 	/usr/lib/libc++abi.dylib
0x000000000c341000 	/usr/lib/system/libcache.dylib
0x000000000c341000 	/usr/lib/system/libcommonCrypto.dylib
0x000000000c341000 	/usr/lib/system/libcompiler_rt.dylib
0x000000000c341000 	/usr/lib/system/libcopyfile.dylib
0x000000000c341000 	/usr/lib/system/libcorecrypto.dylib
0x000000000c341000 	/usr/lib/system/libdispatch.dylib
0x000000000c341000 	/usr/lib/system/libdyld.dylib
0x000000000c341000 	/usr/lib/system/libkeymgr.dylib
0x000000000c341000 	/usr/lib/system/liblaunch.dylib
0x000000000c341000 	/usr/lib/system/libmacho.dylib
0x000000000c341000 	/usr/lib/system/libquarantine.dylib
0x000000000c341000 	/usr/lib/system/libremovefile.dylib
0x000000000c341000 	/usr/lib/system/libsystem_asl.dylib
0x000000000c341000 	/usr/lib/system/libsystem_blocks.dylib
0x000000000c341000 	/usr/lib/system/libsystem_c.dylib
0x000000000c341000 	/usr/lib/system/libsystem_configuration.dylib
0x000000000c341000 	/usr/lib/system/libsystem_coreservices.dylib
0x000000000c341000 	/usr/lib/system/libsystem_coretls.dylib
0x000000000c341000 	/usr/lib/system/libsystem_dnssd.dylib
0x000000000c341000 	/usr/lib/system/libsystem_info.dylib
0x000000000c341000 	/usr/lib/system/libsystem_kernel.dylib
0x000000000c341000 	/usr/lib/system/libsystem_m.dylib
0x000000000c341000 	/usr/lib/system/libsystem_malloc.dylib
0x000000000c341000 	/usr/lib/system/libsystem_network.dylib
0x000000000c341000 	/usr/lib/system/libsystem_networkextension.dylib
0x000000000c341000 	/usr/lib/system/libsystem_notify.dylib
0x000000000c341000 	/usr/lib/system/libsystem_platform.dylib
0x000000000c341000 	/usr/lib/system/libsystem_pthread.dylib
0x000000000c341000 	/usr/lib/system/libsystem_sandbox.dylib
0x000000000c341000 	/usr/lib/system/libsystem_secinit.dylib
0x000000000c341000 	/usr/lib/system/libsystem_stats.dylib
0x000000000c341000 	/usr/lib/system/libsystem_trace.dylib
0x000000000c341000 	/usr/lib/system/libunc.dylib
0x000000000c341000 	/usr/lib/system/libunwind.dylib
0x000000000c341000 	/usr/lib/system/libxpc.dylib
0x000000000c341000 	/usr/lib/libbz2.1.0.dylib
0x000000000c341000 	/usr/lib/liblzma.5.dylib
0x000000000c341000 	/usr/lib/libbsm.0.dylib
0x000000000c341000 	/usr/lib/libsqlite3.dylib
0x000000000c341000 	/usr/lib/system/libkxld.dylib
0x000000000c341000 	/usr/lib/libxar.1.dylib
0x000000000c341000 	/usr/lib/libpam.2.dylib
0x000000000c341000 	/usr/lib/libOpenScriptingUtil.dylib
0x000000000c341000 	/System/Library/Frameworks/CoreServices.framework/Versions/A/Frameworks/FSEvents.framework/Versions/A/FSEvents
0x000000000c341000 	/System/Library/Frameworks/CoreServices.framework/Versions/A/Frameworks/CarbonCore.framework/Versions/A/CarbonCore
0x000000000c341000 	/System/Library/Frameworks/CoreServices.framework/Versions/A/Frameworks/Metadata.framework/Versions/A/Metadata
0x000000000c341000 	/System/Library/Frameworks/CoreServices.framework/Versions/A/Frameworks/OSServices.framework/Versions/A/OSServices
0x000000000c341000 	/System/Library/Frameworks/CoreServices.framework/Versions/A/Frameworks/SearchKit.framework/Versions/A/SearchKit
0x000000000c341000 	/System/Library/Frameworks/CoreServices.framework/Versions/A/Frameworks/AE.framework/Versions/A/AE
0x000000000c341000 	/System/Library/Frameworks/CoreServices.framework/Versions/A/Frameworks/LaunchServices.framework/Versions/A/LaunchServices
0x000000000c341000 	/System/Library/Frameworks/CoreServices.framework/Versions/A/Frameworks/DictionaryServices.framework/Versions/A/DictionaryServices
0x000000000c341000 	/System/Library/Frameworks/NetFS.framework/Versions/A/NetFS
0x000000000c341000 	/System/Library/PrivateFrameworks/NetAuth.framework/Versions/A/NetAuth
0x000000000c341000 	/System/Library/PrivateFrameworks/login.framework/Versions/A/Frameworks/loginsupport.framework/Versions/A/loginsupport
0x000000000c341000 	/System/Library/PrivateFrameworks/TCC.framework/Versions/A/TCC
0x000000000c341000 	/usr/lib/libmecabra.dylib
0x000000000c341000 	/System/Library/Frameworks/ApplicationServices.framework/Versions/A/Frameworks/ATS.framework/Versions/A/ATS
0x000000000c341000 	/System/Library/Frameworks/ApplicationServices.framework/Versions/A/Frameworks/ColorSync.framework/Versions/A/ColorSync
0x000000000c341000 	/System/Library/Frameworks/ApplicationServices.framework/Versions/A/Frameworks/HIServices.framework/Versions/A/HIServices
0x000000000c341000 	/System/Library/Frameworks/ApplicationServices.framework/Versions/A/Frameworks/LangAnalysis.framework/Versions/A/LangAnalysis
0x000000000c341000 	/System/Library/Frameworks/ApplicationServices.framework/Versions/A/Frameworks/PrintCore.framework/Versions/A/PrintCore
0x000000000c341000 	/System/Library/Frameworks/ApplicationServices.framework/Versions/A/Frameworks/QD.framework/Versions/A/QD
0x000000000c341000 	/System/Library/Frameworks/ApplicationServices.framework/Versions/A/Frameworks/SpeechSynthesis.framework/Versions/A/SpeechSynthesis
0x000000000c341000 	/System/Library/Frameworks/Accelerate.framework/Versions/A/Accelerate
0x000000000c341000 	/System/Library/Frameworks/Accelerate.framework/Versions/A/Frameworks/vImage.framework/Versions/A/vImage
0x000000000c341000 	/System/Library/Frameworks/Accelerate.framework/Versions/A/Frameworks/vecLib.framework/Versions/A/vecLib
0x000000000c341000 	/System/Library/Frameworks/Accelerate.framework/Versions/A/Frameworks/vecLib.framework/Versions/A/libvDSP.dylib
0x000000000c341000 	/System/Library/Frameworks/Accelerate.framework/Versions/A/Frameworks/vecLib.framework/Versions/A/libvMisc.dylib
0x000000000c341000 	/System/Library/Frameworks/Accelerate.framework/Versions/A/Frameworks/vecLib.framework/Versions/A/libLAPACK.dylib
0x000000000c341000 	/System/Library/Frameworks/Accelerate.framework/Versions/A/Frameworks/vecLib.framework/Versions/A/libBLAS.dylib
0x000000000c341000 	/System/Library/Frameworks/Accelerate.framework/Versions/A/Frameworks/vecLib.framework/Versions/A/libLinearAlgebra.dylib
0x000000000c341000 	/System/Library/Frameworks/ApplicationServices.framework/Versions/A/Frameworks/ATS.framework/Versions/A/Resources/libFontParser.dylib
0x000000000c341000 	/System/Library/Frameworks/ApplicationServices.framework/Versions/A/Frameworks/ATS.framework/Versions/A/Resources/libFontRegistry.dylib
0x000000000c341000 	/System/Library/PrivateFrameworks/AppleVPA.framework/Versions/A/AppleVPA
0x000000000c341000 	/System/Library/PrivateFrameworks/AppleJPEG.framework/Versions/A/AppleJPEG
0x000000000c341000 	/System/Library/Frameworks/ImageIO.framework/Versions/A/Resources/libJPEG.dylib
0x000000000c341000 	/System/Library/Frameworks/ImageIO.framework/Versions/A/Resources/libTIFF.dylib
0x000000000c341000 	/System/Library/Frameworks/ImageIO.framework/Versions/A/Resources/libPng.dylib
0x000000000c341000 	/System/Library/Frameworks/ImageIO.framework/Versions/A/Resources/libGIF.dylib
0x000000000c341000 	/System/Library/Frameworks/ImageIO.framework/Versions/A/Resources/libJP2.dylib
0x000000000c341000 	/System/Library/Frameworks/ImageIO.framework/Versions/A/Resources/libRadiance.dylib
0x000000000c341000 	/System/Library/Frameworks/CoreVideo.framework/Versions/A/CoreVideo
0x000000000c341000 	/System/Library/Frameworks/OpenGL.framework/Versions/A/Libraries/libGLU.dylib
0x000000000c341000 	/System/Library/Frameworks/OpenGL.framework/Versions/A/Libraries/libGFXShared.dylib
0x000000000c341000 	/System/Library/Frameworks/OpenGL.framework/Versions/A/Libraries/libGL.dylib
0x000000000c341000 	/System/Library/Frameworks/OpenGL.framework/Versions/A/Libraries/libGLImage.dylib
0x000000000c341000 	/System/Library/Frameworks/OpenGL.framework/Versions/A/Libraries/libCVMSPluginSupport.dylib
0x000000000c341000 	/System/Library/Frameworks/OpenGL.framework/Versions/A/Libraries/libCoreVMClient.dylib
0x000000000c341000 	/usr/lib/libcups.2.dylib
0x000000000c341000 	/System/Library/Frameworks/Kerberos.framework/Versions/A/Kerberos
0x000000000c341000 	/System/Library/Frameworks/GSS.framework/Versions/A/GSS
0x000000000c341000 	/usr/lib/libresolv.9.dylib
0x000000000c341000 	/usr/lib/libiconv.2.dylib
0x000000000c341000 	/System/Library/PrivateFrameworks/Heimdal.framework/Versions/A/Heimdal
0x000000000c341000 	/usr/lib/libheimdal-asn1.dylib
0x000000000c341000 	/System/Library/Frameworks/OpenDirectory.framework/Versions/A/OpenDirectory
0x000000000c341000 	/System/Library/PrivateFrameworks/CommonAuth.framework/Versions/A/CommonAuth
0x000000000c341000 	/System/Library/Frameworks/OpenDirectory.framework/Versions/A/Frameworks/CFOpenDirectory.framework/Versions/A/CFOpenDirectory
0x000000000c341000 	/System/Library/Frameworks/SecurityFoundation.framework/Versions/A/SecurityFoundation
0x000000000c341000 	/System/Library/PrivateFrameworks/LanguageModeling.framework/Versions/A/LanguageModeling
0x000000000c341000 	/usr/lib/libcmph.dylib
0x000000000c341000 	/System/Library/Frameworks/ServiceManagement.framework/Versions/A/ServiceManagement
0x000000000c341000 	/usr/lib/libxslt.1.dylib
0x000000000c341000 	/System/Library/Frameworks/Carbon.framework/Versions/A/Frameworks/Ink.framework/Versions/A/Ink
0x000000000c341000 	/System/Library/Frameworks/QuartzCore.framework/Versions/A/Frameworks/CoreImage.framework/Versions/A/CoreImage
0x000000000c341000 	/System/Library/PrivateFrameworks/CrashReporterSupport.framework/Versions/A/CrashReporterSupport
0x000000000c341000 	/System/Library/Frameworks/OpenCL.framework/Versions/A/OpenCL
0x000000000c341000 	/System/Library/PrivateFrameworks/FaceCore.framework/Versions/A/FaceCore
0x000000000c341000 	/System/Library/PrivateFrameworks/Ubiquity.framework/Versions/A/Ubiquity
0x000000000c341000 	/System/Library/PrivateFrameworks/IconServices.framework/Versions/A/IconServices
0x000000000c341000 	/System/Library/PrivateFrameworks/ChunkingLibrary.framework/Versions/A/ChunkingLibrary
0x000000000c341000 	/System/Library/PrivateFrameworks/Apple80211.framework/Versions/A/Apple80211
0x000000000c341000 	/System/Library/Frameworks/CoreWLAN.framework/Versions/A/CoreWLAN
0x000000000c341000 	/System/Library/Frameworks/IOBluetooth.framework/Versions/A/IOBluetooth
0x000000000c341000 	/System/Library/PrivateFrameworks/CoreWiFi.framework/Versions/A/CoreWiFi
0x000000000c341000 	/System/Library/Frameworks/CoreBluetooth.framework/Versions/A/CoreBluetooth
0x000000000c341000 	/System/Library/PrivateFrameworks/DebugSymbols.framework/Versions/A/DebugSymbols
0x000000000c341000 	/System/Library/PrivateFrameworks/CoreSymbolication.framework/Versions/A/CoreSymbolication
0x000000000c341000 	/System/Library/PrivateFrameworks/Symbolication.framework/Versions/A/Symbolication
0x000000000c341000 	/System/Library/PrivateFrameworks/SpeechRecognitionCore.framework/Versions/A/SpeechRecognitionCore
0x000000010ee00000 	/Library/Java/JavaVirtualMachines/jdk1.8.0_45.jdk/Contents/Home/jre/lib/server/libjvm.dylib
0x000000000c341000 	/usr/lib/libstdc++.6.dylib
0x000000010e547000 	/Library/Java/JavaVirtualMachines/jdk1.8.0_45.jdk/Contents/Home/jre/lib/libverify.dylib
0x000000010e555000 	/Library/Java/JavaVirtualMachines/jdk1.8.0_45.jdk/Contents/Home/jre/lib/libjava.dylib
0x000000010e594000 	/Library/Java/JavaVirtualMachines/jdk1.8.0_45.jdk/Contents/Home/jre/lib/libzip.dylib
0x000000010e5e6000 	/System/Library/Frameworks/JavaVM.framework/Frameworks/JavaRuntimeSupport.framework/JavaRuntimeSupport
0x000000012f33d000 	/System/Library/Frameworks/JavaVM.framework/Versions/A/Frameworks/JavaNativeFoundation.framework/Versions/A/JavaNativeFoundation
0x000000012f352000 	/System/Library/Frameworks/JavaVM.framework/Versions/A/JavaVM
0x000000000c341000 	/System/Library/Frameworks/Carbon.framework/Versions/A/Carbon
0x000000012f35f000 	/System/Library/PrivateFrameworks/JavaLaunching.framework/Versions/A/JavaLaunching
0x000000000c341000 	/System/Library/Frameworks/Carbon.framework/Versions/A/Frameworks/CommonPanels.framework/Versions/A/CommonPanels
0x000000000c341000 	/System/Library/Frameworks/Carbon.framework/Versions/A/Frameworks/Help.framework/Versions/A/Help
0x000000000c341000 	/System/Library/Frameworks/Carbon.framework/Versions/A/Frameworks/ImageCapture.framework/Versions/A/ImageCapture
0x000000000c341000 	/System/Library/Frameworks/Carbon.framework/Versions/A/Frameworks/OpenScripting.framework/Versions/A/OpenScripting
0x000000000c341000 	/System/Library/Frameworks/Carbon.framework/Versions/A/Frameworks/Print.framework/Versions/A/Print
0x000000000c341000 	/System/Library/Frameworks/Carbon.framework/Versions/A/Frameworks/SecurityHI.framework/Versions/A/SecurityHI
0x0000000131338000 	/Applications/IntelliJ IDEA 14 CE.app/Contents/bin/libbreakgen64.jnilib
0x000000013143e000 	/Library/Java/JavaVirtualMachines/jdk1.8.0_45.jdk/Contents/Home/jre/lib/libnet.dylib
0x000000013149d000 	/Library/Java/JavaVirtualMachines/jdk1.8.0_45.jdk/Contents/Home/jre/lib/libawt.dylib
0x0000000131545000 	/Library/Java/JavaVirtualMachines/jdk1.8.0_45.jdk/Contents/Home/jre/lib/./libmlib_image.dylib
0x0000000131611000 	/Library/Java/JavaVirtualMachines/jdk1.8.0_45.jdk/Contents/Home/jre/lib/libawt_lwawt.dylib
0x00000001316c5000 	/Library/Java/JavaVirtualMachines/jdk1.8.0_45.jdk/Contents/Home/jre/lib/./libosxapp.dylib
0x000000000c341000 	/System/Library/Frameworks/ExceptionHandling.framework/Versions/A/ExceptionHandling
0x000000000c341000 	/System/Library/PrivateFrameworks/CoreServicesInternal.framework/Versions/A/CoreServicesInternal
0x000000000c341000 	/System/Library/PrivateFrameworks/CloudDocs.framework/Versions/A/CloudDocs
0x000000000c341000 	/System/Library/PrivateFrameworks/CoreDuet.framework/Versions/A/CoreDuet
0x000000000c341000 	/System/Library/Frameworks/CloudKit.framework/Versions/A/CloudKit
0x000000000c341000 	/System/Library/PrivateFrameworks/ProtocolBuffer.framework/Versions/A/ProtocolBuffer
0x000000000c341000 	/System/Library/PrivateFrameworks/CoreDuetDaemonProtocol.framework/Versions/A/CoreDuetDaemonProtocol
0x000000000c341000 	/System/Library/PrivateFrameworks/CoreDuetDebugLogging.framework/Versions/A/CoreDuetDebugLogging
0x000000000c341000 	/System/Library/PrivateFrameworks/MMCS.framework/Versions/A/MMCS
0x000000000c341000 	/System/Library/Frameworks/CoreLocation.framework/Versions/A/CoreLocation
0x000000000c341000 	/System/Library/PrivateFrameworks/ProtectedCloudStorage.framework/Versions/A/ProtectedCloudStorage
0x000000000c341000 	/System/Library/PrivateFrameworks/GeoServices.framework/Versions/A/GeoServices
0x000000000c341000 	/System/Library/Frameworks/CoreGraphics.framework/Versions/A/Resources/libCGCMS.A.dylib
0x000000000c341000 	/System/Library/Frameworks/CoreGraphics.framework/Versions/A/Resources/libRIP.A.dylib
0x000000000c341000 	/System/Library/Frameworks/CoreGraphics.framework/Versions/A/Resources/libCGXType.A.dylib
0x000000000c341000 	/System/Library/Frameworks/OpenCL.framework/Versions/A/Libraries/libcldcpuengine.dylib
0x000000000c341000 	/System/Library/PrivateFrameworks/DiskImages.framework/Versions/A/DiskImages
0x000000000c341000 	/System/Library/Frameworks/DiscRecording.framework/Versions/A/DiscRecording
0x000000000c341000 	/usr/lib/libcsfde.dylib
0x000000000c341000 	/usr/lib/libcurl.4.dylib
0x000000000c341000 	/System/Library/PrivateFrameworks/MediaKit.framework/Versions/A/MediaKit
0x000000000c341000 	/usr/lib/libCoreStorage.dylib
0x000000000c341000 	/System/Library/PrivateFrameworks/EFILogin.framework/Versions/A/EFILogin
0x000000000c341000 	/usr/lib/libutil.dylib
0x000000000c341000 	/System/Library/PrivateFrameworks/FindMyDevice.framework/Versions/A/FindMyDevice
0x000000000c341000 	/System/Library/Frameworks/LDAP.framework/Versions/A/LDAP
0x000000000c341000 	/usr/lib/libsasl2.2.dylib
0x000000000c341000 	/System/Library/PrivateFrameworks/CoreDaemon.framework/Versions/B/CoreDaemon
0x000000000c341000 	/usr/lib/libcrypto.0.9.8.dylib
0x000000000c341000 	/System/Library/PrivateFrameworks/AppleSRP.framework/Versions/A/AppleSRP
0x000000000c341000 	/System/Library/PrivateFrameworks/TrustEvaluationAgent.framework/Versions/A/TrustEvaluationAgent
0x00000001346da000 	cl_kernels
0x00000001346dc000 	/System/Library/Frameworks/OpenCL.framework/Versions/A/Libraries/ImageFormats/unorm8_bgra.dylib
0x00000001346cb000 	cl_kernels
0x000000000c341000 	/System/Library/PrivateFrameworks/FamilyControls.framework/Versions/A/FamilyControls
0x000000000c341000 	/System/Library/PrivateFrameworks/CommerceKit.framework/Versions/A/Frameworks/CommerceCore.framework/Versions/A/CommerceCore
0x000000000c341000 	/System/Library/PrivateFrameworks/SystemAdministration.framework/Versions/A/SystemAdministration
0x000000000c341000 	/System/Library/PrivateFrameworks/AppContainer.framework/Versions/A/AppContainer
0x000000000c341000 	/System/Library/PrivateFrameworks/SecCodeWrapper.framework/Versions/A/SecCodeWrapper
0x000000000c341000 	/System/Library/Frameworks/DirectoryService.framework/Versions/A/DirectoryService
0x000000000c341000 	/System/Library/PrivateFrameworks/LoginUIKit.framework/Versions/A/Frameworks/LoginUICore.framework/Versions/A/LoginUICore
0x000000000c341000 	/usr/lib/libodfde.dylib
0x000000000c341000 	/System/Library/Frameworks/OpenGL.framework/Versions/A/Resources/GLEngine.bundle/GLEngine
0x000000000c341000 	/System/Library/Frameworks/OpenGL.framework/Versions/A/Libraries/libGLProgrammability.dylib
0x0000000000000000 	/System/Library/Extensions/GeForceGLDriver.bundle/Contents/MacOS/GeForceGLDriver
0x000000000c341000 	/System/Library/Extensions/GeForceGLDriver.bundle/Contents/MacOS/libclh.dylib
0x000000000c341000 	/System/Library/PrivateFrameworks/IOAccelerator.framework/Versions/A/IOAccelerator
0x000000000c341000 	/System/Library/PrivateFrameworks/GPUSupport.framework/Versions/A/Libraries/libGPUSupportMercury.dylib
0x000000000c341000 	/System/Library/Frameworks/OpenGL.framework/Versions/A/Resources/GLRendererFloat.bundle/GLRendererFloat
0x0000000136f95000 	/Library/Java/JavaVirtualMachines/jdk1.8.0_45.jdk/Contents/Home/jre/lib/libfontmanager.dylib
0x0000000136ffc000 	/Library/Java/JavaVirtualMachines/jdk1.8.0_45.jdk/Contents/Home/jre/lib/libosxui.dylib
0x00000001383cc000 	/Library/Java/JavaVirtualMachines/jdk1.8.0_45.jdk/Contents/Home/jre/lib/libnio.dylib
0x000000013cf8f000 	/Library/Java/JavaVirtualMachines/jdk1.8.0_45.jdk/Contents/Home/jre/lib/libosx.dylib
0x000000000c341000 	/System/Library/Frameworks/Accelerate.framework/Versions/A/Frameworks/vImage.framework/Versions/A/Libraries/libCGInterfaces.dylib
0x00000001437cf000 	/Library/Java/JavaVirtualMachines/jdk1.8.0_45.jdk/Contents/Home/jre/lib/libdcpr.dylib
0x0000000142fad000 	/Library/Java/JavaVirtualMachines/jdk1.8.0_45.jdk/Contents/Home/jre/lib/libsunec.dylib

VM Arguments:
jvm_args: -Didea.launcher.port=7536 -Didea.launcher.bin.path=/Applications/IntelliJ IDEA 14 CE.app/Contents/bin -Dfile.encoding=UTF-8 
java_command: com.intellij.rt.execution.application.AppMain OkcApp
java_class_path (initial): /Library/Java/JavaVirtualMachines/jdk1.8.0_45.jdk/Contents/Home/lib/ant-javafx.jar:/Library/Java/JavaVirtualMachines/jdk1.8.0_45.jdk/Contents/Home/lib/dt.jar:/Library/Java/JavaVirtualMachines/jdk1.8.0_45.jdk/Contents/Home/lib/javafx-mx.jar:/Library/Java/JavaVirtualMachines/jdk1.8.0_45.jdk/Contents/Home/lib/jconsole.jar:/Library/Java/JavaVirtualMachines/jdk1.8.0_45.jdk/Contents/Home/lib/packager.jar:/Library/Java/JavaVirtualMachines/jdk1.8.0_45.jdk/Contents/Home/lib/sa-jdi.jar:/Library/Java/JavaVirtualMachines/jdk1.8.0_45.jdk/Contents/Home/lib/tools.jar:/Library/Java/JavaVirtualMachines/jdk1.8.0_45.jdk/Contents/Home/jre/lib/charsets.jar:/Library/Java/JavaVirtualMachines/jdk1.8.0_45.jdk/Contents/Home/jre/lib/deploy.jar:/Library/Java/JavaVirtualMachines/jdk1.8.0_45.jdk/Contents/Home/jre/lib/javaws.jar:/Library/Java/JavaVirtualMachines/jdk1.8.0_45.jdk/Contents/Home/jre/lib/jce.jar:/Library/Java/JavaVirtualMachines/jdk1.8.0_45.jdk/Contents/Home/jre/lib/jfr.jar:/Library/Java/JavaVirtualMachines/jdk1.8.0_45.jdk/Contents/Home/jre/lib/jfxswt.jar:/Library/Java/JavaVirtualMachines/jdk1.8.0_45.jdk/Contents/Home/jre/lib/jsse.jar:/Library/Java/JavaVirtualMachines/jdk1.8.0_45.jdk/Contents/Home/jre/lib/management-agent.jar:/Library/Java/JavaVirtualMachines/jdk1.8.0_45.jdk/Contents/Home/jre/lib/plugin.jar:/Library/Java/JavaVirtualMachines/jdk1.8.0_45.jdk/Contents/Home/jre/lib/resources.jar:/Library/Java/JavaVirtualMachines/jdk1.8.0_45.jdk/Contents/Home/jre/lib/rt.jar:/Library/Java/JavaVirtualMachines/jdk1.8.0_45.jdk/Contents/Home/jre/lib/ext/cldrdata.jar:/Library/Java/JavaVirtualMachines/jdk1.8.0_45.jdk/Contents/Home/jre/lib/ext/dnsns.jar:/Library/Java/JavaVirtualMachines/jdk1.8.0_45.jdk/Contents/Home/jre/lib/ext/jfxrt.jar:/Library/Java/JavaVirtualMachines/jdk1.8.0_45.jdk/Contents/Home/jre/lib/ext/localedata.jar:/Library/Java/JavaVirtualMachines/jdk1.8.0_45.jdk/Contents/Home/jre/lib/ext/nashorn.jar:/Library/Java/JavaVirtualMachines/jdk1.8.0_45.jdk/Conten
Launcher Type: SUN_STANDARD

Environment Variables:
PATH=/usr/local/mysql/bin:/usr/local/bin:/usr/bin:/bin:/usr/sbin:/sbin:/opt/X11/bin
SHELL=/bin/bash
DISPLAY=/private/tmp/com.apple.launchd.MUsuFHSeKC/org.macosforge.xquartz:0

Signal Handlers:
SIGSEGV: [libjvm.dylib+0x58ef95], sa_mask[0]=11111111011111110111111111111111, sa_flags=SA_ONSTACK|SA_RESTART|SA_SIGINFO
SIGBUS: [libjvm.dylib+0x58ef95], sa_mask[0]=11111111011111110111111111111111, sa_flags=SA_RESTART|SA_SIGINFO
SIGFPE: [libjvm.dylib+0x46c108], sa_mask[0]=11111111011111110111111111111111, sa_flags=SA_RESTART|SA_SIGINFO
SIGPIPE: [libjvm.dylib+0x46c108], sa_mask[0]=11111111011111110111111111111111, sa_flags=SA_RESTART|SA_SIGINFO
SIGXFSZ: [libjvm.dylib+0x46c108], sa_mask[0]=11111111011111110111111111111111, sa_flags=SA_RESTART|SA_SIGINFO
SIGILL: [libjvm.dylib+0x46c108], sa_mask[0]=11111111011111110111111111111111, sa_flags=SA_RESTART|SA_SIGINFO
SIGUSR1: SIG_DFL, sa_mask[0]=00000000000000000000000000000000, sa_flags=none
SIGUSR2: [libjvm.dylib+0x46bc26], sa_mask[0]=00100000000000000000000000000000, sa_flags=SA_RESTART|SA_SIGINFO
SIGHUP: [libjvm.dylib+0x46a1f9], sa_mask[0]=11111111011111110111111111111111, sa_flags=SA_RESTART|SA_SIGINFO
SIGINT: [libjvm.dylib+0x46a1f9], sa_mask[0]=11111111011111110111111111111111, sa_flags=SA_RESTART|SA_SIGINFO
SIGTERM: [libjvm.dylib+0x46a1f9], sa_mask[0]=11111111011111110111111111111111, sa_flags=SA_RESTART|SA_SIGINFO
SIGQUIT: [libjvm.dylib+0x46a1f9], sa_mask[0]=11111111011111110111111111111111, sa_flags=SA_RESTART|SA_SIGINFO


---------------  S Y S T E M  ---------------

OS:Bsduname:Darwin 14.5.0 Darwin Kernel Version 14.5.0: Wed Jul 29 02:26:53 PDT 2015; root:xnu-2782.40.9~1/RELEASE_X86_64 x86_64
rlimit: STACK 8192k, CORE 0k, NPROC 709, NOFILE 10240, AS infinity
load average:6.00 6.01 6.27

CPU:total 4 (4 cores per cpu, 1 threads per core) family 6 model 60 stepping 3, cmov, cx8, fxsr, mmx, sse, sse2, sse3, ssse3, sse4.1, sse4.2, popcnt, avx, avx2, aes, clmul, erms, rtm, lzcnt, tsc, tscinvbit, bmi1, bmi2

Memory: 4k page, physical 25165824k(963140k free)

/proc/meminfo:


vm_info: Java HotSpot(TM) 64-Bit Server VM (25.45-b02) for bsd-amd64 JRE (1.8.0_45-b14), built on Apr 10 2015 10:46:38 by "java_re" with gcc 4.2.1 (Based on Apple Inc. build 5658) (LLVM build 2336.11.00)

time: Fri Sep 25 13:55:54 2015
elapsed time: 46351 seconds (0d 12h 52m 31s)

