#
# A fatal error has been detected by the Java Runtime Environment:
#
#  SIGSEGV (0xb) at pc=0x0000000128aaae47, pid=992, tid=49927
#
# JRE version: Java(TM) SE Runtime Environment (8.0_45-b14) (build 1.8.0_45-b14)
# Java VM: Java HotSpot(TM) 64-Bit Server VM (25.45-b02 mixed mode bsd-amd64 compressed oops)
# Problematic frame:
# C  [libawt_lwawt.dylib+0x1ae47]  OGLSD_SetScratchSurface+0x49
#
# Failed to write core dump. Core dumps have been disabled. To enable core dumping, try "ulimit -c unlimited" before starting Java again
#
# If you would like to submit a bug report, please visit:
#   http://bugreport.java.com/bugreport/crash.jsp
# The crash happened outside the Java Virtual Machine in native code.
# See problematic frame for where to report the bug.
#

---------------  T H R E A D  ---------------

Current thread (0x00007fd8d10a5800):  JavaThread "Java2D Queue Flusher" daemon [_thread_in_native, id=49927, stack(0x000000012cde8000,0x000000012cee8000)]

siginfo: si_signo: 11 (SIGSEGV), si_code: 1 (SEGV_MAPERR), si_addr: 0x0000000000000002

Registers:
RAX=0x00000000ffffffff, RBX=0x0000000000000002, RCX=0x0000000000000047, RDX=0x0000000128acb7ac
RSP=0x000000012cee76e0, RBP=0x000000012cee7700, RSI=0x00007fd8d5890d50, RDI=0x00007fd8d10a59f8
R8 =0x0000000000001bf1, R9 =0x0000000000000060, R10=0x00000001075f88f8, R11=0x0000000000000202
R12=0x0000000000000000, R13=0x0000000107df5b50, R14=0x00007fd8d10a59f8, R15=0x00007fd8d10a5800
RIP=0x0000000128aaae47, EFLAGS=0x0000000000010202, ERR=0x0000000000000004
  TRAPNO=0x000000000000000e

Top of Stack: (sp=0x000000012cee76e0)
0x000000012cee76e0:   00007fd8d5890d50 0000000000000000
0x000000012cee76f0:   00007fd8d2988610 00007fd8d10a5800
0x000000012cee7700:   000000012cee7780 0000000128acb28a
0x000000012cee7710:   000000002cee7960 000000013aafdcd0
0x000000012cee7720:   0000000000000000 0000000107df5b50
0x000000012cee7730:   000000012cee7750 0000000000000064
0x000000012cee7740:   00007fd8d1816c08 00007fd8d2988620
0x000000012cee7750:   00007fd8000a5800 00007fd8d10a59f8
0x000000012cee7760:   000000013aafdcd0 0000000000000000
0x000000012cee7770:   000000012cee7960 00007fd8d10a5800
0x000000012cee7780:   000000012cee77d0 00000001075f896a
0x000000012cee7790:   000000064000b688 0000000105b61b83
0x000000012cee77a0:   0000000000000005 00007fd8d10a5800
0x000000012cee77b0:   000000064000b701 00007fd8d0c0f5f0
0x000000012cee77c0:   000000012cee7700 00007fd8d10a5800
0x000000012cee77d0:   000000012cee79d0 0000000107a053bc
0x000000012cee77e0:   000000012cee7960 00007fd8d10a5800
0x000000012cee77f0:   000000012cee7840 000000010777fb68
0x000000012cee7800:   000000064000b770 000000012cee7830
0x000000012cee7810:   00000001249cd8d0 000000013c7bf7e8
0x000000012cee7820:   0000000000000010 00000001076af258
0x000000012cee7830:   000000064000b688 0000000000000206
0x000000012cee7840:   000000012cee79d0 0000000107df68e4
0x000000012cee7850:   0000000000000006 0000000000000000
0x000000012cee7860:   000000012cee7880 00007fd8d588ada0
0x000000012cee7870:   000000012cee78d0 0000000105cedd2f
0x000000012cee7880:   000000012cee78e8 000000010721ea98
0x000000012cee7890:   00000001072055d0 0000000100000000
0x000000012cee78a0:   000000012cee7938 000000012cee78e8
0x000000012cee78b0:   00000000000000db 0000000000000000
0x000000012cee78c0:   000000012cee7960 00007fd8d10a5800
0x000000012cee78d0:   000000012cee7938 000000010721eada 

Instructions: (pc=0x0000000128aaae47)
0x0000000128aaae27:   c0 e9 82 00 00 00 48 8b 5e 10 48 85 db 75 0e bf
0x0000000128aaae37:   01 00 00 00 48 8d 15 a4 76 03 00 eb d6 49 89 fe
0x0000000128aaae47:   4c 8b 3b 30 c0 e8 5f a3 02 00 49 8b 3f 49 89 c4
0x0000000128aaae57:   48 8b 35 ca f6 05 00 30 c0 e8 a1 a4 02 00 48 85 

Register to memory mapping:

RAX=0x00000000ffffffff is an unknown value
RBX=0x0000000000000002 is an unknown value
RCX=0x0000000000000047 is an unknown value
RDX=0x0000000128acb7ac: Java_sun_java2d_opengl_OGLRenderQueue_flushBuffer+0xb5c in /Library/Java/JavaVirtualMachines/jdk1.8.0_45.jdk/Contents/Home/jre/lib/libawt_lwawt.dylib at 0x0000000128a90000
RSP=0x000000012cee76e0 is pointing into the stack for thread: 0x00007fd8d10a5800
RBP=0x000000012cee7700 is pointing into the stack for thread: 0x00007fd8d10a5800
RSI=0x00007fd8d5890d50 is an unknown value
RDI=0x00007fd8d10a59f8 is an unknown value
R8 =0x0000000000001bf1 is an unknown value
R9 =0x0000000000000060 is an unknown value
R10=0x00000001075f88f8 is at entry_point+56 in (nmethod*)0x00000001075f8750
R11=0x0000000000000202 is an unknown value
R12=0x0000000000000000 is an unknown value
R13=0x0000000107df5b50 is at entry_point+-944 in (nmethod*)0x0000000107df5b50
R14=0x00007fd8d10a59f8 is an unknown value
R15=0x00007fd8d10a5800 is a thread


Stack: [0x000000012cde8000,0x000000012cee8000],  sp=0x000000012cee76e0,  free space=1021k
Native frames: (J=compiled Java code, j=interpreted, Vv=VM code, C=native code)
C  [libawt_lwawt.dylib+0x1ae47]  OGLSD_SetScratchSurface+0x49
C  [libawt_lwawt.dylib+0x3b28a]  Java_sun_java2d_opengl_OGLRenderQueue_flushBuffer+0x63a
J 2778  sun.java2d.opengl.OGLRenderQueue.flushBuffer(JI)V (0 bytes) @ 0x00000001075f896a [0x00000001075f88c0+0xaa]
J 5736 C1 sun.java2d.opengl.OGLRenderQueue.flushBuffer()V (41 bytes) @ 0x0000000107a053bc [0x0000000107a05160+0x25c]
J 5879% C1 sun.java2d.opengl.OGLRenderQueue$QueueFlusher.run()V (234 bytes) @ 0x0000000107df68e4 [0x0000000107df5f00+0x9e4]
v  ~StubRoutines::call_stub
V  [libjvm.dylib+0x2e032a]  JavaCalls::call_helper(JavaValue*, methodHandle*, JavaCallArguments*, Thread*)+0x6ae
V  [libjvm.dylib+0x2e0ab8]  JavaCalls::call_virtual(JavaValue*, KlassHandle, Symbol*, Symbol*, JavaCallArguments*, Thread*)+0x164
V  [libjvm.dylib+0x2e0c64]  JavaCalls::call_virtual(JavaValue*, Handle, KlassHandle, Symbol*, Symbol*, Thread*)+0x4a
V  [libjvm.dylib+0x3331a5]  thread_entry(JavaThread*, Thread*)+0x7c
V  [libjvm.dylib+0x549acf]  JavaThread::thread_main_inner()+0x9b
V  [libjvm.dylib+0x54b1c0]  JavaThread::run()+0x1c2
V  [libjvm.dylib+0x46ea7e]  java_start(Thread*)+0xf6
C  [libsystem_pthread.dylib+0x405a]  _pthread_body+0x83
C  [libsystem_pthread.dylib+0x3fd7]  _pthread_body+0x0
C  [libsystem_pthread.dylib+0x13ed]  thread_start+0xd
C  0x0000000000000000

Java frames: (J=compiled Java code, j=interpreted, Vv=VM code)
J 2778  sun.java2d.opengl.OGLRenderQueue.flushBuffer(JI)V (0 bytes) @ 0x00000001075f88f8 [0x00000001075f88c0+0x38]
J 5736 C1 sun.java2d.opengl.OGLRenderQueue.flushBuffer()V (41 bytes) @ 0x0000000107a053bc [0x0000000107a05160+0x25c]
J 5879% C1 sun.java2d.opengl.OGLRenderQueue$QueueFlusher.run()V (234 bytes) @ 0x0000000107df68e4 [0x0000000107df5f00+0x9e4]
v  ~StubRoutines::call_stub

---------------  P R O C E S S  ---------------

Java Threads: ( => current thread )
  0x00007fd8d18da000 JavaThread "Keep-Alive-Timer" daemon [_thread_blocked, id=64331, stack(0x000000013d769000,0x000000013d869000)]
  0x00007fd8d788a000 JavaThread "Visitor Count Thread" [_thread_in_native, id=63303, stack(0x000000013d8aa000,0x000000013d9aa000)]
  0x00007fd8d70a3800 JavaThread "Count-down Thread" [_thread_blocked, id=62263, stack(0x000000013cd44000,0x000000013ce44000)]
  0x00007fd8d726f800 JavaThread "AutoWatchThread-2" [_thread_in_native, id=36439, stack(0x000000013af37000,0x000000013b037000)]
  0x00007fd8d238b800 JavaThread "TimerQueue" daemon [_thread_blocked, id=60071, stack(0x000000013a43a000,0x000000013a53a000)]
  0x00007fd8d1c77800 JavaThread "DestroyJavaVM" [_thread_blocked, id=3331, stack(0x0000000106792000,0x0000000106892000)]
  0x00007fd8d1b13000 JavaThread "Timer-0" daemon [_thread_blocked, id=58891, stack(0x0000000136ce7000,0x0000000136de7000)]
  0x00007fd8d21f8000 JavaThread "Print Thread" [_thread_blocked, id=51719, stack(0x000000012e603000,0x000000012e703000)]
  0x00007fd8d196f000 JavaThread "Java2D Disposer" daemon [_thread_blocked, id=50955, stack(0x000000012dc0e000,0x000000012dd0e000)]
=>0x00007fd8d10a5800 JavaThread "Java2D Queue Flusher" daemon [_thread_in_native, id=49927, stack(0x000000012cde8000,0x000000012cee8000)]
  0x00007fd8d2027000 JavaThread "AWT-Shutdown" [_thread_blocked, id=28691, stack(0x000000012a3c8000,0x000000012a4c8000)]
  0x00007fd8d189a000 JavaThread "AppKit Thread" daemon [_thread_in_native, id=1299, stack(0x00007fff59cd7000,0x00007fff5a4d7000)]
  0x00007fd8d28d6000 JavaThread "Monitor Ctrl-Break" daemon [_thread_in_native, id=19203, stack(0x00000001287bb000,0x00000001288bb000)]
  0x00007fd8d1014000 JavaThread "Service Thread" daemon [_thread_blocked, id=18179, stack(0x000000012844e000,0x000000012854e000)]
  0x00007fd8d201d000 JavaThread "C1 CompilerThread2" daemon [_thread_blocked, id=17667, stack(0x000000012834b000,0x000000012844b000)]
  0x00007fd8d187b800 JavaThread "C2 CompilerThread1" daemon [_thread_blocked, id=17155, stack(0x0000000128248000,0x0000000128348000)]
  0x00007fd8d182f800 JavaThread "C2 CompilerThread0" daemon [_thread_blocked, id=16643, stack(0x0000000128145000,0x0000000128245000)]
  0x00007fd8d1819000 JavaThread "Signal Dispatcher" daemon [_thread_blocked, id=13331, stack(0x0000000128042000,0x0000000128142000)]
  0x00007fd8d2010000 JavaThread "Finalizer" daemon [_thread_blocked, id=11011, stack(0x000000012661f000,0x000000012671f000)]
  0x00007fd8d2842800 JavaThread "Reference Handler" daemon [_thread_blocked, id=10499, stack(0x000000012651c000,0x000000012661c000)]

Other Threads:
  0x00007fd8d1812000 VMThread [stack: 0x0000000126419000,0x0000000126519000] [id=9987]
  0x00007fd8d201a800 WatcherThread [stack: 0x0000000128551000,0x0000000128651000] [id=18691]

VM state:not at safepoint (normal execution)

VM Mutex/Monitor currently owned by a thread: None

Heap:
 PSYoungGen      total 33280K, used 4619K [0x0000000740000000, 0x0000000742600000, 0x00000007c0000000)
  eden space 29184K, 1% used [0x0000000740000000,0x00000007400839f8,0x0000000741c80000)
  from space 4096K, 99% used [0x0000000742100000,0x00000007424ff428,0x0000000742500000)
  to   space 4608K, 0% used [0x0000000741c80000,0x0000000741c80000,0x0000000742100000)
 ParOldGen       total 176640K, used 117628K [0x0000000640000000, 0x000000064ac80000, 0x0000000740000000)
  object space 176640K, 66% used [0x0000000640000000,0x00000006472df050,0x000000064ac80000)
 Metaspace       used 21142K, capacity 21510K, committed 21760K, reserved 1069056K
  class space    used 2396K, capacity 2523K, committed 2560K, reserved 1048576K

Card table byte_map: [0x00000001165c0000,0x00000001171c1000] byte_map_base: 0x00000001133c0000

Marking Bits: (ParMarkBitMap*) 0x00000001060ea7a0
 Begin Bits: [0x0000000117dcd000, 0x000000011ddcd000)
 End Bits:   [0x000000011ddcd000, 0x0000000123dcd000)

Polling page: 0x00000001068d7000

CodeCache: size=245760Kb used=15730Kb max_used=15850Kb free=230029Kb
 bounds [0x0000000107200000, 0x0000000108210000, 0x0000000116200000]
 total_blobs=5083 nmethods=4501 adapters=494
 compilation: enabled

Compilation events (10 events):
Event: 66245.670 Thread 0x00007fd8d201d000 5914   !   3       sun.java2d.SurfaceDataProxy::replaceData (329 bytes)
Event: 66245.671 Thread 0x00007fd8d201d000 nmethod 5914 0x0000000107a57d50 code [0x0000000107a58020, 0x0000000107a59e58]
Event: 66245.671 Thread 0x00007fd8d201d000 5915       3       sun.java2d.opengl.OGLSurfaceDataProxy::isSupportedOperation (29 bytes)
Event: 66245.672 Thread 0x00007fd8d201d000 nmethod 5915 0x0000000107a575d0 code [0x0000000107a57760, 0x0000000107a57b70]
Event: 66292.668 Thread 0x00007fd8d187b800 5916       4       sun.java2d.SurfaceData::pixelFor (13 bytes)
Event: 66292.669 Thread 0x00007fd8d187b800 nmethod 5916 0x0000000107f26250 code [0x0000000107f263a0, 0x0000000107f26498]
Event: 66299.688 Thread 0x00007fd8d201d000 5917   !   3       javax.swing.RepaintManager$ProcessingRunnable::run (41 bytes)
Event: 66299.688 Thread 0x00007fd8d201d000 nmethod 5917 0x00000001073f1250 code [0x00000001073f13e0, 0x00000001073f1808]
Event: 66307.721 Thread 0x00007fd8d201d000 5918       3       javax.swing.RepaintManager$4::run (5 bytes)
Event: 66307.721 Thread 0x00007fd8d201d000 nmethod 5918 0x0000000107a57250 code [0x0000000107a573c0, 0x0000000107a57548]

GC Heap History (10 events):
Event: 65538.990 GC heap before
{Heap before GC invocations=2548 (full 6):
 PSYoungGen      total 32768K, used 32223K [0x0000000740000000, 0x0000000742300000, 0x00000007c0000000)
  eden space 29696K, 100% used [0x0000000740000000,0x0000000741d00000,0x0000000741d00000)
  from space 3072K, 82% used [0x0000000741d00000,0x0000000741f77fb8,0x0000000742000000)
  to   space 3072K, 0% used [0x0000000742000000,0x0000000742000000,0x0000000742300000)
 ParOldGen       total 176640K, used 114733K [0x0000000640000000, 0x000000064ac80000, 0x0000000740000000)
  object space 176640K, 64% used [0x0000000640000000,0x000000064700b720,0x000000064ac80000)
 Metaspace       used 21106K, capacity 21510K, committed 21760K, reserved 1069056K
  class space    used 2393K, capacity 2523K, committed 2560K, reserved 1048576K
Event: 65538.993 GC heap after
Heap after GC invocations=2548 (full 6):
 PSYoungGen      total 32768K, used 2611K [0x0000000740000000, 0x0000000742300000, 0x00000007c0000000)
  eden space 29696K, 0% used [0x0000000740000000,0x0000000740000000,0x0000000741d00000)
  from space 3072K, 85% used [0x0000000742000000,0x000000074228ce20,0x0000000742300000)
  to   space 3072K, 0% used [0x0000000741d00000,0x0000000741d00000,0x0000000742000000)
 ParOldGen       total 176640K, used 114749K [0x0000000640000000, 0x000000064ac80000, 0x0000000740000000)
  object space 176640K, 64% used [0x0000000640000000,0x000000064700f720,0x000000064ac80000)
 Metaspace       used 21106K, capacity 21510K, committed 21760K, reserved 1069056K
  class space    used 2393K, capacity 2523K, committed 2560K, reserved 1048576K
}
Event: 65782.691 GC heap before
{Heap before GC invocations=2549 (full 6):
 PSYoungGen      total 32768K, used 32307K [0x0000000740000000, 0x0000000742300000, 0x00000007c0000000)
  eden space 29696K, 100% used [0x0000000740000000,0x0000000741d00000,0x0000000741d00000)
  from space 3072K, 85% used [0x0000000742000000,0x000000074228ce20,0x0000000742300000)
  to   space 3072K, 0% used [0x0000000741d00000,0x0000000741d00000,0x0000000742000000)
 ParOldGen       total 176640K, used 114749K [0x0000000640000000, 0x000000064ac80000, 0x0000000740000000)
  object space 176640K, 64% used [0x0000000640000000,0x000000064700f720,0x000000064ac80000)
 Metaspace       used 21106K, capacity 21510K, committed 21760K, reserved 1069056K
  class space    used 2393K, capacity 2523K, committed 2560K, reserved 1048576K
Event: 65782.692 GC heap after
Heap after GC invocations=2549 (full 6):
 PSYoungGen      total 32768K, used 2514K [0x0000000740000000, 0x0000000742300000, 0x00000007c0000000)
  eden space 29696K, 0% used [0x0000000740000000,0x0000000740000000,0x0000000741d00000)
  from space 3072K, 81% used [0x0000000741d00000,0x0000000741f74880,0x0000000742000000)
  to   space 3072K, 0% used [0x0000000742000000,0x0000000742000000,0x0000000742300000)
 ParOldGen       total 176640K, used 114765K [0x0000000640000000, 0x000000064ac80000, 0x0000000740000000)
  object space 176640K, 64% used [0x0000000640000000,0x0000000647013720,0x000000064ac80000)
 Metaspace       used 21106K, capacity 21510K, committed 21760K, reserved 1069056K
  class space    used 2393K, capacity 2523K, committed 2560K, reserved 1048576K
}
Event: 66026.606 GC heap before
{Heap before GC invocations=2550 (full 6):
 PSYoungGen      total 32768K, used 32210K [0x0000000740000000, 0x0000000742300000, 0x00000007c0000000)
  eden space 29696K, 100% used [0x0000000740000000,0x0000000741d00000,0x0000000741d00000)
  from space 3072K, 81% used [0x0000000741d00000,0x0000000741f74880,0x0000000742000000)
  to   space 3072K, 0% used [0x0000000742000000,0x0000000742000000,0x0000000742300000)
 ParOldGen       total 176640K, used 114765K [0x0000000640000000, 0x000000064ac80000, 0x0000000740000000)
  object space 176640K, 64% used [0x0000000640000000,0x0000000647013720,0x000000064ac80000)
 Metaspace       used 21107K, capacity 21510K, committed 21760K, reserved 1069056K
  class space    used 2393K, capacity 2523K, committed 2560K, reserved 1048576K
Event: 66026.608 GC heap after
Heap after GC invocations=2550 (full 6):
 PSYoungGen      total 32768K, used 2545K [0x0000000740000000, 0x0000000742300000, 0x00000007c0000000)
  eden space 29696K, 0% used [0x0000000740000000,0x0000000740000000,0x0000000741d00000)
  from space 3072K, 82% used [0x0000000742000000,0x000000074227c770,0x0000000742300000)
  to   space 3072K, 0% used [0x0000000741d00000,0x0000000741d00000,0x0000000742000000)
 ParOldGen       total 176640K, used 114773K [0x0000000640000000, 0x000000064ac80000, 0x0000000740000000)
  object space 176640K, 64% used [0x0000000640000000,0x0000000647015720,0x000000064ac80000)
 Metaspace       used 21107K, capacity 21510K, committed 21760K, reserved 1069056K
  class space    used 2393K, capacity 2523K, committed 2560K, reserved 1048576K
}
Event: 66210.379 GC heap before
{Heap before GC invocations=2551 (full 6):
 PSYoungGen      total 32768K, used 32055K [0x0000000740000000, 0x0000000742300000, 0x00000007c0000000)
  eden space 29696K, 99% used [0x0000000740000000,0x0000000741cd1698,0x0000000741d00000)
  from space 3072K, 82% used [0x0000000742000000,0x000000074227c770,0x0000000742300000)
  to   space 3072K, 0% used [0x0000000741d00000,0x0000000741d00000,0x0000000742000000)
 ParOldGen       total 176640K, used 114773K [0x0000000640000000, 0x000000064ac80000, 0x0000000740000000)
  object space 176640K, 64% used [0x0000000640000000,0x0000000647015720,0x000000064ac80000)
 Metaspace       used 21123K, capacity 21510K, committed 21760K, reserved 1069056K
  class space    used 2396K, capacity 2523K, committed 2560K, reserved 1048576K
Event: 66210.381 GC heap after
Heap after GC invocations=2551 (full 6):
 PSYoungGen      total 32768K, used 3052K [0x0000000740000000, 0x0000000742500000, 0x00000007c0000000)
  eden space 29696K, 0% used [0x0000000740000000,0x0000000740000000,0x0000000741d00000)
  from space 3072K, 99% used [0x0000000741d00000,0x0000000741ffb388,0x0000000742000000)
  to   space 4096K, 0% used [0x0000000742100000,0x0000000742100000,0x0000000742500000)
 ParOldGen       total 176640K, used 116690K [0x0000000640000000, 0x000000064ac80000, 0x0000000740000000)
  object space 176640K, 66% used [0x0000000640000000,0x00000006471f4bd0,0x000000064ac80000)
 Metaspace       used 21123K, capacity 21510K, committed 21760K, reserved 1069056K
  class space    used 2396K, capacity 2523K, committed 2560K, reserved 1048576K
}
Event: 66453.140 GC heap before
{Heap before GC invocations=2552 (full 6):
 PSYoungGen      total 32768K, used 32748K [0x0000000740000000, 0x0000000742500000, 0x00000007c0000000)
  eden space 29696K, 100% used [0x0000000740000000,0x0000000741d00000,0x0000000741d00000)
  from space 3072K, 99% used [0x0000000741d00000,0x0000000741ffb388,0x0000000742000000)
  to   space 4096K, 0% used [0x0000000742100000,0x0000000742100000,0x0000000742500000)
 ParOldGen       total 176640K, used 116690K [0x0000000640000000, 0x000000064ac80000, 0x0000000740000000)
  object space 176640K, 66% used [0x0000000640000000,0x00000006471f4bd0,0x000000064ac80000)
 Metaspace       used 21141K, capacity 21510K, committed 21760K, reserved 1069056K
  class space    used 2396K, capacity 2523K, committed 2560K, reserved 1048576K
Event: 66453.142 GC heap after
Heap after GC invocations=2552 (full 6):
 PSYoungGen      total 33280K, used 4093K [0x0000000740000000, 0x0000000742600000, 0x00000007c0000000)
  eden space 29184K, 0% used [0x0000000740000000,0x0000000740000000,0x0000000741c80000)
  from space 4096K, 99% used [0x0000000742100000,0x00000007424ff428,0x0000000742500000)
  to   space 4608K, 0% used [0x0000000741c80000,0x0000000741c80000,0x0000000742100000)
 ParOldGen       total 176640K, used 117628K [0x0000000640000000, 0x000000064ac80000, 0x0000000740000000)
  object space 176640K, 66% used [0x0000000640000000,0x00000006472df050,0x000000064ac80000)
 Metaspace       used 21141K, capacity 21510K, committed 21760K, reserved 1069056K
  class space    used 2396K, capacity 2523K, committed 2560K, reserved 1048576K
}

Deoptimization events (10 events):
Event: 66187.162 Thread 0x00007fd8d21f8000 Uncommon trap: reason=bimorphic action=maybe_recompile pc=0x0000000107b32878 method=sun.java2d.SunGraphics2D.<init>(Lsun/java2d/SurfaceData;Ljava/awt/Color;Ljava/awt/Color;Ljava/awt/Font;)V @ 112
Event: 66187.162 Thread 0x00007fd8d21f8000 Uncommon trap: reason=class_check action=maybe_recompile pc=0x0000000107799654 method=sun.java2d.loops.SurfaceType.pixelFor(ILjava/awt/image/ColorModel;)I @ 6
Event: 66187.162 Thread 0x00007fd8d21f8000 Uncommon trap: reason=class_check action=maybe_recompile pc=0x0000000107799654 method=sun.java2d.loops.SurfaceType.pixelFor(ILjava/awt/image/ColorModel;)I @ 6
Event: 66187.162 Thread 0x00007fd8d21f8000 Uncommon trap: reason=bimorphic action=maybe_recompile pc=0x0000000108016be0 method=sun.java2d.pipe.ValidatePipe.fillRect(Lsun/java2d/SunGraphics2D;IIII)V @ 19
Event: 66187.162 Thread 0x00007fd8d21f8000 Uncommon trap: reason=class_check action=maybe_recompile pc=0x0000000107799654 method=sun.java2d.loops.SurfaceType.pixelFor(ILjava/awt/image/ColorModel;)I @ 6
Event: 66187.162 Thread 0x00007fd8d21f8000 Uncommon trap: reason=bimorphic action=maybe_recompile pc=0x0000000107b32878 method=sun.java2d.SunGraphics2D.<init>(Lsun/java2d/SurfaceData;Ljava/awt/Color;Ljava/awt/Color;Ljava/awt/Font;)V @ 112
Event: 66187.162 Thread 0x00007fd8d21f8000 Uncommon trap: reason=bimorphic action=maybe_recompile pc=0x0000000108016be0 method=sun.java2d.pipe.ValidatePipe.fillRect(Lsun/java2d/SunGraphics2D;IIII)V @ 19
Event: 66187.162 Thread 0x00007fd8d21f8000 Uncommon trap: reason=bimorphic action=maybe_recompile pc=0x0000000108016be0 method=sun.java2d.pipe.ValidatePipe.fillRect(Lsun/java2d/SunGraphics2D;IIII)V @ 19
Event: 66187.162 Thread 0x00007fd8d21f8000 Uncommon trap: reason=bimorphic action=maybe_recompile pc=0x0000000108016be0 method=sun.java2d.pipe.ValidatePipe.fillRect(Lsun/java2d/SunGraphics2D;IIII)V @ 19
Event: 66244.949 Thread 0x00007fd8d189a000 Uncommon trap: reason=class_check action=maybe_recompile pc=0x000000010771661c method=java.util.HashMap.removeNode(ILjava/lang/Object;Ljava/lang/Object;ZZ)Ljava/util/HashMap$Node; @ 68

Internal exceptions (10 events):
Event: 52205.990 Thread 0x00007fd8d726f800 JVM_StopThread thread JavaThread 0x00007fd8d1c93000 as oop 0x0000000742000000 [exception 0x000000013b036750]
Event: 52205.990 Thread 0x00007fd8d1c93000 Exception <a 'java/lang/ThreadDeath': sleep interrupted> (0x0000000740c23fd8) thrown at [/Users/java_re/workspace/8-2-build-macosx-x86_64/jdk8u45/3457/hotspot/src/share/vm/prims/jvm.cpp, line 3211]
Event: 55260.433 Thread 0x00007fd8d726f800 JVM_StopThread thread JavaThread 0x00007fd8d82e9800 as oop 0x0000000741d10000 [exception 0x000000013b036750]
Event: 55260.433 Thread 0x00007fd8d82e9800 Exception <a 'java/lang/ThreadDeath': sleep interrupted> (0x0000000740e4d7f8) thrown at [/Users/java_re/workspace/8-2-build-macosx-x86_64/jdk8u45/3457/hotspot/src/share/vm/prims/jvm.cpp, line 3211]
Event: 58316.265 Thread 0x00007fd8d726f800 JVM_StopThread thread JavaThread 0x00007fd8d82e9800 as oop 0x0000000741d10000 [exception 0x000000013b036750]
Event: 58316.265 Thread 0x00007fd8d82e9800 Exception <a 'java/lang/ThreadDeath': sleep interrupted> (0x0000000740108ab0) thrown at [/Users/java_re/workspace/8-2-build-macosx-x86_64/jdk8u45/3457/hotspot/src/share/vm/prims/jvm.cpp, line 3211]
Event: 61389.166 Thread 0x00007fd8d726f800 JVM_StopThread thread JavaThread 0x00007fd8d1c93000 as oop 0x0000000742012640 [exception 0x000000013b036750]
Event: 61389.166 Thread 0x00007fd8d1c93000 Exception <a 'java/lang/ThreadDeath': sleep interrupted> (0x0000000740338638) thrown at [/Users/java_re/workspace/8-2-build-macosx-x86_64/jdk8u45/3457/hotspot/src/share/vm/prims/jvm.cpp, line 3211]
Event: 64440.071 Thread 0x00007fd8d726f800 JVM_StopThread thread JavaThread 0x00007fd8d788a000 as oop 0x0000000741d08000 [exception 0x000000013b036750]
Event: 64440.071 Thread 0x00007fd8d788a000 Exception <a 'java/lang/ThreadDeath': sleep interrupted> (0x0000000740d98390) thrown at [/Users/java_re/workspace/8-2-build-macosx-x86_64/jdk8u45/3457/hotspot/src/share/vm/prims/jvm.cpp, line 3211]

Events (10 events):
Event: 66401.934 Thread 0x00007fd8d726f000 Thread exited: 0x00007fd8d726f000
Event: 66452.757 Thread 0x00007fd8d18da000 Thread added: 0x00007fd8d18da000
Event: 66452.757 Thread 0x00007fd8d18da000 Thread exited: 0x00007fd8d18da000
Event: 66452.816 Thread 0x00007fd8d18da000 Thread added: 0x00007fd8d18da000
Event: 66452.901 Thread 0x00007fd8d803e800 Thread added: 0x00007fd8d803e800
Event: 66452.901 Thread 0x00007fd8d803e800 Thread exited: 0x00007fd8d803e800
Event: 66453.139 Thread 0x00007fd8d2a8c800 Thread added: 0x00007fd8d2a8c800
Event: 66453.139 Executing VM operation: ParallelGCFailedAllocation
Event: 66453.142 Executing VM operation: ParallelGCFailedAllocation done
Event: 66453.143 Thread 0x00007fd8d2a8c800 Thread exited: 0x00007fd8d2a8c800


Dynamic libraries:
0x0000000007dc1000 	/System/Library/Frameworks/Cocoa.framework/Versions/A/Cocoa
0x0000000007dc1000 	/System/Library/Frameworks/Security.framework/Versions/A/Security
0x0000000007dc1000 	/System/Library/Frameworks/ApplicationServices.framework/Versions/A/ApplicationServices
0x0000000007dc1000 	/usr/lib/libz.1.dylib
0x0000000007dc1000 	/usr/lib/libSystem.B.dylib
0x0000000007dc1000 	/usr/lib/libobjc.A.dylib
0x0000000007dc1000 	/System/Library/Frameworks/CoreFoundation.framework/Versions/A/CoreFoundation
0x0000000007dc1000 	/System/Library/Frameworks/Foundation.framework/Versions/C/Foundation
0x0000000007dc1000 	/System/Library/Frameworks/AppKit.framework/Versions/C/AppKit
0x0000000007dc1000 	/System/Library/Frameworks/CoreData.framework/Versions/A/CoreData
0x0000000007dc1000 	/System/Library/PrivateFrameworks/RemoteViewServices.framework/Versions/A/RemoteViewServices
0x0000000007dc1000 	/System/Library/PrivateFrameworks/UIFoundation.framework/Versions/A/UIFoundation
0x0000000007dc1000 	/System/Library/Frameworks/IOSurface.framework/Versions/A/IOSurface
0x0000000007dc1000 	/System/Library/Frameworks/AudioToolbox.framework/Versions/A/AudioToolbox
0x0000000007dc1000 	/System/Library/Frameworks/AudioUnit.framework/Versions/A/AudioUnit
0x0000000007dc1000 	/System/Library/PrivateFrameworks/DataDetectorsCore.framework/Versions/A/DataDetectorsCore
0x0000000007dc1000 	/System/Library/PrivateFrameworks/DesktopServicesPriv.framework/Versions/A/DesktopServicesPriv
0x0000000007dc1000 	/System/Library/Frameworks/Carbon.framework/Versions/A/Frameworks/HIToolbox.framework/Versions/A/HIToolbox
0x0000000007dc1000 	/System/Library/Frameworks/QuartzCore.framework/Versions/A/QuartzCore
0x0000000007dc1000 	/System/Library/Frameworks/Carbon.framework/Versions/A/Frameworks/SpeechRecognition.framework/Versions/A/SpeechRecognition
0x0000000007dc1000 	/usr/lib/libauto.dylib
0x0000000007dc1000 	/usr/lib/libicucore.A.dylib
0x0000000007dc1000 	/usr/lib/libxml2.2.dylib
0x0000000007dc1000 	/System/Library/PrivateFrameworks/CoreUI.framework/Versions/A/CoreUI
0x0000000007dc1000 	/System/Library/Frameworks/CoreAudio.framework/Versions/A/CoreAudio
0x0000000007dc1000 	/System/Library/Frameworks/DiskArbitration.framework/Versions/A/DiskArbitration
0x0000000007dc1000 	/usr/lib/liblangid.dylib
0x0000000007dc1000 	/System/Library/PrivateFrameworks/MultitouchSupport.framework/Versions/A/MultitouchSupport
0x0000000007dc1000 	/System/Library/Frameworks/IOKit.framework/Versions/A/IOKit
0x0000000007dc1000 	/usr/lib/libDiagnosticMessagesClient.dylib
0x0000000007dc1000 	/System/Library/Frameworks/CoreServices.framework/Versions/A/CoreServices
0x0000000007dc1000 	/System/Library/PrivateFrameworks/PerformanceAnalysis.framework/Versions/A/PerformanceAnalysis
0x0000000007dc1000 	/System/Library/PrivateFrameworks/GenerationalStorage.framework/Versions/A/GenerationalStorage
0x0000000007dc1000 	/System/Library/Frameworks/OpenGL.framework/Versions/A/OpenGL
0x0000000007dc1000 	/System/Library/PrivateFrameworks/Sharing.framework/Versions/A/Sharing
0x0000000007dc1000 	/System/Library/Frameworks/CoreGraphics.framework/Versions/A/CoreGraphics
0x0000000007dc1000 	/System/Library/Frameworks/CoreText.framework/Versions/A/CoreText
0x0000000007dc1000 	/System/Library/Frameworks/ImageIO.framework/Versions/A/ImageIO
0x0000000007dc1000 	/usr/lib/libextension.dylib
0x0000000007dc1000 	/System/Library/PrivateFrameworks/Backup.framework/Versions/A/Backup
0x0000000007dc1000 	/usr/lib/libarchive.2.dylib
0x0000000007dc1000 	/System/Library/Frameworks/CFNetwork.framework/Versions/A/CFNetwork
0x0000000007dc1000 	/System/Library/Frameworks/SystemConfiguration.framework/Versions/A/SystemConfiguration
0x0000000007dc1000 	/usr/lib/libCRFSuite.dylib
0x0000000007dc1000 	/usr/lib/libc++.1.dylib
0x0000000007dc1000 	/usr/lib/libc++abi.dylib
0x0000000007dc1000 	/usr/lib/system/libcache.dylib
0x0000000007dc1000 	/usr/lib/system/libcommonCrypto.dylib
0x0000000007dc1000 	/usr/lib/system/libcompiler_rt.dylib
0x0000000007dc1000 	/usr/lib/system/libcopyfile.dylib
0x0000000007dc1000 	/usr/lib/system/libcorecrypto.dylib
0x0000000007dc1000 	/usr/lib/system/libdispatch.dylib
0x0000000007dc1000 	/usr/lib/system/libdyld.dylib
0x0000000007dc1000 	/usr/lib/system/libkeymgr.dylib
0x0000000007dc1000 	/usr/lib/system/liblaunch.dylib
0x0000000007dc1000 	/usr/lib/system/libmacho.dylib
0x0000000007dc1000 	/usr/lib/system/libquarantine.dylib
0x0000000007dc1000 	/usr/lib/system/libremovefile.dylib
0x0000000007dc1000 	/usr/lib/system/libsystem_asl.dylib
0x0000000007dc1000 	/usr/lib/system/libsystem_blocks.dylib
0x0000000007dc1000 	/usr/lib/system/libsystem_c.dylib
0x0000000007dc1000 	/usr/lib/system/libsystem_configuration.dylib
0x0000000007dc1000 	/usr/lib/system/libsystem_coreservices.dylib
0x0000000007dc1000 	/usr/lib/system/libsystem_coretls.dylib
0x0000000007dc1000 	/usr/lib/system/libsystem_dnssd.dylib
0x0000000007dc1000 	/usr/lib/system/libsystem_info.dylib
0x0000000007dc1000 	/usr/lib/system/libsystem_kernel.dylib
0x0000000007dc1000 	/usr/lib/system/libsystem_m.dylib
0x0000000007dc1000 	/usr/lib/system/libsystem_malloc.dylib
0x0000000007dc1000 	/usr/lib/system/libsystem_network.dylib
0x0000000007dc1000 	/usr/lib/system/libsystem_networkextension.dylib
0x0000000007dc1000 	/usr/lib/system/libsystem_notify.dylib
0x0000000007dc1000 	/usr/lib/system/libsystem_platform.dylib
0x0000000007dc1000 	/usr/lib/system/libsystem_pthread.dylib
0x0000000007dc1000 	/usr/lib/system/libsystem_sandbox.dylib
0x0000000007dc1000 	/usr/lib/system/libsystem_secinit.dylib
0x0000000007dc1000 	/usr/lib/system/libsystem_stats.dylib
0x0000000007dc1000 	/usr/lib/system/libsystem_trace.dylib
0x0000000007dc1000 	/usr/lib/system/libunc.dylib
0x0000000007dc1000 	/usr/lib/system/libunwind.dylib
0x0000000007dc1000 	/usr/lib/system/libxpc.dylib
0x0000000007dc1000 	/usr/lib/libbz2.1.0.dylib
0x0000000007dc1000 	/usr/lib/liblzma.5.dylib
0x0000000007dc1000 	/usr/lib/libbsm.0.dylib
0x0000000007dc1000 	/usr/lib/libsqlite3.dylib
0x0000000007dc1000 	/usr/lib/system/libkxld.dylib
0x0000000007dc1000 	/usr/lib/libxar.1.dylib
0x0000000007dc1000 	/usr/lib/libpam.2.dylib
0x0000000007dc1000 	/usr/lib/libOpenScriptingUtil.dylib
0x0000000007dc1000 	/System/Library/Frameworks/CoreServices.framework/Versions/A/Frameworks/FSEvents.framework/Versions/A/FSEvents
0x0000000007dc1000 	/System/Library/Frameworks/CoreServices.framework/Versions/A/Frameworks/CarbonCore.framework/Versions/A/CarbonCore
0x0000000007dc1000 	/System/Library/Frameworks/CoreServices.framework/Versions/A/Frameworks/Metadata.framework/Versions/A/Metadata
0x0000000007dc1000 	/System/Library/Frameworks/CoreServices.framework/Versions/A/Frameworks/OSServices.framework/Versions/A/OSServices
0x0000000007dc1000 	/System/Library/Frameworks/CoreServices.framework/Versions/A/Frameworks/SearchKit.framework/Versions/A/SearchKit
0x0000000007dc1000 	/System/Library/Frameworks/CoreServices.framework/Versions/A/Frameworks/AE.framework/Versions/A/AE
0x0000000007dc1000 	/System/Library/Frameworks/CoreServices.framework/Versions/A/Frameworks/LaunchServices.framework/Versions/A/LaunchServices
0x0000000007dc1000 	/System/Library/Frameworks/CoreServices.framework/Versions/A/Frameworks/DictionaryServices.framework/Versions/A/DictionaryServices
0x0000000007dc1000 	/System/Library/Frameworks/NetFS.framework/Versions/A/NetFS
0x0000000007dc1000 	/System/Library/PrivateFrameworks/NetAuth.framework/Versions/A/NetAuth
0x0000000007dc1000 	/System/Library/PrivateFrameworks/login.framework/Versions/A/Frameworks/loginsupport.framework/Versions/A/loginsupport
0x0000000007dc1000 	/System/Library/PrivateFrameworks/TCC.framework/Versions/A/TCC
0x0000000007dc1000 	/usr/lib/libmecabra.dylib
0x0000000007dc1000 	/System/Library/Frameworks/ApplicationServices.framework/Versions/A/Frameworks/ATS.framework/Versions/A/ATS
0x0000000007dc1000 	/System/Library/Frameworks/ApplicationServices.framework/Versions/A/Frameworks/ColorSync.framework/Versions/A/ColorSync
0x0000000007dc1000 	/System/Library/Frameworks/ApplicationServices.framework/Versions/A/Frameworks/HIServices.framework/Versions/A/HIServices
0x0000000007dc1000 	/System/Library/Frameworks/ApplicationServices.framework/Versions/A/Frameworks/LangAnalysis.framework/Versions/A/LangAnalysis
0x0000000007dc1000 	/System/Library/Frameworks/ApplicationServices.framework/Versions/A/Frameworks/PrintCore.framework/Versions/A/PrintCore
0x0000000007dc1000 	/System/Library/Frameworks/ApplicationServices.framework/Versions/A/Frameworks/QD.framework/Versions/A/QD
0x0000000007dc1000 	/System/Library/Frameworks/ApplicationServices.framework/Versions/A/Frameworks/SpeechSynthesis.framework/Versions/A/SpeechSynthesis
0x0000000007dc1000 	/System/Library/Frameworks/Accelerate.framework/Versions/A/Accelerate
0x0000000007dc1000 	/System/Library/Frameworks/Accelerate.framework/Versions/A/Frameworks/vImage.framework/Versions/A/vImage
0x0000000007dc1000 	/System/Library/Frameworks/Accelerate.framework/Versions/A/Frameworks/vecLib.framework/Versions/A/vecLib
0x0000000007dc1000 	/System/Library/Frameworks/Accelerate.framework/Versions/A/Frameworks/vecLib.framework/Versions/A/libvDSP.dylib
0x0000000007dc1000 	/System/Library/Frameworks/Accelerate.framework/Versions/A/Frameworks/vecLib.framework/Versions/A/libvMisc.dylib
0x0000000007dc1000 	/System/Library/Frameworks/Accelerate.framework/Versions/A/Frameworks/vecLib.framework/Versions/A/libLAPACK.dylib
0x0000000007dc1000 	/System/Library/Frameworks/Accelerate.framework/Versions/A/Frameworks/vecLib.framework/Versions/A/libBLAS.dylib
0x0000000007dc1000 	/System/Library/Frameworks/Accelerate.framework/Versions/A/Frameworks/vecLib.framework/Versions/A/libLinearAlgebra.dylib
0x0000000007dc1000 	/System/Library/Frameworks/ApplicationServices.framework/Versions/A/Frameworks/ATS.framework/Versions/A/Resources/libFontParser.dylib
0x0000000007dc1000 	/System/Library/Frameworks/ApplicationServices.framework/Versions/A/Frameworks/ATS.framework/Versions/A/Resources/libFontRegistry.dylib
0x0000000007dc1000 	/System/Library/PrivateFrameworks/AppleVPA.framework/Versions/A/AppleVPA
0x0000000007dc1000 	/System/Library/PrivateFrameworks/AppleJPEG.framework/Versions/A/AppleJPEG
0x0000000007dc1000 	/System/Library/Frameworks/ImageIO.framework/Versions/A/Resources/libJPEG.dylib
0x0000000007dc1000 	/System/Library/Frameworks/ImageIO.framework/Versions/A/Resources/libTIFF.dylib
0x0000000007dc1000 	/System/Library/Frameworks/ImageIO.framework/Versions/A/Resources/libPng.dylib
0x0000000007dc1000 	/System/Library/Frameworks/ImageIO.framework/Versions/A/Resources/libGIF.dylib
0x0000000007dc1000 	/System/Library/Frameworks/ImageIO.framework/Versions/A/Resources/libJP2.dylib
0x0000000007dc1000 	/System/Library/Frameworks/ImageIO.framework/Versions/A/Resources/libRadiance.dylib
0x0000000007dc1000 	/System/Library/Frameworks/CoreVideo.framework/Versions/A/CoreVideo
0x0000000007dc1000 	/System/Library/Frameworks/OpenGL.framework/Versions/A/Libraries/libGLU.dylib
0x0000000007dc1000 	/System/Library/Frameworks/OpenGL.framework/Versions/A/Libraries/libGFXShared.dylib
0x0000000007dc1000 	/System/Library/Frameworks/OpenGL.framework/Versions/A/Libraries/libGL.dylib
0x0000000007dc1000 	/System/Library/Frameworks/OpenGL.framework/Versions/A/Libraries/libGLImage.dylib
0x0000000007dc1000 	/System/Library/Frameworks/OpenGL.framework/Versions/A/Libraries/libCVMSPluginSupport.dylib
0x0000000007dc1000 	/System/Library/Frameworks/OpenGL.framework/Versions/A/Libraries/libCoreVMClient.dylib
0x0000000007dc1000 	/usr/lib/libcups.2.dylib
0x0000000007dc1000 	/System/Library/Frameworks/Kerberos.framework/Versions/A/Kerberos
0x0000000007dc1000 	/System/Library/Frameworks/GSS.framework/Versions/A/GSS
0x0000000007dc1000 	/usr/lib/libresolv.9.dylib
0x0000000007dc1000 	/usr/lib/libiconv.2.dylib
0x0000000007dc1000 	/System/Library/PrivateFrameworks/Heimdal.framework/Versions/A/Heimdal
0x0000000007dc1000 	/usr/lib/libheimdal-asn1.dylib
0x0000000007dc1000 	/System/Library/Frameworks/OpenDirectory.framework/Versions/A/OpenDirectory
0x0000000007dc1000 	/System/Library/PrivateFrameworks/CommonAuth.framework/Versions/A/CommonAuth
0x0000000007dc1000 	/System/Library/Frameworks/OpenDirectory.framework/Versions/A/Frameworks/CFOpenDirectory.framework/Versions/A/CFOpenDirectory
0x0000000007dc1000 	/System/Library/Frameworks/SecurityFoundation.framework/Versions/A/SecurityFoundation
0x0000000007dc1000 	/System/Library/PrivateFrameworks/LanguageModeling.framework/Versions/A/LanguageModeling
0x0000000007dc1000 	/usr/lib/libcmph.dylib
0x0000000007dc1000 	/System/Library/Frameworks/ServiceManagement.framework/Versions/A/ServiceManagement
0x0000000007dc1000 	/usr/lib/libxslt.1.dylib
0x0000000007dc1000 	/System/Library/Frameworks/Carbon.framework/Versions/A/Frameworks/Ink.framework/Versions/A/Ink
0x0000000007dc1000 	/System/Library/Frameworks/QuartzCore.framework/Versions/A/Frameworks/CoreImage.framework/Versions/A/CoreImage
0x0000000007dc1000 	/System/Library/PrivateFrameworks/CrashReporterSupport.framework/Versions/A/CrashReporterSupport
0x0000000007dc1000 	/System/Library/Frameworks/OpenCL.framework/Versions/A/OpenCL
0x0000000007dc1000 	/System/Library/PrivateFrameworks/FaceCore.framework/Versions/A/FaceCore
0x0000000007dc1000 	/System/Library/PrivateFrameworks/Ubiquity.framework/Versions/A/Ubiquity
0x0000000007dc1000 	/System/Library/PrivateFrameworks/IconServices.framework/Versions/A/IconServices
0x0000000007dc1000 	/System/Library/PrivateFrameworks/ChunkingLibrary.framework/Versions/A/ChunkingLibrary
0x0000000007dc1000 	/System/Library/PrivateFrameworks/Apple80211.framework/Versions/A/Apple80211
0x0000000007dc1000 	/System/Library/Frameworks/CoreWLAN.framework/Versions/A/CoreWLAN
0x0000000007dc1000 	/System/Library/Frameworks/IOBluetooth.framework/Versions/A/IOBluetooth
0x0000000007dc1000 	/System/Library/PrivateFrameworks/CoreWiFi.framework/Versions/A/CoreWiFi
0x0000000007dc1000 	/System/Library/Frameworks/CoreBluetooth.framework/Versions/A/CoreBluetooth
0x0000000007dc1000 	/System/Library/PrivateFrameworks/DebugSymbols.framework/Versions/A/DebugSymbols
0x0000000007dc1000 	/System/Library/PrivateFrameworks/CoreSymbolication.framework/Versions/A/CoreSymbolication
0x0000000007dc1000 	/System/Library/PrivateFrameworks/Symbolication.framework/Versions/A/Symbolication
0x0000000007dc1000 	/System/Library/PrivateFrameworks/SpeechRecognitionCore.framework/Versions/A/SpeechRecognitionCore
0x0000000105828000 	/Library/Java/JavaVirtualMachines/jdk1.8.0_45.jdk/Contents/Home/jre/lib/server/libjvm.dylib
0x0000000007dc1000 	/usr/lib/libstdc++.6.dylib
0x0000000106894000 	/Library/Java/JavaVirtualMachines/jdk1.8.0_45.jdk/Contents/Home/jre/lib/libverify.dylib
0x00000001068a2000 	/Library/Java/JavaVirtualMachines/jdk1.8.0_45.jdk/Contents/Home/jre/lib/libjava.dylib
0x00000001068f8000 	/Library/Java/JavaVirtualMachines/jdk1.8.0_45.jdk/Contents/Home/jre/lib/libzip.dylib
0x0000000126721000 	/System/Library/Frameworks/JavaVM.framework/Frameworks/JavaRuntimeSupport.framework/JavaRuntimeSupport
0x0000000126739000 	/System/Library/Frameworks/JavaVM.framework/Versions/A/Frameworks/JavaNativeFoundation.framework/Versions/A/JavaNativeFoundation
0x000000012674e000 	/System/Library/Frameworks/JavaVM.framework/Versions/A/JavaVM
0x0000000007dc1000 	/System/Library/Frameworks/Carbon.framework/Versions/A/Carbon
0x000000012675b000 	/System/Library/PrivateFrameworks/JavaLaunching.framework/Versions/A/JavaLaunching
0x0000000007dc1000 	/System/Library/Frameworks/Carbon.framework/Versions/A/Frameworks/CommonPanels.framework/Versions/A/CommonPanels
0x0000000007dc1000 	/System/Library/Frameworks/Carbon.framework/Versions/A/Frameworks/Help.framework/Versions/A/Help
0x0000000007dc1000 	/System/Library/Frameworks/Carbon.framework/Versions/A/Frameworks/ImageCapture.framework/Versions/A/ImageCapture
0x0000000007dc1000 	/System/Library/Frameworks/Carbon.framework/Versions/A/Frameworks/OpenScripting.framework/Versions/A/OpenScripting
0x0000000007dc1000 	/System/Library/Frameworks/Carbon.framework/Versions/A/Frameworks/Print.framework/Versions/A/Print
0x0000000007dc1000 	/System/Library/Frameworks/Carbon.framework/Versions/A/Frameworks/SecurityHI.framework/Versions/A/SecurityHI
0x00000001287b7000 	/Applications/IntelliJ IDEA 14 CE.app/Contents/bin/libbreakgen64.jnilib
0x00000001288bd000 	/Library/Java/JavaVirtualMachines/jdk1.8.0_45.jdk/Contents/Home/jre/lib/libnet.dylib
0x000000012891c000 	/Library/Java/JavaVirtualMachines/jdk1.8.0_45.jdk/Contents/Home/jre/lib/libawt.dylib
0x00000001289c4000 	/Library/Java/JavaVirtualMachines/jdk1.8.0_45.jdk/Contents/Home/jre/lib/./libmlib_image.dylib
0x0000000128a90000 	/Library/Java/JavaVirtualMachines/jdk1.8.0_45.jdk/Contents/Home/jre/lib/libawt_lwawt.dylib
0x0000000128b44000 	/Library/Java/JavaVirtualMachines/jdk1.8.0_45.jdk/Contents/Home/jre/lib/./libosxapp.dylib
0x0000000007dc1000 	/System/Library/Frameworks/ExceptionHandling.framework/Versions/A/ExceptionHandling
0x0000000007dc1000 	/System/Library/PrivateFrameworks/CoreServicesInternal.framework/Versions/A/CoreServicesInternal
0x0000000007dc1000 	/System/Library/PrivateFrameworks/CloudDocs.framework/Versions/A/CloudDocs
0x0000000007dc1000 	/System/Library/PrivateFrameworks/CoreDuet.framework/Versions/A/CoreDuet
0x0000000007dc1000 	/System/Library/Frameworks/CloudKit.framework/Versions/A/CloudKit
0x0000000007dc1000 	/System/Library/PrivateFrameworks/ProtocolBuffer.framework/Versions/A/ProtocolBuffer
0x0000000007dc1000 	/System/Library/PrivateFrameworks/CoreDuetDaemonProtocol.framework/Versions/A/CoreDuetDaemonProtocol
0x0000000007dc1000 	/System/Library/PrivateFrameworks/CoreDuetDebugLogging.framework/Versions/A/CoreDuetDebugLogging
0x0000000007dc1000 	/System/Library/PrivateFrameworks/MMCS.framework/Versions/A/MMCS
0x0000000007dc1000 	/System/Library/Frameworks/CoreLocation.framework/Versions/A/CoreLocation
0x0000000007dc1000 	/System/Library/PrivateFrameworks/ProtectedCloudStorage.framework/Versions/A/ProtectedCloudStorage
0x0000000007dc1000 	/System/Library/PrivateFrameworks/GeoServices.framework/Versions/A/GeoServices
0x0000000007dc1000 	/System/Library/Frameworks/CoreGraphics.framework/Versions/A/Resources/libCGCMS.A.dylib
0x0000000007dc1000 	/System/Library/Frameworks/CoreGraphics.framework/Versions/A/Resources/libRIP.A.dylib
0x0000000007dc1000 	/System/Library/Frameworks/CoreGraphics.framework/Versions/A/Resources/libCGXType.A.dylib
0x0000000007dc1000 	/System/Library/Frameworks/OpenCL.framework/Versions/A/Libraries/libcldcpuengine.dylib
0x0000000007dc1000 	/System/Library/PrivateFrameworks/DiskImages.framework/Versions/A/DiskImages
0x0000000007dc1000 	/System/Library/Frameworks/DiscRecording.framework/Versions/A/DiscRecording
0x0000000007dc1000 	/usr/lib/libcsfde.dylib
0x0000000007dc1000 	/usr/lib/libcurl.4.dylib
0x0000000007dc1000 	/System/Library/PrivateFrameworks/MediaKit.framework/Versions/A/MediaKit
0x0000000007dc1000 	/usr/lib/libCoreStorage.dylib
0x0000000007dc1000 	/System/Library/PrivateFrameworks/EFILogin.framework/Versions/A/EFILogin
0x0000000007dc1000 	/usr/lib/libutil.dylib
0x0000000007dc1000 	/System/Library/PrivateFrameworks/FindMyDevice.framework/Versions/A/FindMyDevice
0x0000000007dc1000 	/System/Library/Frameworks/LDAP.framework/Versions/A/LDAP
0x0000000007dc1000 	/usr/lib/libsasl2.2.dylib
0x0000000007dc1000 	/System/Library/PrivateFrameworks/CoreDaemon.framework/Versions/B/CoreDaemon
0x0000000007dc1000 	/usr/lib/libcrypto.0.9.8.dylib
0x0000000007dc1000 	/System/Library/PrivateFrameworks/AppleSRP.framework/Versions/A/AppleSRP
0x0000000007dc1000 	/System/Library/PrivateFrameworks/TrustEvaluationAgent.framework/Versions/A/TrustEvaluationAgent
0x000000012bb59000 	cl_kernels
0x000000012bb5b000 	/System/Library/Frameworks/OpenCL.framework/Versions/A/Libraries/ImageFormats/unorm8_bgra.dylib
0x000000012bb4a000 	cl_kernels
0x0000000007dc1000 	/System/Library/PrivateFrameworks/FamilyControls.framework/Versions/A/FamilyControls
0x0000000007dc1000 	/System/Library/PrivateFrameworks/CommerceKit.framework/Versions/A/Frameworks/CommerceCore.framework/Versions/A/CommerceCore
0x0000000007dc1000 	/System/Library/PrivateFrameworks/SystemAdministration.framework/Versions/A/SystemAdministration
0x0000000007dc1000 	/System/Library/PrivateFrameworks/AppContainer.framework/Versions/A/AppContainer
0x0000000007dc1000 	/System/Library/PrivateFrameworks/SecCodeWrapper.framework/Versions/A/SecCodeWrapper
0x0000000007dc1000 	/System/Library/Frameworks/DirectoryService.framework/Versions/A/DirectoryService
0x0000000007dc1000 	/System/Library/PrivateFrameworks/LoginUIKit.framework/Versions/A/Frameworks/LoginUICore.framework/Versions/A/LoginUICore
0x0000000007dc1000 	/usr/lib/libodfde.dylib
0x0000000007dc1000 	/System/Library/Frameworks/OpenGL.framework/Versions/A/Resources/GLEngine.bundle/GLEngine
0x0000000007dc1000 	/System/Library/Frameworks/OpenGL.framework/Versions/A/Libraries/libGLProgrammability.dylib
0x0000000000000000 	/System/Library/Extensions/GeForceGLDriver.bundle/Contents/MacOS/GeForceGLDriver
0x0000000007dc1000 	/System/Library/Extensions/GeForceGLDriver.bundle/Contents/MacOS/libclh.dylib
0x0000000007dc1000 	/System/Library/PrivateFrameworks/IOAccelerator.framework/Versions/A/IOAccelerator
0x0000000007dc1000 	/System/Library/PrivateFrameworks/GPUSupport.framework/Versions/A/Libraries/libGPUSupportMercury.dylib
0x0000000007dc1000 	/System/Library/Frameworks/OpenGL.framework/Versions/A/Resources/GLRendererFloat.bundle/GLRendererFloat
0x000000012e391000 	/Library/Java/JavaVirtualMachines/jdk1.8.0_45.jdk/Contents/Home/jre/lib/libfontmanager.dylib
0x000000012e3f8000 	/Library/Java/JavaVirtualMachines/jdk1.8.0_45.jdk/Contents/Home/jre/lib/libosxui.dylib
0x000000012f7c8000 	/Library/Java/JavaVirtualMachines/jdk1.8.0_45.jdk/Contents/Home/jre/lib/libnio.dylib
0x0000000136cd8000 	/Library/Java/JavaVirtualMachines/jdk1.8.0_45.jdk/Contents/Home/jre/lib/libosx.dylib
0x0000000007dc1000 	/System/Library/Frameworks/Accelerate.framework/Versions/A/Frameworks/vImage.framework/Versions/A/Libraries/libCGInterfaces.dylib
0x000000012f576000 	/Library/Java/JavaVirtualMachines/jdk1.8.0_45.jdk/Contents/Home/jre/lib/libdcpr.dylib
0x000000012f635000 	/Library/Java/JavaVirtualMachines/jdk1.8.0_45.jdk/Contents/Home/jre/lib/libsunec.dylib

VM Arguments:
jvm_args: -Didea.launcher.port=7533 -Didea.launcher.bin.path=/Applications/IntelliJ IDEA 14 CE.app/Contents/bin -Dfile.encoding=UTF-8 
java_command: com.intellij.rt.execution.application.AppMain OkcApp
java_class_path (initial): /Library/Java/JavaVirtualMachines/jdk1.8.0_45.jdk/Contents/Home/lib/ant-javafx.jar:/Library/Java/JavaVirtualMachines/jdk1.8.0_45.jdk/Contents/Home/lib/dt.jar:/Library/Java/JavaVirtualMachines/jdk1.8.0_45.jdk/Contents/Home/lib/javafx-mx.jar:/Library/Java/JavaVirtualMachines/jdk1.8.0_45.jdk/Contents/Home/lib/jconsole.jar:/Library/Java/JavaVirtualMachines/jdk1.8.0_45.jdk/Contents/Home/lib/packager.jar:/Library/Java/JavaVirtualMachines/jdk1.8.0_45.jdk/Contents/Home/lib/sa-jdi.jar:/Library/Java/JavaVirtualMachines/jdk1.8.0_45.jdk/Contents/Home/lib/tools.jar:/Library/Java/JavaVirtualMachines/jdk1.8.0_45.jdk/Contents/Home/jre/lib/charsets.jar:/Library/Java/JavaVirtualMachines/jdk1.8.0_45.jdk/Contents/Home/jre/lib/deploy.jar:/Library/Java/JavaVirtualMachines/jdk1.8.0_45.jdk/Contents/Home/jre/lib/javaws.jar:/Library/Java/JavaVirtualMachines/jdk1.8.0_45.jdk/Contents/Home/jre/lib/jce.jar:/Library/Java/JavaVirtualMachines/jdk1.8.0_45.jdk/Contents/Home/jre/lib/jfr.jar:/Library/Java/JavaVirtualMachines/jdk1.8.0_45.jdk/Contents/Home/jre/lib/jfxswt.jar:/Library/Java/JavaVirtualMachines/jdk1.8.0_45.jdk/Contents/Home/jre/lib/jsse.jar:/Library/Java/JavaVirtualMachines/jdk1.8.0_45.jdk/Contents/Home/jre/lib/management-agent.jar:/Library/Java/JavaVirtualMachines/jdk1.8.0_45.jdk/Contents/Home/jre/lib/plugin.jar:/Library/Java/JavaVirtualMachines/jdk1.8.0_45.jdk/Contents/Home/jre/lib/resources.jar:/Library/Java/JavaVirtualMachines/jdk1.8.0_45.jdk/Contents/Home/jre/lib/rt.jar:/Library/Java/JavaVirtualMachines/jdk1.8.0_45.jdk/Contents/Home/jre/lib/ext/cldrdata.jar:/Library/Java/JavaVirtualMachines/jdk1.8.0_45.jdk/Contents/Home/jre/lib/ext/dnsns.jar:/Library/Java/JavaVirtualMachines/jdk1.8.0_45.jdk/Contents/Home/jre/lib/ext/jfxrt.jar:/Library/Java/JavaVirtualMachines/jdk1.8.0_45.jdk/Contents/Home/jre/lib/ext/localedata.jar:/Library/Java/JavaVirtualMachines/jdk1.8.0_45.jdk/Contents/Home/jre/lib/ext/nashorn.jar:/Library/Java/JavaVirtualMachines/jdk1.8.0_45.jdk/Conten
Launcher Type: SUN_STANDARD

Environment Variables:
PATH=/usr/local/mysql/bin:/usr/local/bin:/usr/bin:/bin:/usr/sbin:/sbin:/opt/X11/bin:/Users/stuartkuredjian
SHELL=/bin/bash
DISPLAY=/private/tmp/com.apple.launchd.opebMeFFbt/org.macosforge.xquartz:0

Signal Handlers:
SIGSEGV: [libjvm.dylib+0x58ef95], sa_mask[0]=11111111011111110111111111111111, sa_flags=SA_ONSTACK|SA_RESTART|SA_SIGINFO
SIGBUS: [libjvm.dylib+0x58ef95], sa_mask[0]=11111111011111110111111111111111, sa_flags=SA_RESTART|SA_SIGINFO
SIGFPE: [libjvm.dylib+0x46c108], sa_mask[0]=11111111011111110111111111111111, sa_flags=SA_RESTART|SA_SIGINFO
SIGPIPE: [libjvm.dylib+0x46c108], sa_mask[0]=11111111011111110111111111111111, sa_flags=SA_RESTART|SA_SIGINFO
SIGXFSZ: [libjvm.dylib+0x46c108], sa_mask[0]=11111111011111110111111111111111, sa_flags=SA_RESTART|SA_SIGINFO
SIGILL: [libjvm.dylib+0x46c108], sa_mask[0]=11111111011111110111111111111111, sa_flags=SA_RESTART|SA_SIGINFO
SIGUSR1: SIG_DFL, sa_mask[0]=00000000000000000000000000000000, sa_flags=none
SIGUSR2: [libjvm.dylib+0x46bc26], sa_mask[0]=00100000000000000000000000000000, sa_flags=SA_RESTART|SA_SIGINFO
SIGHUP: [libjvm.dylib+0x46a1f9], sa_mask[0]=11111111011111110111111111111111, sa_flags=SA_RESTART|SA_SIGINFO
SIGINT: [libjvm.dylib+0x46a1f9], sa_mask[0]=11111111011111110111111111111111, sa_flags=SA_RESTART|SA_SIGINFO
SIGTERM: [libjvm.dylib+0x46a1f9], sa_mask[0]=11111111011111110111111111111111, sa_flags=SA_RESTART|SA_SIGINFO
SIGQUIT: [libjvm.dylib+0x46a1f9], sa_mask[0]=11111111011111110111111111111111, sa_flags=SA_RESTART|SA_SIGINFO


---------------  S Y S T E M  ---------------

OS:Bsduname:Darwin 14.5.0 Darwin Kernel Version 14.5.0: Wed Jul 29 02:26:53 PDT 2015; root:xnu-2782.40.9~1/RELEASE_X86_64 x86_64
rlimit: STACK 8192k, CORE 0k, NPROC 709, NOFILE 10240, AS infinity
load average:8.42 6.40 5.71

CPU:total 4 (4 cores per cpu, 1 threads per core) family 6 model 60 stepping 3, cmov, cx8, fxsr, mmx, sse, sse2, sse3, ssse3, sse4.1, sse4.2, popcnt, avx, avx2, aes, clmul, erms, rtm, lzcnt, tsc, tscinvbit, bmi1, bmi2

Memory: 4k page, physical 25165824k(3040316k free)

/proc/meminfo:


vm_info: Java HotSpot(TM) 64-Bit Server VM (25.45-b02) for bsd-amd64 JRE (1.8.0_45-b14), built on Apr 10 2015 10:46:38 by "java_re" with gcc 4.2.1 (Based on Apple Inc. build 5658) (LLVM build 2336.11.00)

time: Sat Oct  3 13:36:22 2015
elapsed time: 66453 seconds (0d 18h 27m 33s)

