#
# A fatal error has been detected by the Java Runtime Environment:
#
#  SIGSEGV (0xb) at pc=0x0000000123ee3e47, pid=78352, tid=49415
#
# JRE version: Java(TM) SE Runtime Environment (8.0_45-b14) (build 1.8.0_45-b14)
# Java VM: Java HotSpot(TM) 64-Bit Server VM (25.45-b02 mixed mode bsd-amd64 compressed oops)
# Problematic frame:
# C  [libawt_lwawt.dylib+0x1ae47]  OGLSD_SetScratchSurface+0x49
#
# Failed to write core dump. Core dumps have been disabled. To enable core dumping, try "ulimit -c unlimited" before starting Java again
#
# If you would like to submit a bug report, please visit:
#   http://bugreport.java.com/bugreport/crash.jsp
# The crash happened outside the Java Virtual Machine in native code.
# See problematic frame for where to report the bug.
#

---------------  T H R E A D  ---------------

Current thread (0x00007f9db186f000):  JavaThread "Java2D Queue Flusher" daemon [_thread_in_native, id=49415, stack(0x0000000128221000,0x0000000128321000)]

siginfo: si_signo: 11 (SIGSEGV), si_code: 1 (SEGV_MAPERR), si_addr: 0x0000000000000002

Registers:
RAX=0x00000000ffffffff, RBX=0x0000000000000002, RCX=0x0000000000000047, RDX=0x0000000123f047ac
RSP=0x0000000128320810, RBP=0x0000000128320830, RSI=0x00007f9db15559e0, RDI=0x00007f9db186f1f8
R8 =0x00000000c800260a, R9 =0x0000000000000000, R10=0x000000010295e238, R11=0x0000000000000020
R12=0x0000000000000000, R13=0x0000000640013110, R14=0x00007f9db186f1f8, R15=0x00007f9db186f000
RIP=0x0000000123ee3e47, EFLAGS=0x0000000000010202, ERR=0x0000000000000004
  TRAPNO=0x000000000000000e

Top of Stack: (sp=0x0000000128320810)
0x0000000128320810:   00007f9db15559e0 0000000000000000
0x0000000128320820:   00007f9db28fa210 00007f9db186f000
0x0000000128320830:   00000001283208b0 0000000123f0428a
0x0000000128320840:   0000000000000064 00007f9db143ffc8
0x0000000128320850:   00000001283208b0 0000000100f9bb83
0x0000000128320860:   0000000000000005 00007f9db186f000
0x0000000128320870:   0000000640013101 00007f9db28fa220
0x0000000128320880:   0000000100320800 00007f9db186f1f8
0x0000000128320890:   0000000000000000 0000000000000000
0x00000001283208a0:   0000000128320960 00007f9db186f000
0x00000001283208b0:   0000000128320900 000000010295e2aa
0x00000001283208c0:   0000000640013038 0000000100b80006
0x00000001283208d0:   0000000100b7e000 0000000000000001
0x00000001283208e0:   0000000000000000 0000000640013110
0x00000001283208f0:   0000000128320960 00007f9db186f000
0x0000000128320900:   00000000c8002607 00000001033b0bf0
0x0000000128320910:   0000000640013038 0000000640013110
0x0000000128320920:   0000000000000000 0000000000000000
0x0000000128320930:   0000000640013110 00000001283209d0
0x0000000128320940:   0000000000000001 0000000000000000
0x0000000128320950:   00000001283209d0 00000001026007a7
0x0000000128320960:   0000000640013110 0000000640019780
0x0000000128320970:   0000000100001fa0 000000000000000a
0x0000000128320980:   00007f9db186f000 0000000000000001
0x0000000128320990:   000000010260071f 000000012027cfd0
0x00000001283209a0:   0000000128320a68 0000000128320d00
0x00000001283209b0:   000000010000000a 000000012027cfd0
0x00000001283209c0:   00000001026110a0 0000000128320c70
0x00000001283209d0:   0000000128320b80 0000000100f4232a
0x00000001283209e0:   0000000100000001 00007f9db186f000
0x00000001283209f0:   00007f9db186f000 0000000128320d00
0x0000000128320a00:   00007f9db143ffc0 00000001026110a0 

Instructions: (pc=0x0000000123ee3e47)
0x0000000123ee3e27:   c0 e9 82 00 00 00 48 8b 5e 10 48 85 db 75 0e bf
0x0000000123ee3e37:   01 00 00 00 48 8d 15 a4 76 03 00 eb d6 49 89 fe
0x0000000123ee3e47:   4c 8b 3b 30 c0 e8 5f a3 02 00 49 8b 3f 49 89 c4
0x0000000123ee3e57:   48 8b 35 ca f6 05 00 30 c0 e8 a1 a4 02 00 48 85 

Register to memory mapping:

RAX=0x00000000ffffffff is an unknown value
RBX=0x0000000000000002 is an unknown value
RCX=0x0000000000000047 is an unknown value
RDX=0x0000000123f047ac: Java_sun_java2d_opengl_OGLRenderQueue_flushBuffer+0xb5c in /Library/Java/JavaVirtualMachines/jdk1.8.0_45.jdk/Contents/Home/jre/lib/libawt_lwawt.dylib at 0x0000000123ec9000
RSP=0x0000000128320810 is pointing into the stack for thread: 0x00007f9db186f000
RBP=0x0000000128320830 is pointing into the stack for thread: 0x00007f9db186f000
RSI=0x00007f9db15559e0 is an unknown value
RDI=0x00007f9db186f1f8 is an unknown value
R8 =0x00000000c800260a is an unknown value
R9 =0x0000000000000000 is an unknown value
R10=0x000000010295e238 is at entry_point+56 in (nmethod*)0x000000010295e090
R11=0x0000000000000020 is an unknown value
R12=0x0000000000000000 is an unknown value
R13=0x0000000640013110 is an oop
sun.java2d.opengl.OGLRenderQueue$QueueFlusher 
 - klass: 'sun/java2d/opengl/OGLRenderQueue$QueueFlusher'
R14=0x00007f9db186f1f8 is an unknown value
R15=0x00007f9db186f000 is a thread


Stack: [0x0000000128221000,0x0000000128321000],  sp=0x0000000128320810,  free space=1022k
Native frames: (J=compiled Java code, j=interpreted, Vv=VM code, C=native code)
C  [libawt_lwawt.dylib+0x1ae47]  OGLSD_SetScratchSurface+0x49
C  [libawt_lwawt.dylib+0x3b28a]  Java_sun_java2d_opengl_OGLRenderQueue_flushBuffer+0x63a
J 2709  sun.java2d.opengl.OGLRenderQueue.flushBuffer(JI)V (0 bytes) @ 0x000000010295e2aa [0x000000010295e200+0xaa]
J 4790% C2 sun.java2d.opengl.OGLRenderQueue$QueueFlusher.run()V (234 bytes) @ 0x00000001033b0bf0 [0x00000001033b09e0+0x210]

Java frames: (J=compiled Java code, j=interpreted, Vv=VM code)
J 2709  sun.java2d.opengl.OGLRenderQueue.flushBuffer(JI)V (0 bytes) @ 0x000000010295e238 [0x000000010295e200+0x38]
J 4790% C2 sun.java2d.opengl.OGLRenderQueue$QueueFlusher.run()V (234 bytes) @ 0x00000001033b0bf0 [0x00000001033b09e0+0x210]
v  ~StubRoutines::call_stub

---------------  P R O C E S S  ---------------

Java Threads: ( => current thread )
  0x00007f9db9373800 JavaThread "Visitor Count Thread" [_thread_blocked, id=54347, stack(0x000000013801c000,0x000000013811c000)]
  0x00007f9db1819000 JavaThread "Count-down Thread" [_thread_blocked, id=24659, stack(0x0000000137893000,0x0000000137993000)]
  0x00007f9db224c800 JavaThread "AutoWatchThread-1" [_thread_blocked, id=62023, stack(0x000000012a840000,0x000000012a940000)]
  0x00007f9db2a12800 JavaThread "TimerQueue" daemon [_thread_blocked, id=61703, stack(0x00000001360f6000,0x00000001361f6000)]
  0x00007f9db200f000 JavaThread "DestroyJavaVM" [_thread_blocked, id=3331, stack(0x0000000101bcc000,0x0000000101ccc000)]
  0x00007f9db21e6000 JavaThread "Timer-0" daemon [_thread_blocked, id=56863, stack(0x000000012f172000,0x000000012f272000)]
  0x00007f9db313b000 JavaThread "Print Thread" [_thread_blocked, id=51463, stack(0x00000001299bc000,0x0000000129abc000)]
  0x00007f9db3130000 JavaThread "Java2D Disposer" daemon [_thread_blocked, id=50699, stack(0x0000000128fc7000,0x00000001290c7000)]
=>0x00007f9db186f000 JavaThread "Java2D Queue Flusher" daemon [_thread_in_native, id=49415, stack(0x0000000128221000,0x0000000128321000)]
  0x00007f9db28bc000 JavaThread "AWT-Shutdown" [_thread_blocked, id=28179, stack(0x000000012577c000,0x000000012587c000)]
  0x00007f9db2875000 JavaThread "AppKit Thread" daemon [_thread_in_native, id=1299, stack(0x00007fff5e89d000,0x00007fff5f09d000)]
  0x00007f9db286f800 JavaThread "Monitor Ctrl-Break" daemon [_thread_in_native, id=19203, stack(0x0000000123bf4000,0x0000000123cf4000)]
  0x00007f9db2037000 JavaThread "Service Thread" daemon [_thread_blocked, id=18179, stack(0x0000000123887000,0x0000000123987000)]
  0x00007f9db282f000 JavaThread "C1 CompilerThread2" daemon [_thread_blocked, id=17667, stack(0x0000000123784000,0x0000000123884000)]
  0x00007f9db2036800 JavaThread "C2 CompilerThread1" daemon [_thread_blocked, id=17155, stack(0x0000000123681000,0x0000000123781000)]
  0x00007f9db1818000 JavaThread "C2 CompilerThread0" daemon [_thread_blocked, id=16643, stack(0x000000012357e000,0x000000012367e000)]
  0x00007f9db3003000 JavaThread "Signal Dispatcher" daemon [_thread_blocked, id=12811, stack(0x000000012347b000,0x000000012357b000)]
  0x00007f9db2826000 JavaThread "Finalizer" daemon [_thread_blocked, id=11523, stack(0x0000000121a5a000,0x0000000121b5a000)]
  0x00007f9db2825800 JavaThread "Reference Handler" daemon [_thread_blocked, id=11011, stack(0x0000000121957000,0x0000000121a57000)]

Other Threads:
  0x00007f9db2822800 VMThread [stack: 0x0000000121854000,0x0000000121954000] [id=10499]
  0x00007f9db283c800 WatcherThread [stack: 0x000000012398a000,0x0000000123a8a000] [id=18691]

VM state:not at safepoint (normal execution)

VM Mutex/Monitor currently owned by a thread: None

Heap:
 PSYoungGen      total 1633792K, used 23361K [0x0000000740000000, 0x00000007c0000000, 0x00000007c0000000)
  eden space 1213440K, 0% used [0x0000000740000000,0x00000007405d8b90,0x000000078a100000)
  from space 420352K, 4% used [0x00000007a6580000,0x00000007a7677a58,0x00000007c0000000)
  to   space 441856K, 0% used [0x000000078a100000,0x000000078a100000,0x00000007a5080000)
 ParOldGen       total 621056K, used 288764K [0x0000000640000000, 0x0000000665e80000, 0x0000000740000000)
  object space 621056K, 46% used [0x0000000640000000,0x00000006519ff088,0x0000000665e80000)
 Metaspace       used 20941K, capacity 21348K, committed 21760K, reserved 1069056K
  class space    used 2391K, capacity 2518K, committed 2560K, reserved 1048576K

Card table byte_map: [0x00000001119c0000,0x00000001125c1000] byte_map_base: 0x000000010e7c0000

Marking Bits: (ParMarkBitMap*) 0x00000001015247a0
 Begin Bits: [0x00000001131cd000, 0x00000001191cd000)
 End Bits:   [0x00000001191cd000, 0x000000011f1cd000)

Polling page: 0x0000000101d28000

CodeCache: size=245760Kb used=15139Kb max_used=16991Kb free=230620Kb
 bounds [0x0000000102600000, 0x00000001036c0000, 0x0000000111600000]
 total_blobs=4860 nmethods=4275 adapters=496
 compilation: enabled

Compilation events (10 events):
Event: 20560.378 Thread 0x00007f9db2036800 5465       4       sun.java2d.pipe.BufferedPaints::setPaint (125 bytes)
Event: 20560.379 Thread 0x00007f9db2036800 nmethod 5465 0x00000001030b9910 code [0x00000001030b9a60, 0x00000001030b9b78]
Event: 20569.405 Thread 0x00007f9db282f000 5466       3       java.util.IdentityHashMap::put (137 bytes)
Event: 20569.405 Thread 0x00007f9db282f000 nmethod 5466 0x00000001028f1690 code [0x00000001028f1880, 0x00000001028f2298]
Event: 20574.419 Thread 0x00007f9db282f000 5467   !   3       javax.swing.RepaintManager$ProcessingRunnable::run (41 bytes)
Event: 20574.419 Thread 0x00007f9db282f000 nmethod 5467 0x000000010305d190 code [0x000000010305d320, 0x000000010305d748]
Event: 20581.441 Thread 0x00007f9db282f000 5468       3       javax.swing.RepaintManager$4::run (5 bytes)
Event: 20581.441 Thread 0x00007f9db282f000 nmethod 5468 0x00000001031fc710 code [0x00000001031fc880, 0x00000001031fca08]
Event: 20585.453 Thread 0x00007f9db282f000 5469   !   3       javax.swing.JComponent::_paintImmediately (891 bytes)
Event: 20585.457 Thread 0x00007f9db282f000 nmethod 5469 0x00000001031b7150 code [0x00000001031b7880, 0x00000001031bd128]

GC Heap History (10 events):
Event: 17362.640 GC heap before
{Heap before GC invocations=148 (full 13):
 PSYoungGen      total 1496064K, used 184061K [0x0000000740000000, 0x00000007c0000000, 0x00000007c0000000)
  eden space 1311744K, 0% used [0x0000000740000000,0x0000000740000000,0x0000000790100000)
  from space 184320K, 99% used [0x0000000790100000,0x000000079b4bf450,0x000000079b500000)
  to   space 395776K, 0% used [0x00000007a7d80000,0x00000007a7d80000,0x00000007c0000000)
 ParOldGen       total 686080K, used 533638K [0x0000000640000000, 0x0000000669e00000, 0x0000000740000000)
  object space 686080K, 77% used [0x0000000640000000,0x0000000660921a18,0x0000000669e00000)
 Metaspace       used 20914K, capacity 21252K, committed 21504K, reserved 1069056K
  class space    used 2387K, capacity 2486K, committed 2560K, reserved 1048576K
Event: 17363.146 GC heap after
Heap after GC invocations=148 (full 13):
 PSYoungGen      total 1496064K, used 0K [0x0000000740000000, 0x00000007c0000000, 0x00000007c0000000)
  eden space 1311744K, 0% used [0x0000000740000000,0x0000000740000000,0x0000000790100000)
  from space 184320K, 0% used [0x0000000790100000,0x0000000790100000,0x000000079b500000)
  to   space 395776K, 0% used [0x00000007a7d80000,0x00000007a7d80000,0x00000007c0000000)
 ParOldGen       total 710656K, used 406403K [0x0000000640000000, 0x000000066b600000, 0x0000000740000000)
  object space 710656K, 57% used [0x0000000640000000,0x0000000658ce0c50,0x000000066b600000)
 Metaspace       used 20914K, capacity 21252K, committed 21504K, reserved 1069056K
  class space    used 2387K, capacity 2486K, committed 2560K, reserved 1048576K
}
Event: 17364.867 GC heap before
{Heap before GC invocations=149 (full 13):
 PSYoungGen      total 1496064K, used 1311744K [0x0000000740000000, 0x00000007c0000000, 0x00000007c0000000)
  eden space 1311744K, 100% used [0x0000000740000000,0x0000000790100000,0x0000000790100000)
  from space 184320K, 0% used [0x0000000790100000,0x0000000790100000,0x000000079b500000)
  to   space 395776K, 0% used [0x00000007a7d80000,0x00000007a7d80000,0x00000007c0000000)
 ParOldGen       total 710656K, used 406403K [0x0000000640000000, 0x000000066b600000, 0x0000000740000000)
  object space 710656K, 57% used [0x0000000640000000,0x0000000658ce0c50,0x000000066b600000)
 Metaspace       used 20914K, capacity 21252K, committed 21504K, reserved 1069056K
  class space    used 2387K, capacity 2486K, committed 2560K, reserved 1048576K
Event: 17364.964 GC heap after
Heap after GC invocations=149 (full 13):
 PSYoungGen      total 1696256K, used 306473K [0x0000000740000000, 0x00000007c0000000, 0x00000007c0000000)
  eden space 1300480K, 0% used [0x0000000740000000,0x0000000740000000,0x000000078f600000)
  from space 395776K, 77% used [0x00000007a7d80000,0x00000007ba8ca650,0x00000007c0000000)
  to   space 398336K, 0% used [0x000000078f600000,0x000000078f600000,0x00000007a7b00000)
 ParOldGen       total 710656K, used 406403K [0x0000000640000000, 0x000000066b600000, 0x0000000740000000)
  object space 710656K, 57% used [0x0000000640000000,0x0000000658ce0c50,0x000000066b600000)
 Metaspace       used 20914K, capacity 21252K, committed 21504K, reserved 1069056K
  class space    used 2387K, capacity 2486K, committed 2560K, reserved 1048576K
}
Event: 18766.832 GC heap before
{Heap before GC invocations=150 (full 13):
 PSYoungGen      total 1696256K, used 1606953K [0x0000000740000000, 0x00000007c0000000, 0x00000007c0000000)
  eden space 1300480K, 100% used [0x0000000740000000,0x000000078f600000,0x000000078f600000)
  from space 395776K, 77% used [0x00000007a7d80000,0x00000007ba8ca650,0x00000007c0000000)
  to   space 398336K, 0% used [0x000000078f600000,0x000000078f600000,0x00000007a7b00000)
 ParOldGen       total 710656K, used 406403K [0x0000000640000000, 0x000000066b600000, 0x0000000740000000)
  object space 710656K, 57% used [0x0000000640000000,0x0000000658ce0c50,0x000000066b600000)
 Metaspace       used 20916K, capacity 21252K, committed 21504K, reserved 1069056K
  class space    used 2387K, capacity 2486K, committed 2560K, reserved 1048576K
Event: 18766.879 GC heap after
Heap after GC invocations=150 (full 13):
 PSYoungGen      total 1363968K, used 63180K [0x0000000740000000, 0x00000007c0000000, 0x00000007c0000000)
  eden space 1300480K, 0% used [0x0000000740000000,0x0000000740000000,0x000000078f600000)
  from space 63488K, 99% used [0x000000078f600000,0x00000007933b33f0,0x0000000793400000)
  to   space 420352K, 0% used [0x00000007a6580000,0x00000007a6580000,0x00000007c0000000)
 ParOldGen       total 710656K, used 539378K [0x0000000640000000, 0x000000066b600000, 0x0000000740000000)
  object space 710656K, 75% used [0x0000000640000000,0x0000000660ebc8c0,0x000000066b600000)
 Metaspace       used 20916K, capacity 21252K, committed 21504K, reserved 1069056K
  class space    used 2387K, capacity 2486K, committed 2560K, reserved 1048576K
}
Event: 18766.879 GC heap before
{Heap before GC invocations=151 (full 14):
 PSYoungGen      total 1363968K, used 63180K [0x0000000740000000, 0x00000007c0000000, 0x00000007c0000000)
  eden space 1300480K, 0% used [0x0000000740000000,0x0000000740000000,0x000000078f600000)
  from space 63488K, 99% used [0x000000078f600000,0x00000007933b33f0,0x0000000793400000)
  to   space 420352K, 0% used [0x00000007a6580000,0x00000007a6580000,0x00000007c0000000)
 ParOldGen       total 710656K, used 539378K [0x0000000640000000, 0x000000066b600000, 0x0000000740000000)
  object space 710656K, 75% used [0x0000000640000000,0x0000000660ebc8c0,0x000000066b600000)
 Metaspace       used 20916K, capacity 21252K, committed 21504K, reserved 1069056K
  class space    used 2387K, capacity 2486K, committed 2560K, reserved 1048576K
Event: 18767.181 GC heap after
Heap after GC invocations=151 (full 14):
 PSYoungGen      total 1363968K, used 0K [0x0000000740000000, 0x00000007c0000000, 0x00000007c0000000)
  eden space 1300480K, 0% used [0x0000000740000000,0x0000000740000000,0x000000078f600000)
  from space 63488K, 0% used [0x000000078f600000,0x000000078f600000,0x0000000793400000)
  to   space 420352K, 0% used [0x00000007a6580000,0x00000007a6580000,0x00000007c0000000)
 ParOldGen       total 621056K, used 288756K [0x0000000640000000, 0x0000000665e80000, 0x0000000740000000)
  object space 621056K, 46% used [0x0000000640000000,0x00000006519fd088,0x0000000665e80000)
 Metaspace       used 20916K, capacity 21252K, committed 21504K, reserved 1069056K
  class space    used 2387K, capacity 2486K, committed 2560K, reserved 1048576K
}
Event: 20670.744 GC heap before
{Heap before GC invocations=152 (full 14):
 PSYoungGen      total 1363968K, used 1300480K [0x0000000740000000, 0x00000007c0000000, 0x00000007c0000000)
  eden space 1300480K, 100% used [0x0000000740000000,0x000000078f600000,0x000000078f600000)
  from space 63488K, 0% used [0x000000078f600000,0x000000078f600000,0x0000000793400000)
  to   space 420352K, 0% used [0x00000007a6580000,0x00000007a6580000,0x00000007c0000000)
 ParOldGen       total 621056K, used 288756K [0x0000000640000000, 0x0000000665e80000, 0x0000000740000000)
  object space 621056K, 46% used [0x0000000640000000,0x00000006519fd088,0x0000000665e80000)
 Metaspace       used 20941K, capacity 21348K, committed 21760K, reserved 1069056K
  class space    used 2391K, capacity 2518K, committed 2560K, reserved 1048576K
Event: 20670.757 GC heap after
Heap after GC invocations=152 (full 14):
 PSYoungGen      total 1633792K, used 17374K [0x0000000740000000, 0x00000007c0000000, 0x00000007c0000000)
  eden space 1213440K, 0% used [0x0000000740000000,0x0000000740000000,0x000000078a100000)
  from space 420352K, 4% used [0x00000007a6580000,0x00000007a7677a58,0x00000007c0000000)
  to   space 441856K, 0% used [0x000000078a100000,0x000000078a100000,0x00000007a5080000)
 ParOldGen       total 621056K, used 288764K [0x0000000640000000, 0x0000000665e80000, 0x0000000740000000)
  object space 621056K, 46% used [0x0000000640000000,0x00000006519ff088,0x0000000665e80000)
 Metaspace       used 20941K, capacity 21348K, committed 21760K, reserved 1069056K
  class space    used 2391K, capacity 2518K, committed 2560K, reserved 1048576K
}

Deoptimization events (10 events):
Event: 20484.460 Thread 0x00007f9db313b000 Uncommon trap: reason=class_check action=maybe_recompile pc=0x000000010331b060 method=sun.java2d.pipe.ValidatePipe.drawString(Lsun/java2d/SunGraphics2D;Ljava/lang/String;DD)V @ 17
Event: 20484.461 Thread 0x00007f9db313b000 Uncommon trap: reason=unstable_if action=reinterpret pc=0x0000000103497a60 method=java.lang.StrictMath.floorOrCeil(DDDD)D @ 90
Event: 20484.887 Thread 0x00007f9db313b000 Uncommon trap: reason=unstable_if action=reinterpret pc=0x0000000102747c1c method=sun.java2d.SunGraphics2D.getCompClip()Lsun/java2d/pipe/Region; @ 7
Event: 20484.892 Thread 0x00007f9db313b000 Uncommon trap: reason=class_check action=maybe_recompile pc=0x0000000102f68954 method=sun.java2d.loops.SurfaceType.pixelFor(ILjava/awt/image/ColorModel;)I @ 6
Event: 20484.892 Thread 0x00007f9db313b000 Uncommon trap: reason=bimorphic action=maybe_recompile pc=0x00000001031ca4b8 method=sun.java2d.SunGraphics2D.<init>(Lsun/java2d/SurfaceData;Ljava/awt/Color;Ljava/awt/Color;Ljava/awt/Font;)V @ 112
Event: 20484.892 Thread 0x00007f9db313b000 Uncommon trap: reason=class_check action=maybe_recompile pc=0x0000000102f68954 method=sun.java2d.loops.SurfaceType.pixelFor(ILjava/awt/image/ColorModel;)I @ 6
Event: 20484.892 Thread 0x00007f9db313b000 Uncommon trap: reason=class_check action=maybe_recompile pc=0x0000000102f68954 method=sun.java2d.loops.SurfaceType.pixelFor(ILjava/awt/image/ColorModel;)I @ 6
Event: 20484.892 Thread 0x00007f9db313b000 Uncommon trap: reason=class_check action=maybe_recompile pc=0x0000000102f68954 method=sun.java2d.loops.SurfaceType.pixelFor(ILjava/awt/image/ColorModel;)I @ 6
Event: 20484.892 Thread 0x00007f9db313b000 Uncommon trap: reason=bimorphic action=maybe_recompile pc=0x00000001031ca4b8 method=sun.java2d.SunGraphics2D.<init>(Lsun/java2d/SurfaceData;Ljava/awt/Color;Ljava/awt/Color;Ljava/awt/Font;)V @ 112
Event: 20485.122 Thread 0x00007f9db186f000 Uncommon trap: reason=class_check action=maybe_recompile pc=0x00000001033b0f6c method=sun.java2d.opengl.OGLRenderQueue$QueueFlusher.run()V @ 95

Internal exceptions (10 events):
Event: 16342.363 Thread 0x00007f9db224c800 Exception <a 'java/net/UnknownHostException'> (0x0000000767862aa0) thrown at [/Users/java_re/workspace/8-2-build-macosx-x86_64/jdk8u45/3457/hotspot/src/share/vm/prims/jni.cpp, line 709]
Event: 16382.364 Thread 0x00007f9db2bb8000 Exception <a 'java/net/UnknownHostException'> (0x000000077ec9f3c0) thrown at [/Users/java_re/workspace/8-2-build-macosx-x86_64/jdk8u45/3457/hotspot/src/share/vm/prims/jni.cpp, line 709]
Event: 16422.442 Thread 0x00007f9db2bb8000 Exception <a 'java/net/UnknownHostException'> (0x000000077ce97fe8) thrown at [/Users/java_re/workspace/8-2-build-macosx-x86_64/jdk8u45/3457/hotspot/src/share/vm/prims/jni.cpp, line 709]
Event: 16462.606 Thread 0x00007f9db224c800 Exception <a 'java/net/UnknownHostException'> (0x000000074001de40) thrown at [/Users/java_re/workspace/8-2-build-macosx-x86_64/jdk8u45/3457/hotspot/src/share/vm/prims/jni.cpp, line 709]
Event: 17118.356 Thread 0x00007f9db224c800 Exception <a 'java/net/UnknownHostException'> (0x000000076895da40) thrown at [/Users/java_re/workspace/8-2-build-macosx-x86_64/jdk8u45/3457/hotspot/src/share/vm/prims/jni.cpp, line 709]
Event: 17235.172 Thread 0x00007f9db224c800 Exception <a 'java/net/UnknownHostException'> (0x000000074bf72ce0) thrown at [/Users/java_re/workspace/8-2-build-macosx-x86_64/jdk8u45/3457/hotspot/src/share/vm/prims/jni.cpp, line 709]
Event: 17355.607 Thread 0x00007f9db224c800 Exception <a 'java/net/UnknownHostException'> (0x000000074c447768) thrown at [/Users/java_re/workspace/8-2-build-macosx-x86_64/jdk8u45/3457/hotspot/src/share/vm/prims/jni.cpp, line 709]
Event: 18948.831 Thread 0x00007f9db224c800 JVM_StopThread thread JavaThread 0x00007f9db2bb8000 as oop 0x0000000640718390 [exception 0x000000012a93f750]
Event: 18948.831 Thread 0x00007f9db2bb8000 Exception <a 'java/lang/ThreadDeath': sleep interrupted> (0x00000007412cb900) thrown at [/Users/java_re/workspace/8-2-build-macosx-x86_64/jdk8u45/3457/hotspot/src/share/vm/prims/jvm.cpp, line 3211]
Event: 20458.765 Thread 0x00007f9db313b000 Implicit null exception at 0x00000001030f43bf to 0x00000001030fae15

Events (10 events):
Event: 20661.066 Executing VM operation: BulkRevokeBias
Event: 20661.076 Executing VM operation: BulkRevokeBias done
Event: 20661.076 Thread 0x00007f9db8532000 Thread exited: 0x00007f9db8532000
Event: 20667.312 Executing VM operation: RevokeBias
Event: 20667.312 Executing VM operation: RevokeBias done
Event: 20667.312 Executing VM operation: RevokeBias
Event: 20667.312 Executing VM operation: RevokeBias done
Event: 20667.313 Thread 0x00007f9db937c000 Thread exited: 0x00007f9db937c000
Event: 20670.744 Executing VM operation: ParallelGCFailedAllocation
Event: 20670.757 Executing VM operation: ParallelGCFailedAllocation done


Dynamic libraries:
0x000000000c341000 	/System/Library/Frameworks/Cocoa.framework/Versions/A/Cocoa
0x000000000c341000 	/System/Library/Frameworks/Security.framework/Versions/A/Security
0x000000000c341000 	/System/Library/Frameworks/ApplicationServices.framework/Versions/A/ApplicationServices
0x000000000c341000 	/usr/lib/libz.1.dylib
0x000000000c341000 	/usr/lib/libSystem.B.dylib
0x000000000c341000 	/usr/lib/libobjc.A.dylib
0x000000000c341000 	/System/Library/Frameworks/CoreFoundation.framework/Versions/A/CoreFoundation
0x000000000c341000 	/System/Library/Frameworks/Foundation.framework/Versions/C/Foundation
0x000000000c341000 	/System/Library/Frameworks/AppKit.framework/Versions/C/AppKit
0x000000000c341000 	/System/Library/Frameworks/CoreData.framework/Versions/A/CoreData
0x000000000c341000 	/System/Library/PrivateFrameworks/RemoteViewServices.framework/Versions/A/RemoteViewServices
0x000000000c341000 	/System/Library/PrivateFrameworks/UIFoundation.framework/Versions/A/UIFoundation
0x000000000c341000 	/System/Library/Frameworks/IOSurface.framework/Versions/A/IOSurface
0x000000000c341000 	/System/Library/Frameworks/AudioToolbox.framework/Versions/A/AudioToolbox
0x000000000c341000 	/System/Library/Frameworks/AudioUnit.framework/Versions/A/AudioUnit
0x000000000c341000 	/System/Library/PrivateFrameworks/DataDetectorsCore.framework/Versions/A/DataDetectorsCore
0x000000000c341000 	/System/Library/PrivateFrameworks/DesktopServicesPriv.framework/Versions/A/DesktopServicesPriv
0x000000000c341000 	/System/Library/Frameworks/Carbon.framework/Versions/A/Frameworks/HIToolbox.framework/Versions/A/HIToolbox
0x000000000c341000 	/System/Library/Frameworks/QuartzCore.framework/Versions/A/QuartzCore
0x000000000c341000 	/System/Library/Frameworks/Carbon.framework/Versions/A/Frameworks/SpeechRecognition.framework/Versions/A/SpeechRecognition
0x000000000c341000 	/usr/lib/libauto.dylib
0x000000000c341000 	/usr/lib/libicucore.A.dylib
0x000000000c341000 	/usr/lib/libxml2.2.dylib
0x000000000c341000 	/System/Library/PrivateFrameworks/CoreUI.framework/Versions/A/CoreUI
0x000000000c341000 	/System/Library/Frameworks/CoreAudio.framework/Versions/A/CoreAudio
0x000000000c341000 	/System/Library/Frameworks/DiskArbitration.framework/Versions/A/DiskArbitration
0x000000000c341000 	/usr/lib/liblangid.dylib
0x000000000c341000 	/System/Library/PrivateFrameworks/MultitouchSupport.framework/Versions/A/MultitouchSupport
0x000000000c341000 	/System/Library/Frameworks/IOKit.framework/Versions/A/IOKit
0x000000000c341000 	/usr/lib/libDiagnosticMessagesClient.dylib
0x000000000c341000 	/System/Library/Frameworks/CoreServices.framework/Versions/A/CoreServices
0x000000000c341000 	/System/Library/PrivateFrameworks/PerformanceAnalysis.framework/Versions/A/PerformanceAnalysis
0x000000000c341000 	/System/Library/PrivateFrameworks/GenerationalStorage.framework/Versions/A/GenerationalStorage
0x000000000c341000 	/System/Library/Frameworks/OpenGL.framework/Versions/A/OpenGL
0x000000000c341000 	/System/Library/PrivateFrameworks/Sharing.framework/Versions/A/Sharing
0x000000000c341000 	/System/Library/Frameworks/CoreGraphics.framework/Versions/A/CoreGraphics
0x000000000c341000 	/System/Library/Frameworks/CoreText.framework/Versions/A/CoreText
0x000000000c341000 	/System/Library/Frameworks/ImageIO.framework/Versions/A/ImageIO
0x000000000c341000 	/usr/lib/libextension.dylib
0x000000000c341000 	/System/Library/PrivateFrameworks/Backup.framework/Versions/A/Backup
0x000000000c341000 	/usr/lib/libarchive.2.dylib
0x000000000c341000 	/System/Library/Frameworks/CFNetwork.framework/Versions/A/CFNetwork
0x000000000c341000 	/System/Library/Frameworks/SystemConfiguration.framework/Versions/A/SystemConfiguration
0x000000000c341000 	/usr/lib/libCRFSuite.dylib
0x000000000c341000 	/usr/lib/libc++.1.dylib
0x000000000c341000 	/usr/lib/libc++abi.dylib
0x000000000c341000 	/usr/lib/system/libcache.dylib
0x000000000c341000 	/usr/lib/system/libcommonCrypto.dylib
0x000000000c341000 	/usr/lib/system/libcompiler_rt.dylib
0x000000000c341000 	/usr/lib/system/libcopyfile.dylib
0x000000000c341000 	/usr/lib/system/libcorecrypto.dylib
0x000000000c341000 	/usr/lib/system/libdispatch.dylib
0x000000000c341000 	/usr/lib/system/libdyld.dylib
0x000000000c341000 	/usr/lib/system/libkeymgr.dylib
0x000000000c341000 	/usr/lib/system/liblaunch.dylib
0x000000000c341000 	/usr/lib/system/libmacho.dylib
0x000000000c341000 	/usr/lib/system/libquarantine.dylib
0x000000000c341000 	/usr/lib/system/libremovefile.dylib
0x000000000c341000 	/usr/lib/system/libsystem_asl.dylib
0x000000000c341000 	/usr/lib/system/libsystem_blocks.dylib
0x000000000c341000 	/usr/lib/system/libsystem_c.dylib
0x000000000c341000 	/usr/lib/system/libsystem_configuration.dylib
0x000000000c341000 	/usr/lib/system/libsystem_coreservices.dylib
0x000000000c341000 	/usr/lib/system/libsystem_coretls.dylib
0x000000000c341000 	/usr/lib/system/libsystem_dnssd.dylib
0x000000000c341000 	/usr/lib/system/libsystem_info.dylib
0x000000000c341000 	/usr/lib/system/libsystem_kernel.dylib
0x000000000c341000 	/usr/lib/system/libsystem_m.dylib
0x000000000c341000 	/usr/lib/system/libsystem_malloc.dylib
0x000000000c341000 	/usr/lib/system/libsystem_network.dylib
0x000000000c341000 	/usr/lib/system/libsystem_networkextension.dylib
0x000000000c341000 	/usr/lib/system/libsystem_notify.dylib
0x000000000c341000 	/usr/lib/system/libsystem_platform.dylib
0x000000000c341000 	/usr/lib/system/libsystem_pthread.dylib
0x000000000c341000 	/usr/lib/system/libsystem_sandbox.dylib
0x000000000c341000 	/usr/lib/system/libsystem_secinit.dylib
0x000000000c341000 	/usr/lib/system/libsystem_stats.dylib
0x000000000c341000 	/usr/lib/system/libsystem_trace.dylib
0x000000000c341000 	/usr/lib/system/libunc.dylib
0x000000000c341000 	/usr/lib/system/libunwind.dylib
0x000000000c341000 	/usr/lib/system/libxpc.dylib
0x000000000c341000 	/usr/lib/libbz2.1.0.dylib
0x000000000c341000 	/usr/lib/liblzma.5.dylib
0x000000000c341000 	/usr/lib/libbsm.0.dylib
0x000000000c341000 	/usr/lib/libsqlite3.dylib
0x000000000c341000 	/usr/lib/system/libkxld.dylib
0x000000000c341000 	/usr/lib/libxar.1.dylib
0x000000000c341000 	/usr/lib/libpam.2.dylib
0x000000000c341000 	/usr/lib/libOpenScriptingUtil.dylib
0x000000000c341000 	/System/Library/Frameworks/CoreServices.framework/Versions/A/Frameworks/FSEvents.framework/Versions/A/FSEvents
0x000000000c341000 	/System/Library/Frameworks/CoreServices.framework/Versions/A/Frameworks/CarbonCore.framework/Versions/A/CarbonCore
0x000000000c341000 	/System/Library/Frameworks/CoreServices.framework/Versions/A/Frameworks/Metadata.framework/Versions/A/Metadata
0x000000000c341000 	/System/Library/Frameworks/CoreServices.framework/Versions/A/Frameworks/OSServices.framework/Versions/A/OSServices
0x000000000c341000 	/System/Library/Frameworks/CoreServices.framework/Versions/A/Frameworks/SearchKit.framework/Versions/A/SearchKit
0x000000000c341000 	/System/Library/Frameworks/CoreServices.framework/Versions/A/Frameworks/AE.framework/Versions/A/AE
0x000000000c341000 	/System/Library/Frameworks/CoreServices.framework/Versions/A/Frameworks/LaunchServices.framework/Versions/A/LaunchServices
0x000000000c341000 	/System/Library/Frameworks/CoreServices.framework/Versions/A/Frameworks/DictionaryServices.framework/Versions/A/DictionaryServices
0x000000000c341000 	/System/Library/Frameworks/NetFS.framework/Versions/A/NetFS
0x000000000c341000 	/System/Library/PrivateFrameworks/NetAuth.framework/Versions/A/NetAuth
0x000000000c341000 	/System/Library/PrivateFrameworks/login.framework/Versions/A/Frameworks/loginsupport.framework/Versions/A/loginsupport
0x000000000c341000 	/System/Library/PrivateFrameworks/TCC.framework/Versions/A/TCC
0x000000000c341000 	/usr/lib/libmecabra.dylib
0x000000000c341000 	/System/Library/Frameworks/ApplicationServices.framework/Versions/A/Frameworks/ATS.framework/Versions/A/ATS
0x000000000c341000 	/System/Library/Frameworks/ApplicationServices.framework/Versions/A/Frameworks/ColorSync.framework/Versions/A/ColorSync
0x000000000c341000 	/System/Library/Frameworks/ApplicationServices.framework/Versions/A/Frameworks/HIServices.framework/Versions/A/HIServices
0x000000000c341000 	/System/Library/Frameworks/ApplicationServices.framework/Versions/A/Frameworks/LangAnalysis.framework/Versions/A/LangAnalysis
0x000000000c341000 	/System/Library/Frameworks/ApplicationServices.framework/Versions/A/Frameworks/PrintCore.framework/Versions/A/PrintCore
0x000000000c341000 	/System/Library/Frameworks/ApplicationServices.framework/Versions/A/Frameworks/QD.framework/Versions/A/QD
0x000000000c341000 	/System/Library/Frameworks/ApplicationServices.framework/Versions/A/Frameworks/SpeechSynthesis.framework/Versions/A/SpeechSynthesis
0x000000000c341000 	/System/Library/Frameworks/Accelerate.framework/Versions/A/Accelerate
0x000000000c341000 	/System/Library/Frameworks/Accelerate.framework/Versions/A/Frameworks/vImage.framework/Versions/A/vImage
0x000000000c341000 	/System/Library/Frameworks/Accelerate.framework/Versions/A/Frameworks/vecLib.framework/Versions/A/vecLib
0x000000000c341000 	/System/Library/Frameworks/Accelerate.framework/Versions/A/Frameworks/vecLib.framework/Versions/A/libvDSP.dylib
0x000000000c341000 	/System/Library/Frameworks/Accelerate.framework/Versions/A/Frameworks/vecLib.framework/Versions/A/libvMisc.dylib
0x000000000c341000 	/System/Library/Frameworks/Accelerate.framework/Versions/A/Frameworks/vecLib.framework/Versions/A/libLAPACK.dylib
0x000000000c341000 	/System/Library/Frameworks/Accelerate.framework/Versions/A/Frameworks/vecLib.framework/Versions/A/libBLAS.dylib
0x000000000c341000 	/System/Library/Frameworks/Accelerate.framework/Versions/A/Frameworks/vecLib.framework/Versions/A/libLinearAlgebra.dylib
0x000000000c341000 	/System/Library/Frameworks/ApplicationServices.framework/Versions/A/Frameworks/ATS.framework/Versions/A/Resources/libFontParser.dylib
0x000000000c341000 	/System/Library/Frameworks/ApplicationServices.framework/Versions/A/Frameworks/ATS.framework/Versions/A/Resources/libFontRegistry.dylib
0x000000000c341000 	/System/Library/PrivateFrameworks/AppleVPA.framework/Versions/A/AppleVPA
0x000000000c341000 	/System/Library/PrivateFrameworks/AppleJPEG.framework/Versions/A/AppleJPEG
0x000000000c341000 	/System/Library/Frameworks/ImageIO.framework/Versions/A/Resources/libJPEG.dylib
0x000000000c341000 	/System/Library/Frameworks/ImageIO.framework/Versions/A/Resources/libTIFF.dylib
0x000000000c341000 	/System/Library/Frameworks/ImageIO.framework/Versions/A/Resources/libPng.dylib
0x000000000c341000 	/System/Library/Frameworks/ImageIO.framework/Versions/A/Resources/libGIF.dylib
0x000000000c341000 	/System/Library/Frameworks/ImageIO.framework/Versions/A/Resources/libJP2.dylib
0x000000000c341000 	/System/Library/Frameworks/ImageIO.framework/Versions/A/Resources/libRadiance.dylib
0x000000000c341000 	/System/Library/Frameworks/CoreVideo.framework/Versions/A/CoreVideo
0x000000000c341000 	/System/Library/Frameworks/OpenGL.framework/Versions/A/Libraries/libGLU.dylib
0x000000000c341000 	/System/Library/Frameworks/OpenGL.framework/Versions/A/Libraries/libGFXShared.dylib
0x000000000c341000 	/System/Library/Frameworks/OpenGL.framework/Versions/A/Libraries/libGL.dylib
0x000000000c341000 	/System/Library/Frameworks/OpenGL.framework/Versions/A/Libraries/libGLImage.dylib
0x000000000c341000 	/System/Library/Frameworks/OpenGL.framework/Versions/A/Libraries/libCVMSPluginSupport.dylib
0x000000000c341000 	/System/Library/Frameworks/OpenGL.framework/Versions/A/Libraries/libCoreVMClient.dylib
0x000000000c341000 	/usr/lib/libcups.2.dylib
0x000000000c341000 	/System/Library/Frameworks/Kerberos.framework/Versions/A/Kerberos
0x000000000c341000 	/System/Library/Frameworks/GSS.framework/Versions/A/GSS
0x000000000c341000 	/usr/lib/libresolv.9.dylib
0x000000000c341000 	/usr/lib/libiconv.2.dylib
0x000000000c341000 	/System/Library/PrivateFrameworks/Heimdal.framework/Versions/A/Heimdal
0x000000000c341000 	/usr/lib/libheimdal-asn1.dylib
0x000000000c341000 	/System/Library/Frameworks/OpenDirectory.framework/Versions/A/OpenDirectory
0x000000000c341000 	/System/Library/PrivateFrameworks/CommonAuth.framework/Versions/A/CommonAuth
0x000000000c341000 	/System/Library/Frameworks/OpenDirectory.framework/Versions/A/Frameworks/CFOpenDirectory.framework/Versions/A/CFOpenDirectory
0x000000000c341000 	/System/Library/Frameworks/SecurityFoundation.framework/Versions/A/SecurityFoundation
0x000000000c341000 	/System/Library/PrivateFrameworks/LanguageModeling.framework/Versions/A/LanguageModeling
0x000000000c341000 	/usr/lib/libcmph.dylib
0x000000000c341000 	/System/Library/Frameworks/ServiceManagement.framework/Versions/A/ServiceManagement
0x000000000c341000 	/usr/lib/libxslt.1.dylib
0x000000000c341000 	/System/Library/Frameworks/Carbon.framework/Versions/A/Frameworks/Ink.framework/Versions/A/Ink
0x000000000c341000 	/System/Library/Frameworks/QuartzCore.framework/Versions/A/Frameworks/CoreImage.framework/Versions/A/CoreImage
0x000000000c341000 	/System/Library/PrivateFrameworks/CrashReporterSupport.framework/Versions/A/CrashReporterSupport
0x000000000c341000 	/System/Library/Frameworks/OpenCL.framework/Versions/A/OpenCL
0x000000000c341000 	/System/Library/PrivateFrameworks/FaceCore.framework/Versions/A/FaceCore
0x000000000c341000 	/System/Library/PrivateFrameworks/Ubiquity.framework/Versions/A/Ubiquity
0x000000000c341000 	/System/Library/PrivateFrameworks/IconServices.framework/Versions/A/IconServices
0x000000000c341000 	/System/Library/PrivateFrameworks/ChunkingLibrary.framework/Versions/A/ChunkingLibrary
0x000000000c341000 	/System/Library/PrivateFrameworks/Apple80211.framework/Versions/A/Apple80211
0x000000000c341000 	/System/Library/Frameworks/CoreWLAN.framework/Versions/A/CoreWLAN
0x000000000c341000 	/System/Library/Frameworks/IOBluetooth.framework/Versions/A/IOBluetooth
0x000000000c341000 	/System/Library/PrivateFrameworks/CoreWiFi.framework/Versions/A/CoreWiFi
0x000000000c341000 	/System/Library/Frameworks/CoreBluetooth.framework/Versions/A/CoreBluetooth
0x000000000c341000 	/System/Library/PrivateFrameworks/DebugSymbols.framework/Versions/A/DebugSymbols
0x000000000c341000 	/System/Library/PrivateFrameworks/CoreSymbolication.framework/Versions/A/CoreSymbolication
0x000000000c341000 	/System/Library/PrivateFrameworks/Symbolication.framework/Versions/A/Symbolication
0x000000000c341000 	/System/Library/PrivateFrameworks/SpeechRecognitionCore.framework/Versions/A/SpeechRecognitionCore
0x0000000100c62000 	/Library/Java/JavaVirtualMachines/jdk1.8.0_45.jdk/Contents/Home/jre/lib/server/libjvm.dylib
0x000000000c341000 	/usr/lib/libstdc++.6.dylib
0x0000000101cce000 	/Library/Java/JavaVirtualMachines/jdk1.8.0_45.jdk/Contents/Home/jre/lib/libverify.dylib
0x0000000101cdc000 	/Library/Java/JavaVirtualMachines/jdk1.8.0_45.jdk/Contents/Home/jre/lib/libjava.dylib
0x0000000101d32000 	/Library/Java/JavaVirtualMachines/jdk1.8.0_45.jdk/Contents/Home/jre/lib/libzip.dylib
0x0000000121b5c000 	/System/Library/Frameworks/JavaVM.framework/Frameworks/JavaRuntimeSupport.framework/JavaRuntimeSupport
0x0000000121b74000 	/System/Library/Frameworks/JavaVM.framework/Versions/A/Frameworks/JavaNativeFoundation.framework/Versions/A/JavaNativeFoundation
0x0000000121b89000 	/System/Library/Frameworks/JavaVM.framework/Versions/A/JavaVM
0x000000000c341000 	/System/Library/Frameworks/Carbon.framework/Versions/A/Carbon
0x0000000121b96000 	/System/Library/PrivateFrameworks/JavaLaunching.framework/Versions/A/JavaLaunching
0x000000000c341000 	/System/Library/Frameworks/Carbon.framework/Versions/A/Frameworks/CommonPanels.framework/Versions/A/CommonPanels
0x000000000c341000 	/System/Library/Frameworks/Carbon.framework/Versions/A/Frameworks/Help.framework/Versions/A/Help
0x000000000c341000 	/System/Library/Frameworks/Carbon.framework/Versions/A/Frameworks/ImageCapture.framework/Versions/A/ImageCapture
0x000000000c341000 	/System/Library/Frameworks/Carbon.framework/Versions/A/Frameworks/OpenScripting.framework/Versions/A/OpenScripting
0x000000000c341000 	/System/Library/Frameworks/Carbon.framework/Versions/A/Frameworks/Print.framework/Versions/A/Print
0x000000000c341000 	/System/Library/Frameworks/Carbon.framework/Versions/A/Frameworks/SecurityHI.framework/Versions/A/SecurityHI
0x0000000123bf0000 	/Applications/IntelliJ IDEA 14 CE.app/Contents/bin/libbreakgen64.jnilib
0x0000000123cf6000 	/Library/Java/JavaVirtualMachines/jdk1.8.0_45.jdk/Contents/Home/jre/lib/libnet.dylib
0x0000000123d55000 	/Library/Java/JavaVirtualMachines/jdk1.8.0_45.jdk/Contents/Home/jre/lib/libawt.dylib
0x0000000123dfd000 	/Library/Java/JavaVirtualMachines/jdk1.8.0_45.jdk/Contents/Home/jre/lib/./libmlib_image.dylib
0x0000000123ec9000 	/Library/Java/JavaVirtualMachines/jdk1.8.0_45.jdk/Contents/Home/jre/lib/libawt_lwawt.dylib
0x0000000123f7d000 	/Library/Java/JavaVirtualMachines/jdk1.8.0_45.jdk/Contents/Home/jre/lib/./libosxapp.dylib
0x000000000c341000 	/System/Library/Frameworks/ExceptionHandling.framework/Versions/A/ExceptionHandling
0x000000000c341000 	/System/Library/PrivateFrameworks/CoreServicesInternal.framework/Versions/A/CoreServicesInternal
0x000000000c341000 	/System/Library/PrivateFrameworks/CloudDocs.framework/Versions/A/CloudDocs
0x000000000c341000 	/System/Library/PrivateFrameworks/CoreDuet.framework/Versions/A/CoreDuet
0x000000000c341000 	/System/Library/Frameworks/CloudKit.framework/Versions/A/CloudKit
0x000000000c341000 	/System/Library/PrivateFrameworks/ProtocolBuffer.framework/Versions/A/ProtocolBuffer
0x000000000c341000 	/System/Library/PrivateFrameworks/CoreDuetDaemonProtocol.framework/Versions/A/CoreDuetDaemonProtocol
0x000000000c341000 	/System/Library/PrivateFrameworks/CoreDuetDebugLogging.framework/Versions/A/CoreDuetDebugLogging
0x000000000c341000 	/System/Library/PrivateFrameworks/MMCS.framework/Versions/A/MMCS
0x000000000c341000 	/System/Library/Frameworks/CoreLocation.framework/Versions/A/CoreLocation
0x000000000c341000 	/System/Library/PrivateFrameworks/ProtectedCloudStorage.framework/Versions/A/ProtectedCloudStorage
0x000000000c341000 	/System/Library/PrivateFrameworks/GeoServices.framework/Versions/A/GeoServices
0x000000000c341000 	/System/Library/Frameworks/CoreGraphics.framework/Versions/A/Resources/libCGCMS.A.dylib
0x000000000c341000 	/System/Library/Frameworks/CoreGraphics.framework/Versions/A/Resources/libRIP.A.dylib
0x000000000c341000 	/System/Library/Frameworks/CoreGraphics.framework/Versions/A/Resources/libCGXType.A.dylib
0x000000000c341000 	/System/Library/Frameworks/OpenCL.framework/Versions/A/Libraries/libcldcpuengine.dylib
0x000000000c341000 	/System/Library/PrivateFrameworks/DiskImages.framework/Versions/A/DiskImages
0x000000000c341000 	/System/Library/Frameworks/DiscRecording.framework/Versions/A/DiscRecording
0x000000000c341000 	/usr/lib/libcsfde.dylib
0x000000000c341000 	/usr/lib/libcurl.4.dylib
0x000000000c341000 	/System/Library/PrivateFrameworks/MediaKit.framework/Versions/A/MediaKit
0x000000000c341000 	/usr/lib/libCoreStorage.dylib
0x000000000c341000 	/System/Library/PrivateFrameworks/EFILogin.framework/Versions/A/EFILogin
0x000000000c341000 	/usr/lib/libutil.dylib
0x000000000c341000 	/System/Library/PrivateFrameworks/FindMyDevice.framework/Versions/A/FindMyDevice
0x000000000c341000 	/System/Library/Frameworks/LDAP.framework/Versions/A/LDAP
0x000000000c341000 	/usr/lib/libsasl2.2.dylib
0x000000000c341000 	/System/Library/PrivateFrameworks/CoreDaemon.framework/Versions/B/CoreDaemon
0x000000000c341000 	/usr/lib/libcrypto.0.9.8.dylib
0x000000000c341000 	/System/Library/PrivateFrameworks/AppleSRP.framework/Versions/A/AppleSRP
0x000000000c341000 	/System/Library/PrivateFrameworks/TrustEvaluationAgent.framework/Versions/A/TrustEvaluationAgent
0x0000000126f0f000 	cl_kernels
0x0000000126f11000 	/System/Library/Frameworks/OpenCL.framework/Versions/A/Libraries/ImageFormats/unorm8_bgra.dylib
0x0000000126f00000 	cl_kernels
0x000000000c341000 	/System/Library/PrivateFrameworks/FamilyControls.framework/Versions/A/FamilyControls
0x000000000c341000 	/System/Library/PrivateFrameworks/CommerceKit.framework/Versions/A/Frameworks/CommerceCore.framework/Versions/A/CommerceCore
0x000000000c341000 	/System/Library/PrivateFrameworks/SystemAdministration.framework/Versions/A/SystemAdministration
0x000000000c341000 	/System/Library/PrivateFrameworks/AppContainer.framework/Versions/A/AppContainer
0x000000000c341000 	/System/Library/PrivateFrameworks/SecCodeWrapper.framework/Versions/A/SecCodeWrapper
0x000000000c341000 	/System/Library/Frameworks/DirectoryService.framework/Versions/A/DirectoryService
0x000000000c341000 	/System/Library/PrivateFrameworks/LoginUIKit.framework/Versions/A/Frameworks/LoginUICore.framework/Versions/A/LoginUICore
0x000000000c341000 	/usr/lib/libodfde.dylib
0x000000000c341000 	/System/Library/Frameworks/OpenGL.framework/Versions/A/Resources/GLEngine.bundle/GLEngine
0x000000000c341000 	/System/Library/Frameworks/OpenGL.framework/Versions/A/Libraries/libGLProgrammability.dylib
0x0000000000000000 	/System/Library/Extensions/GeForceGLDriver.bundle/Contents/MacOS/GeForceGLDriver
0x000000000c341000 	/System/Library/Extensions/GeForceGLDriver.bundle/Contents/MacOS/libclh.dylib
0x000000000c341000 	/System/Library/PrivateFrameworks/IOAccelerator.framework/Versions/A/IOAccelerator
0x000000000c341000 	/System/Library/PrivateFrameworks/GPUSupport.framework/Versions/A/Libraries/libGPUSupportMercury.dylib
0x000000000c341000 	/System/Library/Frameworks/OpenGL.framework/Versions/A/Resources/GLRendererFloat.bundle/GLRendererFloat
0x000000012974a000 	/Library/Java/JavaVirtualMachines/jdk1.8.0_45.jdk/Contents/Home/jre/lib/libfontmanager.dylib
0x00000001297b1000 	/Library/Java/JavaVirtualMachines/jdk1.8.0_45.jdk/Contents/Home/jre/lib/libosxui.dylib
0x000000012ac01000 	/Library/Java/JavaVirtualMachines/jdk1.8.0_45.jdk/Contents/Home/jre/lib/libnio.dylib
0x000000012cbc2000 	/Library/Java/JavaVirtualMachines/jdk1.8.0_45.jdk/Contents/Home/jre/lib/libosx.dylib
0x000000000c341000 	/System/Library/Frameworks/Accelerate.framework/Versions/A/Frameworks/vImage.framework/Versions/A/Libraries/libCGInterfaces.dylib
0x0000000133f2c000 	/Library/Java/JavaVirtualMachines/jdk1.8.0_45.jdk/Contents/Home/jre/lib/libdcpr.dylib
0x0000000136eb6000 	/Library/Java/JavaVirtualMachines/jdk1.8.0_45.jdk/Contents/Home/jre/lib/libsunec.dylib

VM Arguments:
jvm_args: -Didea.launcher.port=7532 -Didea.launcher.bin.path=/Applications/IntelliJ IDEA 14 CE.app/Contents/bin -Dfile.encoding=UTF-8 
java_command: com.intellij.rt.execution.application.AppMain OkcApp
java_class_path (initial): /Library/Java/JavaVirtualMachines/jdk1.8.0_45.jdk/Contents/Home/lib/ant-javafx.jar:/Library/Java/JavaVirtualMachines/jdk1.8.0_45.jdk/Contents/Home/lib/dt.jar:/Library/Java/JavaVirtualMachines/jdk1.8.0_45.jdk/Contents/Home/lib/javafx-mx.jar:/Library/Java/JavaVirtualMachines/jdk1.8.0_45.jdk/Contents/Home/lib/jconsole.jar:/Library/Java/JavaVirtualMachines/jdk1.8.0_45.jdk/Contents/Home/lib/packager.jar:/Library/Java/JavaVirtualMachines/jdk1.8.0_45.jdk/Contents/Home/lib/sa-jdi.jar:/Library/Java/JavaVirtualMachines/jdk1.8.0_45.jdk/Contents/Home/lib/tools.jar:/Library/Java/JavaVirtualMachines/jdk1.8.0_45.jdk/Contents/Home/jre/lib/charsets.jar:/Library/Java/JavaVirtualMachines/jdk1.8.0_45.jdk/Contents/Home/jre/lib/deploy.jar:/Library/Java/JavaVirtualMachines/jdk1.8.0_45.jdk/Contents/Home/jre/lib/javaws.jar:/Library/Java/JavaVirtualMachines/jdk1.8.0_45.jdk/Contents/Home/jre/lib/jce.jar:/Library/Java/JavaVirtualMachines/jdk1.8.0_45.jdk/Contents/Home/jre/lib/jfr.jar:/Library/Java/JavaVirtualMachines/jdk1.8.0_45.jdk/Contents/Home/jre/lib/jfxswt.jar:/Library/Java/JavaVirtualMachines/jdk1.8.0_45.jdk/Contents/Home/jre/lib/jsse.jar:/Library/Java/JavaVirtualMachines/jdk1.8.0_45.jdk/Contents/Home/jre/lib/management-agent.jar:/Library/Java/JavaVirtualMachines/jdk1.8.0_45.jdk/Contents/Home/jre/lib/plugin.jar:/Library/Java/JavaVirtualMachines/jdk1.8.0_45.jdk/Contents/Home/jre/lib/resources.jar:/Library/Java/JavaVirtualMachines/jdk1.8.0_45.jdk/Contents/Home/jre/lib/rt.jar:/Library/Java/JavaVirtualMachines/jdk1.8.0_45.jdk/Contents/Home/jre/lib/ext/cldrdata.jar:/Library/Java/JavaVirtualMachines/jdk1.8.0_45.jdk/Contents/Home/jre/lib/ext/dnsns.jar:/Library/Java/JavaVirtualMachines/jdk1.8.0_45.jdk/Contents/Home/jre/lib/ext/jfxrt.jar:/Library/Java/JavaVirtualMachines/jdk1.8.0_45.jdk/Contents/Home/jre/lib/ext/localedata.jar:/Library/Java/JavaVirtualMachines/jdk1.8.0_45.jdk/Contents/Home/jre/lib/ext/nashorn.jar:/Library/Java/JavaVirtualMachines/jdk1.8.0_45.jdk/Conten
Launcher Type: SUN_STANDARD

Environment Variables:
PATH=/usr/local/mysql/bin:/usr/local/bin:/usr/bin:/bin:/usr/sbin:/sbin:/opt/X11/bin
SHELL=/bin/bash
DISPLAY=/private/tmp/com.apple.launchd.MUsuFHSeKC/org.macosforge.xquartz:0

Signal Handlers:
SIGSEGV: [libjvm.dylib+0x58ef95], sa_mask[0]=11111111011111110111111111111111, sa_flags=SA_ONSTACK|SA_RESTART|SA_SIGINFO
SIGBUS: [libjvm.dylib+0x58ef95], sa_mask[0]=11111111011111110111111111111111, sa_flags=SA_RESTART|SA_SIGINFO
SIGFPE: [libjvm.dylib+0x46c108], sa_mask[0]=11111111011111110111111111111111, sa_flags=SA_RESTART|SA_SIGINFO
SIGPIPE: [libjvm.dylib+0x46c108], sa_mask[0]=11111111011111110111111111111111, sa_flags=SA_RESTART|SA_SIGINFO
SIGXFSZ: [libjvm.dylib+0x46c108], sa_mask[0]=11111111011111110111111111111111, sa_flags=SA_RESTART|SA_SIGINFO
SIGILL: [libjvm.dylib+0x46c108], sa_mask[0]=11111111011111110111111111111111, sa_flags=SA_RESTART|SA_SIGINFO
SIGUSR1: SIG_DFL, sa_mask[0]=00000000000000000000000000000000, sa_flags=none
SIGUSR2: [libjvm.dylib+0x46bc26], sa_mask[0]=00100000000000000000000000000000, sa_flags=SA_RESTART|SA_SIGINFO
SIGHUP: [libjvm.dylib+0x46a1f9], sa_mask[0]=11111111011111110111111111111111, sa_flags=SA_RESTART|SA_SIGINFO
SIGINT: [libjvm.dylib+0x46a1f9], sa_mask[0]=11111111011111110111111111111111, sa_flags=SA_RESTART|SA_SIGINFO
SIGTERM: [libjvm.dylib+0x46a1f9], sa_mask[0]=11111111011111110111111111111111, sa_flags=SA_RESTART|SA_SIGINFO
SIGQUIT: [libjvm.dylib+0x46a1f9], sa_mask[0]=11111111011111110111111111111111, sa_flags=SA_RESTART|SA_SIGINFO


---------------  S Y S T E M  ---------------

OS:Bsduname:Darwin 14.5.0 Darwin Kernel Version 14.5.0: Wed Jul 29 02:26:53 PDT 2015; root:xnu-2782.40.9~1/RELEASE_X86_64 x86_64
rlimit: STACK 8192k, CORE 0k, NPROC 709, NOFILE 10240, AS infinity
load average:35.56 14.06 9.30

CPU:total 4 (4 cores per cpu, 1 threads per core) family 6 model 60 stepping 3, cmov, cx8, fxsr, mmx, sse, sse2, sse3, ssse3, sse4.1, sse4.2, popcnt, avx, avx2, aes, clmul, erms, rtm, lzcnt, tsc, tscinvbit, bmi1, bmi2

Memory: 4k page, physical 25165824k(48304k free)

/proc/meminfo:


vm_info: Java HotSpot(TM) 64-Bit Server VM (25.45-b02) for bsd-amd64 JRE (1.8.0_45-b14), built on Apr 10 2015 10:46:38 by "java_re" with gcc 4.2.1 (Based on Apple Inc. build 5658) (LLVM build 2336.11.00)

time: Fri Sep 25 20:30:18 2015
elapsed time: 20670 seconds (0d 5h 44m 30s)

