#
# A fatal error has been detected by the Java Runtime Environment:
#
#  SIGSEGV (0xb) at pc=0x0000000129500e47, pid=79136, tid=49671
#
# JRE version: Java(TM) SE Runtime Environment (8.0_45-b14) (build 1.8.0_45-b14)
# Java VM: Java HotSpot(TM) 64-Bit Server VM (25.45-b02 mixed mode bsd-amd64 compressed oops)
# Problematic frame:
# C  [libawt_lwawt.dylib+0x1ae47]  OGLSD_SetScratchSurface+0x49
#
# Failed to write core dump. Core dumps have been disabled. To enable core dumping, try "ulimit -c unlimited" before starting Java again
#
# If you would like to submit a bug report, please visit:
#   http://bugreport.java.com/bugreport/crash.jsp
# The crash happened outside the Java Virtual Machine in native code.
# See problematic frame for where to report the bug.
#

---------------  T H R E A D  ---------------

Current thread (0x00007fdcd40bc800):  JavaThread "Java2D Queue Flusher" daemon [_thread_in_native, id=49671, stack(0x000000012d83e000,0x000000012d93e000)]

siginfo: si_signo: 11 (SIGSEGV), si_code: 1 (SEGV_MAPERR), si_addr: 0x0000000000000002

Registers:
RAX=0x00000000ffffffff, RBX=0x0000000000000002, RCX=0x0000000000000047, RDX=0x00000001295217ac
RSP=0x000000012d93d720, RBP=0x000000012d93d740, RSI=0x00007fdcd647c220, RDI=0x00007fdcd40bc9f8
R8 =0x000000000000236f, R9 =0x0000000000000060, R10=0x000000010831bbf8, R11=0x0000000107fe1800
R12=0x0000000000000000, R13=0x000000012d93d8e0, R14=0x00007fdcd40bc9f8, R15=0x00007fdcd40bc800
RIP=0x0000000129500e47, EFLAGS=0x0000000000010202, ERR=0x0000000000000004
  TRAPNO=0x000000000000000e

Top of Stack: (sp=0x000000012d93d720)
0x000000012d93d720:   00007fdcd647c220 0000000000000000
0x000000012d93d730:   00007fdcd5104810 00007fdcd40bc800
0x000000012d93d740:   000000012d93d7c0 000000012952128a
0x000000012d93d750:   00007fdcd3c61700 0000000200000001
0x000000012d93d760:   0000000000000000 0000000100000000
0x000000012d93d770:   0000000000000000 0000000000000000
0x000000012d93d780:   000000012d93d7c0 00007fdcd5104820
0x000000012d93d790:   0000000000000001 00007fdcd40bc9f8
0x000000012d93d7a0:   000000013b3095c8 0000000000000000
0x000000012d93d7b0:   000000012d93d960 00007fdcd40bc800
0x000000012d93d7c0:   000000012d93d810 000000010831bc6a
0x000000012d93d7d0:   000000064000e2d0 0000000106796a58
0x000000012d93d7e0:   0000000000000064 0000000000000000
0x000000012d93d7f0:   0000000000000064 00007fdcd3c62068
0x000000012d93d800:   000000012d93d860 00000001065b8b83
0x000000012d93d810:   000000012d93d938 00000001086e08fc
0x000000012d93d820:   0000000000000001 00007fdcd3c62ed0
0x000000012d93d830:   000000064000e300 00007fdcd40bc800
0x000000012d93d840:   00007fdcd40bc800 00000001253cda08
0x000000012d93d850:   000000012d93d960 00007fdcd40bc800
0x000000012d93d860:   000000012d93d8b0 0000000108149628
0x000000012d93d870:   000000064000e2d0 00000001080bd626
0x000000012d93d880:   000000012d93d938 0000000107fe185c
0x000000012d93d890:   000000012d93d890 000000012eef14fc
0x000000012d93d8a0:   000000012d93d8e0 000000012eef1578
0x000000012d93d8b0:   000000012d93d938 0000000107c07c4d
0x000000012d93d8c0:   000000012d93d938 0000000107c07c4d
0x000000012d93d8d0:   0000000000000064 0000000107c07c4d
0x000000012d93d8e0:   000000064000e2d0 0000000000000003
0x000000012d93d8f0:   000000064000e3b8 000000012d93d8e8
0x000000012d93d900:   000000012587f651 000000012d93d960
0x000000012d93d910:   00000001258d0c20 000000013cf897c0 

Instructions: (pc=0x0000000129500e47)
0x0000000129500e27:   c0 e9 82 00 00 00 48 8b 5e 10 48 85 db 75 0e bf
0x0000000129500e37:   01 00 00 00 48 8d 15 a4 76 03 00 eb d6 49 89 fe
0x0000000129500e47:   4c 8b 3b 30 c0 e8 5f a3 02 00 49 8b 3f 49 89 c4
0x0000000129500e57:   48 8b 35 ca f6 05 00 30 c0 e8 a1 a4 02 00 48 85 

Register to memory mapping:

RAX=0x00000000ffffffff is an unknown value
RBX=0x0000000000000002 is an unknown value
RCX=0x0000000000000047 is an unknown value
RDX=0x00000001295217ac: Java_sun_java2d_opengl_OGLRenderQueue_flushBuffer+0xb5c in /Library/Java/JavaVirtualMachines/jdk1.8.0_45.jdk/Contents/Home/jre/lib/libawt_lwawt.dylib at 0x00000001294e6000
RSP=0x000000012d93d720 is pointing into the stack for thread: 0x00007fdcd40bc800
RBP=0x000000012d93d740 is pointing into the stack for thread: 0x00007fdcd40bc800
RSI=0x00007fdcd647c220 is an unknown value
RDI=0x00007fdcd40bc9f8 is an unknown value
R8 =0x000000000000236f is an unknown value
R9 =0x0000000000000060 is an unknown value
R10=0x000000010831bbf8 is at entry_point+56 in (nmethod*)0x000000010831ba50
R11=0x0000000107fe1800 is at entry_point+0 in (nmethod*)0x0000000107fe1690
R12=0x0000000000000000 is an unknown value
R13=0x000000012d93d8e0 is pointing into the stack for thread: 0x00007fdcd40bc800
R14=0x00007fdcd40bc9f8 is an unknown value
R15=0x00007fdcd40bc800 is a thread


Stack: [0x000000012d83e000,0x000000012d93e000],  sp=0x000000012d93d720,  free space=1021k
Native frames: (J=compiled Java code, j=interpreted, Vv=VM code, C=native code)
C  [libawt_lwawt.dylib+0x1ae47]  OGLSD_SetScratchSurface+0x49
C  [libawt_lwawt.dylib+0x3b28a]  Java_sun_java2d_opengl_OGLRenderQueue_flushBuffer+0x63a
J 2832  sun.java2d.opengl.OGLRenderQueue.flushBuffer(JI)V (0 bytes) @ 0x000000010831bc6a [0x000000010831bbc0+0xaa]
J 4738 C1 sun.java2d.opengl.OGLRenderQueue.flushBuffer()V (41 bytes) @ 0x00000001086e08fc [0x00000001086e06a0+0x25c]
J 5487 C1 sun.java2d.opengl.OGLRenderQueue.access$100(Lsun/java2d/opengl/OGLRenderQueue;)V (5 bytes) @ 0x0000000107fe185c [0x0000000107fe1800+0x5c]
j  sun.java2d.opengl.OGLRenderQueue$QueueFlusher.run()V+81
v  ~StubRoutines::call_stub
V  [libjvm.dylib+0x2e032a]  JavaCalls::call_helper(JavaValue*, methodHandle*, JavaCallArguments*, Thread*)+0x6ae
V  [libjvm.dylib+0x2e0ab8]  JavaCalls::call_virtual(JavaValue*, KlassHandle, Symbol*, Symbol*, JavaCallArguments*, Thread*)+0x164
V  [libjvm.dylib+0x2e0c64]  JavaCalls::call_virtual(JavaValue*, Handle, KlassHandle, Symbol*, Symbol*, Thread*)+0x4a
V  [libjvm.dylib+0x3331a5]  thread_entry(JavaThread*, Thread*)+0x7c
V  [libjvm.dylib+0x549acf]  JavaThread::thread_main_inner()+0x9b
V  [libjvm.dylib+0x54b1c0]  JavaThread::run()+0x1c2
V  [libjvm.dylib+0x46ea7e]  java_start(Thread*)+0xf6
C  [libsystem_pthread.dylib+0x405a]  _pthread_body+0x83
C  [libsystem_pthread.dylib+0x3fd7]  _pthread_body+0x0
C  [libsystem_pthread.dylib+0x13ed]  thread_start+0xd
C  0x0000000000000000

Java frames: (J=compiled Java code, j=interpreted, Vv=VM code)
J 2832  sun.java2d.opengl.OGLRenderQueue.flushBuffer(JI)V (0 bytes) @ 0x000000010831bbf8 [0x000000010831bbc0+0x38]
J 4738 C1 sun.java2d.opengl.OGLRenderQueue.flushBuffer()V (41 bytes) @ 0x00000001086e08fc [0x00000001086e06a0+0x25c]
J 5487 C1 sun.java2d.opengl.OGLRenderQueue.access$100(Lsun/java2d/opengl/OGLRenderQueue;)V (5 bytes) @ 0x0000000107fe185c [0x0000000107fe1800+0x5c]
j  sun.java2d.opengl.OGLRenderQueue$QueueFlusher.run()V+81
v  ~StubRoutines::call_stub

---------------  P R O C E S S  ---------------

Java Threads: ( => current thread )
  0x00007fdcda1a9000 JavaThread "Visitor Count Thread" [_thread_blocked, id=22179, stack(0x000000013d257000,0x000000013d357000)]
  0x00007fdcdba5c800 JavaThread "Count-down Thread" [_thread_blocked, id=64047, stack(0x000000013cca2000,0x000000013cda2000)]
  0x00007fdcdba5b800 JavaThread "AutoWatchThread-2" [_thread_blocked, id=24083, stack(0x000000013bb68000,0x000000013bc68000)]
  0x00007fdcd567e000 JavaThread "TimerQueue" daemon [_thread_blocked, id=59015, stack(0x000000013a5b8000,0x000000013a6b8000)]
  0x00007fdcd5615800 JavaThread "DestroyJavaVM" [_thread_blocked, id=3331, stack(0x00000001071e9000,0x00000001072e9000)]
  0x00007fdcd53b4800 JavaThread "Timer-0" daemon [_thread_blocked, id=58119, stack(0x0000000136dc5000,0x0000000136ec5000)]
  0x00007fdcd4882800 JavaThread "Print Thread" [_thread_blocked, id=51463, stack(0x000000012f059000,0x000000012f159000)]
  0x00007fdcd5271800 JavaThread "Java2D Disposer" daemon [_thread_blocked, id=50699, stack(0x000000012e664000,0x000000012e764000)]
=>0x00007fdcd40bc800 JavaThread "Java2D Queue Flusher" daemon [_thread_in_native, id=49671, stack(0x000000012d83e000,0x000000012d93e000)]
  0x00007fdcd40ae000 JavaThread "AWT-Shutdown" [_thread_blocked, id=28435, stack(0x000000012ad99000,0x000000012ae99000)]
  0x00007fdcd4833800 JavaThread "AppKit Thread" daemon [_thread_blocked, id=1299, stack(0x00007fff59280000,0x00007fff59a80000)]
  0x00007fdcd40a0800 JavaThread "Monitor Ctrl-Break" daemon [_thread_in_native, id=19203, stack(0x0000000129211000,0x0000000129311000)]
  0x00007fdcd5014000 JavaThread "Service Thread" daemon [_thread_blocked, id=18179, stack(0x0000000128ea7000,0x0000000128fa7000)]
  0x00007fdcd582e800 JavaThread "C1 CompilerThread2" daemon [_thread_blocked, id=17667, stack(0x0000000128da4000,0x0000000128ea4000)]
  0x00007fdcd404f000 JavaThread "C2 CompilerThread1" daemon [_thread_blocked, id=17155, stack(0x0000000128ca1000,0x0000000128da1000)]
  0x00007fdcd5823800 JavaThread "C2 CompilerThread0" daemon [_thread_blocked, id=16643, stack(0x0000000128b9e000,0x0000000128c9e000)]
  0x00007fdcd5822000 JavaThread "Signal Dispatcher" daemon [_thread_blocked, id=13843, stack(0x0000000128a9b000,0x0000000128b9b000)]
  0x00007fdcd4042800 JavaThread "Finalizer" daemon [_thread_blocked, id=11011, stack(0x000000012707a000,0x000000012717a000)]
  0x00007fdcd4041800 JavaThread "Reference Handler" daemon [_thread_blocked, id=10499, stack(0x0000000126f77000,0x0000000127077000)]

Other Threads:
  0x00007fdcd581f000 VMThread [stack: 0x0000000126e74000,0x0000000126f74000] [id=9987]
  0x00007fdcd582f800 WatcherThread [stack: 0x0000000128faa000,0x00000001290aa000] [id=18691]

VM state:not at safepoint (normal execution)

VM Mutex/Monitor currently owned by a thread: None

Heap:
 PSYoungGen      total 32256K, used 3345K [0x0000000740000000, 0x0000000742380000, 0x00000007c0000000)
  eden space 29184K, 0% used [0x0000000740000000,0x00000007400471b0,0x0000000741c80000)
  from space 3072K, 99% used [0x0000000741c80000,0x0000000741f7d618,0x0000000741f80000)
  to   space 3584K, 0% used [0x0000000742000000,0x0000000742000000,0x0000000742380000)
 ParOldGen       total 108544K, used 107533K [0x0000000640000000, 0x0000000646a00000, 0x0000000740000000)
  object space 108544K, 99% used [0x0000000640000000,0x0000000646903520,0x0000000646a00000)
 Metaspace       used 21074K, capacity 21414K, committed 21760K, reserved 1069056K
  class space    used 2393K, capacity 2517K, committed 2560K, reserved 1048576K

Card table byte_map: [0x0000000116fc0000,0x0000000117bc1000] byte_map_base: 0x0000000113dc0000

Marking Bits: (ParMarkBitMap*) 0x0000000106b417a0
 Begin Bits: [0x00000001187cd000, 0x000000011e7cd000)
 End Bits:   [0x000000011e7cd000, 0x00000001247cd000)

Polling page: 0x000000010732e000

CodeCache: size=245760Kb used=15439Kb max_used=15473Kb free=230320Kb
 bounds [0x0000000107c00000, 0x0000000108bc0000, 0x0000000116c00000]
 total_blobs=5005 nmethods=4420 adapters=496
 compilation: enabled

Compilation events (10 events):
Event: 105470.550 Thread 0x00007fdcd582e800 5818       3       sun.awt.image.AbstractMultiResolutionImage::getHeight (9 bytes)
Event: 105470.550 Thread 0x00007fdcd582e800 nmethod 5818 0x00000001086b9810 code [0x00000001086b99a0, 0x00000001086b9c78]
Event: 105470.550 Thread 0x00007fdcd582e800 5819       3       sun.java2d.opengl.CGLLayer::isOpaque (16 bytes)
Event: 105470.550 Thread 0x00007fdcd582e800 nmethod 5819 0x00000001086b9390 code [0x00000001086b9500, 0x00000001086b9768]
Event: 105470.553 Thread 0x00007fdcd582e800 5820       1       sun.java2d.SunGraphics2D::getSurfaceData (5 bytes)
Event: 105470.553 Thread 0x00007fdcd582e800 nmethod 5820 0x0000000108aeed90 code [0x0000000108aeeee0, 0x0000000108aeeff0]
Event: 105470.555 Thread 0x00007fdcd582e800 5821       3       sun.java2d.opengl.OGLContext::setScratchSurface (10 bytes)
Event: 105470.556 Thread 0x00007fdcd582e800 nmethod 5821 0x00000001087d0f10 code [0x00000001087d11e0, 0x00000001087d2868]
Event: 105470.606 Thread 0x00007fdcd582e800 5822 %s!   3       sun.java2d.opengl.OGLRenderQueue$QueueFlusher::run @ 2 (234 bytes)
Event: 105470.608 Thread 0x00007fdcd582e800 nmethod 5822% 0x00000001089e76d0 code [0x00000001089e7a80, 0x00000001089ea358]

GC Heap History (10 events):
Event: 104590.818 GC heap before
{Heap before GC invocations=652 (full 1):
 PSYoungGen      total 32768K, used 31937K [0x0000000740000000, 0x0000000742300000, 0x00000007c0000000)
  eden space 29696K, 100% used [0x0000000740000000,0x0000000741d00000,0x0000000741d00000)
  from space 3072K, 72% used [0x0000000742000000,0x00000007422306d0,0x0000000742300000)
  to   space 3072K, 0% used [0x0000000741d00000,0x0000000741d00000,0x0000000742000000)
 ParOldGen       total 108544K, used 106129K [0x0000000640000000, 0x0000000646a00000, 0x0000000740000000)
  object space 108544K, 97% used [0x0000000640000000,0x00000006467a4750,0x0000000646a00000)
 Metaspace       used 21050K, capacity 21414K, committed 21760K, reserved 1069056K
  class space    used 2389K, capacity 2517K, committed 2560K, reserved 1048576K
Event: 104590.819 GC heap after
Heap after GC invocations=652 (full 1):
 PSYoungGen      total 32768K, used 2168K [0x0000000740000000, 0x0000000742300000, 0x00000007c0000000)
  eden space 29696K, 0% used [0x0000000740000000,0x0000000740000000,0x0000000741d00000)
  from space 3072K, 70% used [0x0000000741d00000,0x0000000741f1e0b0,0x0000000742000000)
  to   space 3072K, 0% used [0x0000000742000000,0x0000000742000000,0x0000000742300000)
 ParOldGen       total 108544K, used 106300K [0x0000000640000000, 0x0000000646a00000, 0x0000000740000000)
  object space 108544K, 97% used [0x0000000640000000,0x00000006467cf070,0x0000000646a00000)
 Metaspace       used 21050K, capacity 21414K, committed 21760K, reserved 1069056K
  class space    used 2389K, capacity 2517K, committed 2560K, reserved 1048576K
}
Event: 104834.331 GC heap before
{Heap before GC invocations=653 (full 1):
 PSYoungGen      total 32768K, used 31864K [0x0000000740000000, 0x0000000742300000, 0x00000007c0000000)
  eden space 29696K, 100% used [0x0000000740000000,0x0000000741d00000,0x0000000741d00000)
  from space 3072K, 70% used [0x0000000741d00000,0x0000000741f1e0b0,0x0000000742000000)
  to   space 3072K, 0% used [0x0000000742000000,0x0000000742000000,0x0000000742300000)
 ParOldGen       total 108544K, used 106300K [0x0000000640000000, 0x0000000646a00000, 0x0000000740000000)
  object space 108544K, 97% used [0x0000000640000000,0x00000006467cf070,0x0000000646a00000)
 Metaspace       used 21050K, capacity 21414K, committed 21760K, reserved 1069056K
  class space    used 2389K, capacity 2517K, committed 2560K, reserved 1048576K
Event: 104834.332 GC heap after
Heap after GC invocations=653 (full 1):
 PSYoungGen      total 32768K, used 2105K [0x0000000740000000, 0x0000000742300000, 0x00000007c0000000)
  eden space 29696K, 0% used [0x0000000740000000,0x0000000740000000,0x0000000741d00000)
  from space 3072K, 68% used [0x0000000742000000,0x000000074220e490,0x0000000742300000)
  to   space 3072K, 0% used [0x0000000741d00000,0x0000000741d00000,0x0000000742000000)
 ParOldGen       total 108544K, used 106389K [0x0000000640000000, 0x0000000646a00000, 0x0000000740000000)
  object space 108544K, 98% used [0x0000000640000000,0x00000006467e5500,0x0000000646a00000)
 Metaspace       used 21050K, capacity 21414K, committed 21760K, reserved 1069056K
  class space    used 2389K, capacity 2517K, committed 2560K, reserved 1048576K
}
Event: 105038.302 GC heap before
{Heap before GC invocations=654 (full 1):
 PSYoungGen      total 32768K, used 31801K [0x0000000740000000, 0x0000000742300000, 0x00000007c0000000)
  eden space 29696K, 100% used [0x0000000740000000,0x0000000741d00000,0x0000000741d00000)
  from space 3072K, 68% used [0x0000000742000000,0x000000074220e490,0x0000000742300000)
  to   space 3072K, 0% used [0x0000000741d00000,0x0000000741d00000,0x0000000742000000)
 ParOldGen       total 108544K, used 106389K [0x0000000640000000, 0x0000000646a00000, 0x0000000740000000)
  object space 108544K, 98% used [0x0000000640000000,0x00000006467e5500,0x0000000646a00000)
 Metaspace       used 21050K, capacity 21414K, committed 21760K, reserved 1069056K
  class space    used 2389K, capacity 2517K, committed 2560K, reserved 1048576K
Event: 105038.303 GC heap after
Heap after GC invocations=654 (full 1):
 PSYoungGen      total 32256K, used 2184K [0x0000000740000000, 0x0000000742200000, 0x00000007c0000000)
  eden space 29696K, 0% used [0x0000000740000000,0x0000000740000000,0x0000000741d00000)
  from space 2560K, 85% used [0x0000000741d00000,0x0000000741f221d8,0x0000000741f80000)
  to   space 2560K, 0% used [0x0000000741f80000,0x0000000741f80000,0x0000000742200000)
 ParOldGen       total 108544K, used 106523K [0x0000000640000000, 0x0000000646a00000, 0x0000000740000000)
  object space 108544K, 98% used [0x0000000640000000,0x0000000646806e00,0x0000000646a00000)
 Metaspace       used 21050K, capacity 21414K, committed 21760K, reserved 1069056K
  class space    used 2389K, capacity 2517K, committed 2560K, reserved 1048576K
}
Event: 105261.826 GC heap before
{Heap before GC invocations=655 (full 1):
 PSYoungGen      total 32256K, used 31845K [0x0000000740000000, 0x0000000742200000, 0x00000007c0000000)
  eden space 29696K, 99% used [0x0000000740000000,0x0000000741cf7340,0x0000000741d00000)
  from space 2560K, 85% used [0x0000000741d00000,0x0000000741f221d8,0x0000000741f80000)
  to   space 2560K, 0% used [0x0000000741f80000,0x0000000741f80000,0x0000000742200000)
 ParOldGen       total 108544K, used 106523K [0x0000000640000000, 0x0000000646a00000, 0x0000000740000000)
  object space 108544K, 98% used [0x0000000640000000,0x0000000646806e00,0x0000000646a00000)
 Metaspace       used 21050K, capacity 21414K, committed 21760K, reserved 1069056K
  class space    used 2389K, capacity 2517K, committed 2560K, reserved 1048576K
Event: 105261.828 GC heap after
Heap after GC invocations=655 (full 1):
 PSYoungGen      total 31744K, used 2421K [0x0000000740000000, 0x0000000742300000, 0x00000007c0000000)
  eden space 29184K, 0% used [0x0000000740000000,0x0000000740000000,0x0000000741c80000)
  from space 2560K, 94% used [0x0000000741f80000,0x00000007421dd630,0x0000000742200000)
  to   space 3072K, 0% used [0x0000000741c80000,0x0000000741c80000,0x0000000741f80000)
 ParOldGen       total 108544K, used 106644K [0x0000000640000000, 0x0000000646a00000, 0x0000000740000000)
  object space 108544K, 98% used [0x0000000640000000,0x00000006468252c0,0x0000000646a00000)
 Metaspace       used 21050K, capacity 21414K, committed 21760K, reserved 1069056K
  class space    used 2389K, capacity 2517K, committed 2560K, reserved 1048576K
}
Event: 105470.592 GC heap before
{Heap before GC invocations=656 (full 1):
 PSYoungGen      total 31744K, used 31605K [0x0000000740000000, 0x0000000742300000, 0x00000007c0000000)
  eden space 29184K, 100% used [0x0000000740000000,0x0000000741c80000,0x0000000741c80000)
  from space 2560K, 94% used [0x0000000741f80000,0x00000007421dd630,0x0000000742200000)
  to   space 3072K, 0% used [0x0000000741c80000,0x0000000741c80000,0x0000000741f80000)
 ParOldGen       total 108544K, used 106644K [0x0000000640000000, 0x0000000646a00000, 0x0000000740000000)
  object space 108544K, 98% used [0x0000000640000000,0x00000006468252c0,0x0000000646a00000)
 Metaspace       used 21074K, capacity 21414K, committed 21760K, reserved 1069056K
  class space    used 2393K, capacity 2517K, committed 2560K, reserved 1048576K
Event: 105470.605 GC heap after
Heap after GC invocations=656 (full 1):
 PSYoungGen      total 32256K, used 3061K [0x0000000740000000, 0x0000000742380000, 0x00000007c0000000)
  eden space 29184K, 0% used [0x0000000740000000,0x0000000740000000,0x0000000741c80000)
  from space 3072K, 99% used [0x0000000741c80000,0x0000000741f7d618,0x0000000741f80000)
  to   space 3584K, 0% used [0x0000000742000000,0x0000000742000000,0x0000000742380000)
 ParOldGen       total 108544K, used 107533K [0x0000000640000000, 0x0000000646a00000, 0x0000000740000000)
  object space 108544K, 99% used [0x0000000640000000,0x0000000646903520,0x0000000646a00000)
 Metaspace       used 21074K, capacity 21414K, committed 21760K, reserved 1069056K
  class space    used 2393K, capacity 2517K, committed 2560K, reserved 1048576K
}

Deoptimization events (10 events):
Event: 105437.893 Thread 0x00007fdcd4882800 Uncommon trap: reason=bimorphic action=maybe_recompile pc=0x0000000108826d40 method=sun.java2d.pipe.ValidatePipe.fillRect(Lsun/java2d/SunGraphics2D;IIII)V @ 19
Event: 105437.893 Thread 0x00007fdcd4882800 Uncommon trap: reason=class_check action=maybe_recompile pc=0x00000001080065d4 method=sun.java2d.loops.SurfaceType.pixelFor(ILjava/awt/image/ColorModel;)I @ 6
Event: 105437.894 Thread 0x00007fdcd4882800 Uncommon trap: reason=bimorphic action=maybe_recompile pc=0x00000001087be1f8 method=sun.java2d.SunGraphics2D.<init>(Lsun/java2d/SurfaceData;Ljava/awt/Color;Ljava/awt/Color;Ljava/awt/Font;)V @ 112
Event: 105437.894 Thread 0x00007fdcd4882800 Uncommon trap: reason=bimorphic action=maybe_recompile pc=0x0000000108826d40 method=sun.java2d.pipe.ValidatePipe.fillRect(Lsun/java2d/SunGraphics2D;IIII)V @ 19
Event: 105437.894 Thread 0x00007fdcd4882800 Uncommon trap: reason=class_check action=maybe_recompile pc=0x0000000108929340 method=com.apple.laf.AquaUtils.isWindowTextured(Ljava/awt/Component;)Z @ 1
Event: 105437.894 Thread 0x00007fdcd4882800 Uncommon trap: reason=bimorphic action=maybe_recompile pc=0x0000000108826d40 method=sun.java2d.pipe.ValidatePipe.fillRect(Lsun/java2d/SunGraphics2D;IIII)V @ 19
Event: 105437.894 Thread 0x00007fdcd4882800 Uncommon trap: reason=bimorphic action=maybe_recompile pc=0x0000000108826d40 method=sun.java2d.pipe.ValidatePipe.fillRect(Lsun/java2d/SunGraphics2D;IIII)V @ 19
Event: 105439.010 Thread 0x00007fdcd4882800 Uncommon trap: reason=class_check action=maybe_recompile pc=0x0000000108929340 method=com.apple.laf.AquaUtils.isWindowTextured(Ljava/awt/Component;)Z @ 1
Event: 105469.931 Thread 0x00007fdcd4833800 Uncommon trap: reason=bimorphic action=maybe_recompile pc=0x0000000108428404 method=java.util.HashMap.removeNode(ILjava/lang/Object;Ljava/lang/Object;ZZ)Ljava/util/HashMap$Node; @ 68
Event: 105470.553 Thread 0x00007fdcd4882800 Uncommon trap: reason=unstable_if action=reinterpret pc=0x0000000108b250dc method=sun.font.GlyphList.getInstance()Lsun/font/GlyphList; @ 3

Internal exceptions (10 events):
Event: 91312.524 Thread 0x00007fdcdba5b800 JVM_StopThread thread JavaThread 0x00007fdcdb93c800 as oop 0x0000000646051970 [exception 0x000000013bc67750]
Event: 91312.524 Thread 0x00007fdcdb93c800 Exception <a 'java/lang/ThreadDeath': sleep interrupted> (0x0000000740727d50) thrown at [/Users/java_re/workspace/8-2-build-macosx-x86_64/jdk8u45/3457/hotspot/src/share/vm/prims/jvm.cpp, line 3211]
Event: 94359.794 Thread 0x00007fdcdba5b800 JVM_StopThread thread JavaThread 0x00007fdcdb457000 as oop 0x00000006460cc8e0 [exception 0x000000013bc67750]
Event: 94359.794 Thread 0x00007fdcdb457000 Exception <a 'java/lang/ThreadDeath': sleep interrupted> (0x0000000740e2c198) thrown at [/Users/java_re/workspace/8-2-build-macosx-x86_64/jdk8u45/3457/hotspot/src/share/vm/prims/jvm.cpp, line 3211]
Event: 97405.289 Thread 0x00007fdcdba5b800 JVM_StopThread thread JavaThread 0x00007fdcdaf21800 as oop 0x0000000646136bf8 [exception 0x000000013bc67750]
Event: 97405.289 Thread 0x00007fdcdaf21800 Exception <a 'java/lang/ThreadDeath': sleep interrupted> (0x000000074154fd30) thrown at [/Users/java_re/workspace/8-2-build-macosx-x86_64/jdk8u45/3457/hotspot/src/share/vm/prims/jvm.cpp, line 3211]
Event: 100450.119 Thread 0x00007fdcdba5b800 JVM_StopThread thread JavaThread 0x00007fdcdb81e000 as oop 0x00000006461aab08 [exception 0x000000013bc67750]
Event: 100450.120 Thread 0x00007fdcdb81e000 Exception <a 'java/lang/ThreadDeath': sleep interrupted> (0x000000074016a098) thrown at [/Users/java_re/workspace/8-2-build-macosx-x86_64/jdk8u45/3457/hotspot/src/share/vm/prims/jvm.cpp, line 3211]
Event: 103493.430 Thread 0x00007fdcdba5b800 JVM_StopThread thread JavaThread 0x00007fdcdb6ab800 as oop 0x000000064643a140 [exception 0x000000013bc67750]
Event: 103493.430 Thread 0x00007fdcdb6ab800 Exception <a 'java/lang/ThreadDeath': sleep interrupted> (0x00000007403e3bd0) thrown at [/Users/java_re/workspace/8-2-build-macosx-x86_64/jdk8u45/3457/hotspot/src/share/vm/prims/jvm.cpp, line 3211]

Events (10 events):
Event: 105453.612 Executing VM operation: RevokeBias done
Event: 105453.612 Thread 0x00007fdcda4db800 Thread exited: 0x00007fdcda4db800
Event: 105469.931 Thread 0x00007fdcd4833800 Uncommon trap: trap_request=0xffffffc6 fr.pc=0x0000000108428404
Event: 105469.931 Thread 0x00007fdcd4833800 DEOPT PACKING pc=0x0000000108428404 sp=0x00007fff59a7a620
Event: 105469.931 Thread 0x00007fdcd4833800 DEOPT UNPACKING pc=0x0000000107c05229 sp=0x00007fff59a7a5b0 mode 2
Event: 105470.553 Thread 0x00007fdcd4882800 Uncommon trap: trap_request=0xffffff65 fr.pc=0x0000000108b250dc
Event: 105470.553 Thread 0x00007fdcd4882800 DEOPT PACKING pc=0x0000000108b250dc sp=0x000000012f1554a0
Event: 105470.553 Thread 0x00007fdcd4882800 DEOPT UNPACKING pc=0x0000000107c05229 sp=0x000000012f1552c0 mode 2
Event: 105470.592 Executing VM operation: ParallelGCFailedAllocation
Event: 105470.605 Executing VM operation: ParallelGCFailedAllocation done


Dynamic libraries:
0x000000000c341000 	/System/Library/Frameworks/Cocoa.framework/Versions/A/Cocoa
0x000000000c341000 	/System/Library/Frameworks/Security.framework/Versions/A/Security
0x000000000c341000 	/System/Library/Frameworks/ApplicationServices.framework/Versions/A/ApplicationServices
0x000000000c341000 	/usr/lib/libz.1.dylib
0x000000000c341000 	/usr/lib/libSystem.B.dylib
0x000000000c341000 	/usr/lib/libobjc.A.dylib
0x000000000c341000 	/System/Library/Frameworks/CoreFoundation.framework/Versions/A/CoreFoundation
0x000000000c341000 	/System/Library/Frameworks/Foundation.framework/Versions/C/Foundation
0x000000000c341000 	/System/Library/Frameworks/AppKit.framework/Versions/C/AppKit
0x000000000c341000 	/System/Library/Frameworks/CoreData.framework/Versions/A/CoreData
0x000000000c341000 	/System/Library/PrivateFrameworks/RemoteViewServices.framework/Versions/A/RemoteViewServices
0x000000000c341000 	/System/Library/PrivateFrameworks/UIFoundation.framework/Versions/A/UIFoundation
0x000000000c341000 	/System/Library/Frameworks/IOSurface.framework/Versions/A/IOSurface
0x000000000c341000 	/System/Library/Frameworks/AudioToolbox.framework/Versions/A/AudioToolbox
0x000000000c341000 	/System/Library/Frameworks/AudioUnit.framework/Versions/A/AudioUnit
0x000000000c341000 	/System/Library/PrivateFrameworks/DataDetectorsCore.framework/Versions/A/DataDetectorsCore
0x000000000c341000 	/System/Library/PrivateFrameworks/DesktopServicesPriv.framework/Versions/A/DesktopServicesPriv
0x000000000c341000 	/System/Library/Frameworks/Carbon.framework/Versions/A/Frameworks/HIToolbox.framework/Versions/A/HIToolbox
0x000000000c341000 	/System/Library/Frameworks/QuartzCore.framework/Versions/A/QuartzCore
0x000000000c341000 	/System/Library/Frameworks/Carbon.framework/Versions/A/Frameworks/SpeechRecognition.framework/Versions/A/SpeechRecognition
0x000000000c341000 	/usr/lib/libauto.dylib
0x000000000c341000 	/usr/lib/libicucore.A.dylib
0x000000000c341000 	/usr/lib/libxml2.2.dylib
0x000000000c341000 	/System/Library/PrivateFrameworks/CoreUI.framework/Versions/A/CoreUI
0x000000000c341000 	/System/Library/Frameworks/CoreAudio.framework/Versions/A/CoreAudio
0x000000000c341000 	/System/Library/Frameworks/DiskArbitration.framework/Versions/A/DiskArbitration
0x000000000c341000 	/usr/lib/liblangid.dylib
0x000000000c341000 	/System/Library/PrivateFrameworks/MultitouchSupport.framework/Versions/A/MultitouchSupport
0x000000000c341000 	/System/Library/Frameworks/IOKit.framework/Versions/A/IOKit
0x000000000c341000 	/usr/lib/libDiagnosticMessagesClient.dylib
0x000000000c341000 	/System/Library/Frameworks/CoreServices.framework/Versions/A/CoreServices
0x000000000c341000 	/System/Library/PrivateFrameworks/PerformanceAnalysis.framework/Versions/A/PerformanceAnalysis
0x000000000c341000 	/System/Library/PrivateFrameworks/GenerationalStorage.framework/Versions/A/GenerationalStorage
0x000000000c341000 	/System/Library/Frameworks/OpenGL.framework/Versions/A/OpenGL
0x000000000c341000 	/System/Library/PrivateFrameworks/Sharing.framework/Versions/A/Sharing
0x000000000c341000 	/System/Library/Frameworks/CoreGraphics.framework/Versions/A/CoreGraphics
0x000000000c341000 	/System/Library/Frameworks/CoreText.framework/Versions/A/CoreText
0x000000000c341000 	/System/Library/Frameworks/ImageIO.framework/Versions/A/ImageIO
0x000000000c341000 	/usr/lib/libextension.dylib
0x000000000c341000 	/System/Library/PrivateFrameworks/Backup.framework/Versions/A/Backup
0x000000000c341000 	/usr/lib/libarchive.2.dylib
0x000000000c341000 	/System/Library/Frameworks/CFNetwork.framework/Versions/A/CFNetwork
0x000000000c341000 	/System/Library/Frameworks/SystemConfiguration.framework/Versions/A/SystemConfiguration
0x000000000c341000 	/usr/lib/libCRFSuite.dylib
0x000000000c341000 	/usr/lib/libc++.1.dylib
0x000000000c341000 	/usr/lib/libc++abi.dylib
0x000000000c341000 	/usr/lib/system/libcache.dylib
0x000000000c341000 	/usr/lib/system/libcommonCrypto.dylib
0x000000000c341000 	/usr/lib/system/libcompiler_rt.dylib
0x000000000c341000 	/usr/lib/system/libcopyfile.dylib
0x000000000c341000 	/usr/lib/system/libcorecrypto.dylib
0x000000000c341000 	/usr/lib/system/libdispatch.dylib
0x000000000c341000 	/usr/lib/system/libdyld.dylib
0x000000000c341000 	/usr/lib/system/libkeymgr.dylib
0x000000000c341000 	/usr/lib/system/liblaunch.dylib
0x000000000c341000 	/usr/lib/system/libmacho.dylib
0x000000000c341000 	/usr/lib/system/libquarantine.dylib
0x000000000c341000 	/usr/lib/system/libremovefile.dylib
0x000000000c341000 	/usr/lib/system/libsystem_asl.dylib
0x000000000c341000 	/usr/lib/system/libsystem_blocks.dylib
0x000000000c341000 	/usr/lib/system/libsystem_c.dylib
0x000000000c341000 	/usr/lib/system/libsystem_configuration.dylib
0x000000000c341000 	/usr/lib/system/libsystem_coreservices.dylib
0x000000000c341000 	/usr/lib/system/libsystem_coretls.dylib
0x000000000c341000 	/usr/lib/system/libsystem_dnssd.dylib
0x000000000c341000 	/usr/lib/system/libsystem_info.dylib
0x000000000c341000 	/usr/lib/system/libsystem_kernel.dylib
0x000000000c341000 	/usr/lib/system/libsystem_m.dylib
0x000000000c341000 	/usr/lib/system/libsystem_malloc.dylib
0x000000000c341000 	/usr/lib/system/libsystem_network.dylib
0x000000000c341000 	/usr/lib/system/libsystem_networkextension.dylib
0x000000000c341000 	/usr/lib/system/libsystem_notify.dylib
0x000000000c341000 	/usr/lib/system/libsystem_platform.dylib
0x000000000c341000 	/usr/lib/system/libsystem_pthread.dylib
0x000000000c341000 	/usr/lib/system/libsystem_sandbox.dylib
0x000000000c341000 	/usr/lib/system/libsystem_secinit.dylib
0x000000000c341000 	/usr/lib/system/libsystem_stats.dylib
0x000000000c341000 	/usr/lib/system/libsystem_trace.dylib
0x000000000c341000 	/usr/lib/system/libunc.dylib
0x000000000c341000 	/usr/lib/system/libunwind.dylib
0x000000000c341000 	/usr/lib/system/libxpc.dylib
0x000000000c341000 	/usr/lib/libbz2.1.0.dylib
0x000000000c341000 	/usr/lib/liblzma.5.dylib
0x000000000c341000 	/usr/lib/libbsm.0.dylib
0x000000000c341000 	/usr/lib/libsqlite3.dylib
0x000000000c341000 	/usr/lib/system/libkxld.dylib
0x000000000c341000 	/usr/lib/libxar.1.dylib
0x000000000c341000 	/usr/lib/libpam.2.dylib
0x000000000c341000 	/usr/lib/libOpenScriptingUtil.dylib
0x000000000c341000 	/System/Library/Frameworks/CoreServices.framework/Versions/A/Frameworks/FSEvents.framework/Versions/A/FSEvents
0x000000000c341000 	/System/Library/Frameworks/CoreServices.framework/Versions/A/Frameworks/CarbonCore.framework/Versions/A/CarbonCore
0x000000000c341000 	/System/Library/Frameworks/CoreServices.framework/Versions/A/Frameworks/Metadata.framework/Versions/A/Metadata
0x000000000c341000 	/System/Library/Frameworks/CoreServices.framework/Versions/A/Frameworks/OSServices.framework/Versions/A/OSServices
0x000000000c341000 	/System/Library/Frameworks/CoreServices.framework/Versions/A/Frameworks/SearchKit.framework/Versions/A/SearchKit
0x000000000c341000 	/System/Library/Frameworks/CoreServices.framework/Versions/A/Frameworks/AE.framework/Versions/A/AE
0x000000000c341000 	/System/Library/Frameworks/CoreServices.framework/Versions/A/Frameworks/LaunchServices.framework/Versions/A/LaunchServices
0x000000000c341000 	/System/Library/Frameworks/CoreServices.framework/Versions/A/Frameworks/DictionaryServices.framework/Versions/A/DictionaryServices
0x000000000c341000 	/System/Library/Frameworks/NetFS.framework/Versions/A/NetFS
0x000000000c341000 	/System/Library/PrivateFrameworks/NetAuth.framework/Versions/A/NetAuth
0x000000000c341000 	/System/Library/PrivateFrameworks/login.framework/Versions/A/Frameworks/loginsupport.framework/Versions/A/loginsupport
0x000000000c341000 	/System/Library/PrivateFrameworks/TCC.framework/Versions/A/TCC
0x000000000c341000 	/usr/lib/libmecabra.dylib
0x000000000c341000 	/System/Library/Frameworks/ApplicationServices.framework/Versions/A/Frameworks/ATS.framework/Versions/A/ATS
0x000000000c341000 	/System/Library/Frameworks/ApplicationServices.framework/Versions/A/Frameworks/ColorSync.framework/Versions/A/ColorSync
0x000000000c341000 	/System/Library/Frameworks/ApplicationServices.framework/Versions/A/Frameworks/HIServices.framework/Versions/A/HIServices
0x000000000c341000 	/System/Library/Frameworks/ApplicationServices.framework/Versions/A/Frameworks/LangAnalysis.framework/Versions/A/LangAnalysis
0x000000000c341000 	/System/Library/Frameworks/ApplicationServices.framework/Versions/A/Frameworks/PrintCore.framework/Versions/A/PrintCore
0x000000000c341000 	/System/Library/Frameworks/ApplicationServices.framework/Versions/A/Frameworks/QD.framework/Versions/A/QD
0x000000000c341000 	/System/Library/Frameworks/ApplicationServices.framework/Versions/A/Frameworks/SpeechSynthesis.framework/Versions/A/SpeechSynthesis
0x000000000c341000 	/System/Library/Frameworks/Accelerate.framework/Versions/A/Accelerate
0x000000000c341000 	/System/Library/Frameworks/Accelerate.framework/Versions/A/Frameworks/vImage.framework/Versions/A/vImage
0x000000000c341000 	/System/Library/Frameworks/Accelerate.framework/Versions/A/Frameworks/vecLib.framework/Versions/A/vecLib
0x000000000c341000 	/System/Library/Frameworks/Accelerate.framework/Versions/A/Frameworks/vecLib.framework/Versions/A/libvDSP.dylib
0x000000000c341000 	/System/Library/Frameworks/Accelerate.framework/Versions/A/Frameworks/vecLib.framework/Versions/A/libvMisc.dylib
0x000000000c341000 	/System/Library/Frameworks/Accelerate.framework/Versions/A/Frameworks/vecLib.framework/Versions/A/libLAPACK.dylib
0x000000000c341000 	/System/Library/Frameworks/Accelerate.framework/Versions/A/Frameworks/vecLib.framework/Versions/A/libBLAS.dylib
0x000000000c341000 	/System/Library/Frameworks/Accelerate.framework/Versions/A/Frameworks/vecLib.framework/Versions/A/libLinearAlgebra.dylib
0x000000000c341000 	/System/Library/Frameworks/ApplicationServices.framework/Versions/A/Frameworks/ATS.framework/Versions/A/Resources/libFontParser.dylib
0x000000000c341000 	/System/Library/Frameworks/ApplicationServices.framework/Versions/A/Frameworks/ATS.framework/Versions/A/Resources/libFontRegistry.dylib
0x000000000c341000 	/System/Library/PrivateFrameworks/AppleVPA.framework/Versions/A/AppleVPA
0x000000000c341000 	/System/Library/PrivateFrameworks/AppleJPEG.framework/Versions/A/AppleJPEG
0x000000000c341000 	/System/Library/Frameworks/ImageIO.framework/Versions/A/Resources/libJPEG.dylib
0x000000000c341000 	/System/Library/Frameworks/ImageIO.framework/Versions/A/Resources/libTIFF.dylib
0x000000000c341000 	/System/Library/Frameworks/ImageIO.framework/Versions/A/Resources/libPng.dylib
0x000000000c341000 	/System/Library/Frameworks/ImageIO.framework/Versions/A/Resources/libGIF.dylib
0x000000000c341000 	/System/Library/Frameworks/ImageIO.framework/Versions/A/Resources/libJP2.dylib
0x000000000c341000 	/System/Library/Frameworks/ImageIO.framework/Versions/A/Resources/libRadiance.dylib
0x000000000c341000 	/System/Library/Frameworks/CoreVideo.framework/Versions/A/CoreVideo
0x000000000c341000 	/System/Library/Frameworks/OpenGL.framework/Versions/A/Libraries/libGLU.dylib
0x000000000c341000 	/System/Library/Frameworks/OpenGL.framework/Versions/A/Libraries/libGFXShared.dylib
0x000000000c341000 	/System/Library/Frameworks/OpenGL.framework/Versions/A/Libraries/libGL.dylib
0x000000000c341000 	/System/Library/Frameworks/OpenGL.framework/Versions/A/Libraries/libGLImage.dylib
0x000000000c341000 	/System/Library/Frameworks/OpenGL.framework/Versions/A/Libraries/libCVMSPluginSupport.dylib
0x000000000c341000 	/System/Library/Frameworks/OpenGL.framework/Versions/A/Libraries/libCoreVMClient.dylib
0x000000000c341000 	/usr/lib/libcups.2.dylib
0x000000000c341000 	/System/Library/Frameworks/Kerberos.framework/Versions/A/Kerberos
0x000000000c341000 	/System/Library/Frameworks/GSS.framework/Versions/A/GSS
0x000000000c341000 	/usr/lib/libresolv.9.dylib
0x000000000c341000 	/usr/lib/libiconv.2.dylib
0x000000000c341000 	/System/Library/PrivateFrameworks/Heimdal.framework/Versions/A/Heimdal
0x000000000c341000 	/usr/lib/libheimdal-asn1.dylib
0x000000000c341000 	/System/Library/Frameworks/OpenDirectory.framework/Versions/A/OpenDirectory
0x000000000c341000 	/System/Library/PrivateFrameworks/CommonAuth.framework/Versions/A/CommonAuth
0x000000000c341000 	/System/Library/Frameworks/OpenDirectory.framework/Versions/A/Frameworks/CFOpenDirectory.framework/Versions/A/CFOpenDirectory
0x000000000c341000 	/System/Library/Frameworks/SecurityFoundation.framework/Versions/A/SecurityFoundation
0x000000000c341000 	/System/Library/PrivateFrameworks/LanguageModeling.framework/Versions/A/LanguageModeling
0x000000000c341000 	/usr/lib/libcmph.dylib
0x000000000c341000 	/System/Library/Frameworks/ServiceManagement.framework/Versions/A/ServiceManagement
0x000000000c341000 	/usr/lib/libxslt.1.dylib
0x000000000c341000 	/System/Library/Frameworks/Carbon.framework/Versions/A/Frameworks/Ink.framework/Versions/A/Ink
0x000000000c341000 	/System/Library/Frameworks/QuartzCore.framework/Versions/A/Frameworks/CoreImage.framework/Versions/A/CoreImage
0x000000000c341000 	/System/Library/PrivateFrameworks/CrashReporterSupport.framework/Versions/A/CrashReporterSupport
0x000000000c341000 	/System/Library/Frameworks/OpenCL.framework/Versions/A/OpenCL
0x000000000c341000 	/System/Library/PrivateFrameworks/FaceCore.framework/Versions/A/FaceCore
0x000000000c341000 	/System/Library/PrivateFrameworks/Ubiquity.framework/Versions/A/Ubiquity
0x000000000c341000 	/System/Library/PrivateFrameworks/IconServices.framework/Versions/A/IconServices
0x000000000c341000 	/System/Library/PrivateFrameworks/ChunkingLibrary.framework/Versions/A/ChunkingLibrary
0x000000000c341000 	/System/Library/PrivateFrameworks/Apple80211.framework/Versions/A/Apple80211
0x000000000c341000 	/System/Library/Frameworks/CoreWLAN.framework/Versions/A/CoreWLAN
0x000000000c341000 	/System/Library/Frameworks/IOBluetooth.framework/Versions/A/IOBluetooth
0x000000000c341000 	/System/Library/PrivateFrameworks/CoreWiFi.framework/Versions/A/CoreWiFi
0x000000000c341000 	/System/Library/Frameworks/CoreBluetooth.framework/Versions/A/CoreBluetooth
0x000000000c341000 	/System/Library/PrivateFrameworks/DebugSymbols.framework/Versions/A/DebugSymbols
0x000000000c341000 	/System/Library/PrivateFrameworks/CoreSymbolication.framework/Versions/A/CoreSymbolication
0x000000000c341000 	/System/Library/PrivateFrameworks/Symbolication.framework/Versions/A/Symbolication
0x000000000c341000 	/System/Library/PrivateFrameworks/SpeechRecognitionCore.framework/Versions/A/SpeechRecognitionCore
0x000000010627f000 	/Library/Java/JavaVirtualMachines/jdk1.8.0_45.jdk/Contents/Home/jre/lib/server/libjvm.dylib
0x000000000c341000 	/usr/lib/libstdc++.6.dylib
0x00000001072eb000 	/Library/Java/JavaVirtualMachines/jdk1.8.0_45.jdk/Contents/Home/jre/lib/libverify.dylib
0x00000001072f9000 	/Library/Java/JavaVirtualMachines/jdk1.8.0_45.jdk/Contents/Home/jre/lib/libjava.dylib
0x000000010734f000 	/Library/Java/JavaVirtualMachines/jdk1.8.0_45.jdk/Contents/Home/jre/lib/libzip.dylib
0x000000012717c000 	/System/Library/Frameworks/JavaVM.framework/Frameworks/JavaRuntimeSupport.framework/JavaRuntimeSupport
0x0000000127194000 	/System/Library/Frameworks/JavaVM.framework/Versions/A/Frameworks/JavaNativeFoundation.framework/Versions/A/JavaNativeFoundation
0x00000001271a9000 	/System/Library/Frameworks/JavaVM.framework/Versions/A/JavaVM
0x000000000c341000 	/System/Library/Frameworks/Carbon.framework/Versions/A/Carbon
0x00000001271b6000 	/System/Library/PrivateFrameworks/JavaLaunching.framework/Versions/A/JavaLaunching
0x000000000c341000 	/System/Library/Frameworks/Carbon.framework/Versions/A/Frameworks/CommonPanels.framework/Versions/A/CommonPanels
0x000000000c341000 	/System/Library/Frameworks/Carbon.framework/Versions/A/Frameworks/Help.framework/Versions/A/Help
0x000000000c341000 	/System/Library/Frameworks/Carbon.framework/Versions/A/Frameworks/ImageCapture.framework/Versions/A/ImageCapture
0x000000000c341000 	/System/Library/Frameworks/Carbon.framework/Versions/A/Frameworks/OpenScripting.framework/Versions/A/OpenScripting
0x000000000c341000 	/System/Library/Frameworks/Carbon.framework/Versions/A/Frameworks/Print.framework/Versions/A/Print
0x000000000c341000 	/System/Library/Frameworks/Carbon.framework/Versions/A/Frameworks/SecurityHI.framework/Versions/A/SecurityHI
0x000000012920d000 	/Applications/IntelliJ IDEA 14 CE.app/Contents/bin/libbreakgen64.jnilib
0x0000000129313000 	/Library/Java/JavaVirtualMachines/jdk1.8.0_45.jdk/Contents/Home/jre/lib/libnet.dylib
0x0000000129372000 	/Library/Java/JavaVirtualMachines/jdk1.8.0_45.jdk/Contents/Home/jre/lib/libawt.dylib
0x000000012941a000 	/Library/Java/JavaVirtualMachines/jdk1.8.0_45.jdk/Contents/Home/jre/lib/./libmlib_image.dylib
0x00000001294e6000 	/Library/Java/JavaVirtualMachines/jdk1.8.0_45.jdk/Contents/Home/jre/lib/libawt_lwawt.dylib
0x000000012959a000 	/Library/Java/JavaVirtualMachines/jdk1.8.0_45.jdk/Contents/Home/jre/lib/./libosxapp.dylib
0x000000000c341000 	/System/Library/Frameworks/ExceptionHandling.framework/Versions/A/ExceptionHandling
0x000000000c341000 	/System/Library/PrivateFrameworks/CoreServicesInternal.framework/Versions/A/CoreServicesInternal
0x000000000c341000 	/System/Library/PrivateFrameworks/CloudDocs.framework/Versions/A/CloudDocs
0x000000000c341000 	/System/Library/PrivateFrameworks/CoreDuet.framework/Versions/A/CoreDuet
0x000000000c341000 	/System/Library/Frameworks/CloudKit.framework/Versions/A/CloudKit
0x000000000c341000 	/System/Library/PrivateFrameworks/ProtocolBuffer.framework/Versions/A/ProtocolBuffer
0x000000000c341000 	/System/Library/PrivateFrameworks/CoreDuetDaemonProtocol.framework/Versions/A/CoreDuetDaemonProtocol
0x000000000c341000 	/System/Library/PrivateFrameworks/CoreDuetDebugLogging.framework/Versions/A/CoreDuetDebugLogging
0x000000000c341000 	/System/Library/PrivateFrameworks/MMCS.framework/Versions/A/MMCS
0x000000000c341000 	/System/Library/Frameworks/CoreLocation.framework/Versions/A/CoreLocation
0x000000000c341000 	/System/Library/PrivateFrameworks/ProtectedCloudStorage.framework/Versions/A/ProtectedCloudStorage
0x000000000c341000 	/System/Library/PrivateFrameworks/GeoServices.framework/Versions/A/GeoServices
0x000000000c341000 	/System/Library/Frameworks/CoreGraphics.framework/Versions/A/Resources/libCGCMS.A.dylib
0x000000000c341000 	/System/Library/Frameworks/CoreGraphics.framework/Versions/A/Resources/libRIP.A.dylib
0x000000000c341000 	/System/Library/Frameworks/CoreGraphics.framework/Versions/A/Resources/libCGXType.A.dylib
0x000000000c341000 	/System/Library/Frameworks/OpenCL.framework/Versions/A/Libraries/libcldcpuengine.dylib
0x000000000c341000 	/System/Library/PrivateFrameworks/DiskImages.framework/Versions/A/DiskImages
0x000000000c341000 	/System/Library/Frameworks/DiscRecording.framework/Versions/A/DiscRecording
0x000000000c341000 	/usr/lib/libcsfde.dylib
0x000000000c341000 	/usr/lib/libcurl.4.dylib
0x000000000c341000 	/System/Library/PrivateFrameworks/MediaKit.framework/Versions/A/MediaKit
0x000000000c341000 	/usr/lib/libCoreStorage.dylib
0x000000000c341000 	/System/Library/PrivateFrameworks/EFILogin.framework/Versions/A/EFILogin
0x000000000c341000 	/usr/lib/libutil.dylib
0x000000000c341000 	/System/Library/PrivateFrameworks/FindMyDevice.framework/Versions/A/FindMyDevice
0x000000000c341000 	/System/Library/Frameworks/LDAP.framework/Versions/A/LDAP
0x000000000c341000 	/usr/lib/libsasl2.2.dylib
0x000000000c341000 	/System/Library/PrivateFrameworks/CoreDaemon.framework/Versions/B/CoreDaemon
0x000000000c341000 	/usr/lib/libcrypto.0.9.8.dylib
0x000000000c341000 	/System/Library/PrivateFrameworks/AppleSRP.framework/Versions/A/AppleSRP
0x000000000c341000 	/System/Library/PrivateFrameworks/TrustEvaluationAgent.framework/Versions/A/TrustEvaluationAgent
0x000000012c52c000 	cl_kernels
0x000000012c52e000 	/System/Library/Frameworks/OpenCL.framework/Versions/A/Libraries/ImageFormats/unorm8_bgra.dylib
0x000000012c51d000 	cl_kernels
0x000000000c341000 	/System/Library/PrivateFrameworks/FamilyControls.framework/Versions/A/FamilyControls
0x000000000c341000 	/System/Library/PrivateFrameworks/CommerceKit.framework/Versions/A/Frameworks/CommerceCore.framework/Versions/A/CommerceCore
0x000000000c341000 	/System/Library/PrivateFrameworks/SystemAdministration.framework/Versions/A/SystemAdministration
0x000000000c341000 	/System/Library/PrivateFrameworks/AppContainer.framework/Versions/A/AppContainer
0x000000000c341000 	/System/Library/PrivateFrameworks/SecCodeWrapper.framework/Versions/A/SecCodeWrapper
0x000000000c341000 	/System/Library/Frameworks/DirectoryService.framework/Versions/A/DirectoryService
0x000000000c341000 	/System/Library/PrivateFrameworks/LoginUIKit.framework/Versions/A/Frameworks/LoginUICore.framework/Versions/A/LoginUICore
0x000000000c341000 	/usr/lib/libodfde.dylib
0x000000000c341000 	/System/Library/Frameworks/OpenGL.framework/Versions/A/Resources/GLEngine.bundle/GLEngine
0x000000000c341000 	/System/Library/Frameworks/OpenGL.framework/Versions/A/Libraries/libGLProgrammability.dylib
0x0000000000000000 	/System/Library/Extensions/GeForceGLDriver.bundle/Contents/MacOS/GeForceGLDriver
0x000000000c341000 	/System/Library/Extensions/GeForceGLDriver.bundle/Contents/MacOS/libclh.dylib
0x000000000c341000 	/System/Library/PrivateFrameworks/IOAccelerator.framework/Versions/A/IOAccelerator
0x000000000c341000 	/System/Library/PrivateFrameworks/GPUSupport.framework/Versions/A/Libraries/libGPUSupportMercury.dylib
0x000000000c341000 	/System/Library/Frameworks/OpenGL.framework/Versions/A/Resources/GLRendererFloat.bundle/GLRendererFloat
0x000000012ede7000 	/Library/Java/JavaVirtualMachines/jdk1.8.0_45.jdk/Contents/Home/jre/lib/libfontmanager.dylib
0x000000012ee4e000 	/Library/Java/JavaVirtualMachines/jdk1.8.0_45.jdk/Contents/Home/jre/lib/libosxui.dylib
0x000000013015b000 	/Library/Java/JavaVirtualMachines/jdk1.8.0_45.jdk/Contents/Home/jre/lib/libnio.dylib
0x0000000136db6000 	/Library/Java/JavaVirtualMachines/jdk1.8.0_45.jdk/Contents/Home/jre/lib/libosx.dylib
0x000000000c341000 	/System/Library/Frameworks/Accelerate.framework/Versions/A/Frameworks/vImage.framework/Versions/A/Libraries/libCGInterfaces.dylib
0x000000013acf6000 	/Library/Java/JavaVirtualMachines/jdk1.8.0_45.jdk/Contents/Home/jre/lib/libdcpr.dylib
0x000000013a361000 	/Library/Java/JavaVirtualMachines/jdk1.8.0_45.jdk/Contents/Home/jre/lib/libsunec.dylib
0x000000000c341000 	/System/Library/PrivateFrameworks/Shortcut.framework/Versions/A/Shortcut
0x000000000c341000 	/System/Library/PrivateFrameworks/HelpData.framework/Versions/A/HelpData
0x000000000c341000 	/usr/lib/libtidy.A.dylib

VM Arguments:
jvm_args: -Didea.launcher.port=7537 -Didea.launcher.bin.path=/Applications/IntelliJ IDEA 14 CE.app/Contents/bin -Dfile.encoding=UTF-8 
java_command: com.intellij.rt.execution.application.AppMain OkcApp
java_class_path (initial): /Library/Java/JavaVirtualMachines/jdk1.8.0_45.jdk/Contents/Home/lib/ant-javafx.jar:/Library/Java/JavaVirtualMachines/jdk1.8.0_45.jdk/Contents/Home/lib/dt.jar:/Library/Java/JavaVirtualMachines/jdk1.8.0_45.jdk/Contents/Home/lib/javafx-mx.jar:/Library/Java/JavaVirtualMachines/jdk1.8.0_45.jdk/Contents/Home/lib/jconsole.jar:/Library/Java/JavaVirtualMachines/jdk1.8.0_45.jdk/Contents/Home/lib/packager.jar:/Library/Java/JavaVirtualMachines/jdk1.8.0_45.jdk/Contents/Home/lib/sa-jdi.jar:/Library/Java/JavaVirtualMachines/jdk1.8.0_45.jdk/Contents/Home/lib/tools.jar:/Library/Java/JavaVirtualMachines/jdk1.8.0_45.jdk/Contents/Home/jre/lib/charsets.jar:/Library/Java/JavaVirtualMachines/jdk1.8.0_45.jdk/Contents/Home/jre/lib/deploy.jar:/Library/Java/JavaVirtualMachines/jdk1.8.0_45.jdk/Contents/Home/jre/lib/javaws.jar:/Library/Java/JavaVirtualMachines/jdk1.8.0_45.jdk/Contents/Home/jre/lib/jce.jar:/Library/Java/JavaVirtualMachines/jdk1.8.0_45.jdk/Contents/Home/jre/lib/jfr.jar:/Library/Java/JavaVirtualMachines/jdk1.8.0_45.jdk/Contents/Home/jre/lib/jfxswt.jar:/Library/Java/JavaVirtualMachines/jdk1.8.0_45.jdk/Contents/Home/jre/lib/jsse.jar:/Library/Java/JavaVirtualMachines/jdk1.8.0_45.jdk/Contents/Home/jre/lib/management-agent.jar:/Library/Java/JavaVirtualMachines/jdk1.8.0_45.jdk/Contents/Home/jre/lib/plugin.jar:/Library/Java/JavaVirtualMachines/jdk1.8.0_45.jdk/Contents/Home/jre/lib/resources.jar:/Library/Java/JavaVirtualMachines/jdk1.8.0_45.jdk/Contents/Home/jre/lib/rt.jar:/Library/Java/JavaVirtualMachines/jdk1.8.0_45.jdk/Contents/Home/jre/lib/ext/cldrdata.jar:/Library/Java/JavaVirtualMachines/jdk1.8.0_45.jdk/Contents/Home/jre/lib/ext/dnsns.jar:/Library/Java/JavaVirtualMachines/jdk1.8.0_45.jdk/Contents/Home/jre/lib/ext/jfxrt.jar:/Library/Java/JavaVirtualMachines/jdk1.8.0_45.jdk/Contents/Home/jre/lib/ext/localedata.jar:/Library/Java/JavaVirtualMachines/jdk1.8.0_45.jdk/Contents/Home/jre/lib/ext/nashorn.jar:/Library/Java/JavaVirtualMachines/jdk1.8.0_45.jdk/Conten
Launcher Type: SUN_STANDARD

Environment Variables:
PATH=/usr/local/mysql/bin:/usr/local/bin:/usr/bin:/bin:/usr/sbin:/sbin:/opt/X11/bin
SHELL=/bin/bash
DISPLAY=/private/tmp/com.apple.launchd.78xw8bvORV/org.macosforge.xquartz:0

Signal Handlers:
SIGSEGV: [libjvm.dylib+0x58ef95], sa_mask[0]=11111111011111110111111111111111, sa_flags=SA_ONSTACK|SA_RESTART|SA_SIGINFO
SIGBUS: [libjvm.dylib+0x58ef95], sa_mask[0]=11111111011111110111111111111111, sa_flags=SA_RESTART|SA_SIGINFO
SIGFPE: [libjvm.dylib+0x46c108], sa_mask[0]=11111111011111110111111111111111, sa_flags=SA_RESTART|SA_SIGINFO
SIGPIPE: [libjvm.dylib+0x46c108], sa_mask[0]=11111111011111110111111111111111, sa_flags=SA_RESTART|SA_SIGINFO
SIGXFSZ: [libjvm.dylib+0x46c108], sa_mask[0]=11111111011111110111111111111111, sa_flags=SA_RESTART|SA_SIGINFO
SIGILL: [libjvm.dylib+0x46c108], sa_mask[0]=11111111011111110111111111111111, sa_flags=SA_RESTART|SA_SIGINFO
SIGUSR1: SIG_DFL, sa_mask[0]=00000000000000000000000000000000, sa_flags=none
SIGUSR2: [libjvm.dylib+0x46bc26], sa_mask[0]=00100000000000000000000000000000, sa_flags=SA_RESTART|SA_SIGINFO
SIGHUP: [libjvm.dylib+0x46a1f9], sa_mask[0]=11111111011111110111111111111111, sa_flags=SA_RESTART|SA_SIGINFO
SIGINT: [libjvm.dylib+0x46a1f9], sa_mask[0]=11111111011111110111111111111111, sa_flags=SA_RESTART|SA_SIGINFO
SIGTERM: [libjvm.dylib+0x46a1f9], sa_mask[0]=11111111011111110111111111111111, sa_flags=SA_RESTART|SA_SIGINFO
SIGQUIT: [libjvm.dylib+0x46a1f9], sa_mask[0]=11111111011111110111111111111111, sa_flags=SA_RESTART|SA_SIGINFO


---------------  S Y S T E M  ---------------

OS:Bsduname:Darwin 14.5.0 Darwin Kernel Version 14.5.0: Wed Jul 29 02:26:53 PDT 2015; root:xnu-2782.40.9~1/RELEASE_X86_64 x86_64
rlimit: STACK 8192k, CORE 0k, NPROC 709, NOFILE 10240, AS infinity
load average:3.44 3.21 3.58

CPU:total 4 (4 cores per cpu, 1 threads per core) family 6 model 60 stepping 3, cmov, cx8, fxsr, mmx, sse, sse2, sse3, ssse3, sse4.1, sse4.2, popcnt, avx, avx2, aes, clmul, erms, rtm, lzcnt, tsc, tscinvbit, bmi1, bmi2

Memory: 4k page, physical 25165824k(590956k free)

/proc/meminfo:


vm_info: Java HotSpot(TM) 64-Bit Server VM (25.45-b02) for bsd-amd64 JRE (1.8.0_45-b14), built on Apr 10 2015 10:46:38 by "java_re" with gcc 4.2.1 (Based on Apple Inc. build 5658) (LLVM build 2336.11.00)

time: Thu Oct  1 15:05:30 2015
elapsed time: 105470 seconds (1d 5h 17m 50s)

